<?xml version="1.0" encoding="UTF-8" ?>
<testsuite errors="0" failures="0" hostname="kamkin" name="ru.ispras.microtesk.translator.mmu.GeneralTestCase" skipped="0" tests="1" time="0.251" timestamp="2015-06-22T11:35:57">
  <properties>
[...]
</properties>
  <testcase classname="ru.ispras.microtesk.translator.mmu.GeneralTestCase" name="test" time="0.25" />
  <system-out><![CDATA[Translating: ./src/test/mmu/general.mmu
Model name: general

Mmu Ir:
 addresses={VA=address VA[type [size=64, fields={}]], PA=address PA[type [size=36, fields={}]]}
 segments={USEG=segment USEG(va: VA=type [size=64, fields={}]) range = (0x0, 0x7FFFFFFF), XUSEG=segment XUSEG(va: VA=type [size=64, fields={}]) range = (0x80000000, 0xFFFFFFFFFF), SUSEG=segment SUSEG(va: VA=type [size=64, fields={}]) range = (0x0, 0x7FFFFFFF), XSUSEG=segment XSUSEG(va: VA=type [size=64, fields={}]) range = (0x80000000, 0xFFFFFFFFFF), XSSEG=segment XSSEG(va: VA=type [size=64, fields={}]) range = (0x4000000000000000, 0x400000FFFFFFFFFF), CSSEG=segment CSSEG(va: VA=type [size=64, fields={}]) range = (0xFFFFFFFFC0000000, 0xFFFFFFFFDFFFFFFF), KUSEG=segment KUSEG(va: VA=type [size=64, fields={}]) range = (0x0, 0x7FFFFFFF), XKUSEG=segment XKUSEG(va: VA=type [size=64, fields={}]) range = (0x80000000, 0xFFFFFFFFFF), XKSSEG=segment XKSSEG(va: VA=type [size=64, fields={}]) range = (0x4000000000000000, 0x400000FFFFFFFFFF), XKSEG=segment XKSEG(va: VA=type [size=64, fields={}]) range = (0xC000000000000000, 0xC00000FF7FFFFFFF), CKSSEG=segment CKSSEG(va: VA=type [size=64, fields={}]) range = (0xFFFFFFFFC0000000, 0xFFFFFFFFDFFFFFFF), CKSEG3=segment CKSEG3(va: VA=type [size=64, fields={}]) range = (0xFFFFFFFFE0000000, 0xFFFFFFFFFFFFFFFF)}
 buffers={JTLB=buffer JTLB(va: VA=type [size=64, fields={}]) = {ways=64, sets=1, entry=type [size=24, fields={ASID=field ASID(8, [0..7]), VPN2=field VPN2(27, [8..34]), R=field R(2, [35..36]), G0=field G0(1, [37..37]), V0=field V0(1, [38..38]), D0=field D0(1, [39..39]), C0=field C0(3, [40..42]), PFN0=field PFN0(24, [43..66]), G1=field G1(1, [67..67]), V1=field V1(1, [68..68]), D1=field D1(1, [69..69]), C1=field C1(3, [70..72]), PFN1=field PFN1(24, [73..96])}], index=0, match=(EQ entry.VPN2 (BVEXTRACT 39 13 va)), policy=NONE}, DTLB=buffer DTLB(va: VA=type [size=64, fields={}]) = {ways=4, sets=1, entry=type [size=24, fields={ASID=field ASID(8, [0..7]), VPN2=field VPN2(27, [8..34]), R=field R(2, [35..36]), G0=field G0(1, [37..37]), V0=field V0(1, [38..38]), D0=field D0(1, [39..39]), C0=field C0(3, [40..42]), PFN0=field PFN0(24, [43..66]), G1=field G1(1, [67..67]), V1=field V1(1, [68..68]), D1=field D1(1, [69..69]), C1=field C1(3, [70..72]), PFN1=field PFN1(24, [73..96])}], index=0, match=(EQ entry.VPN2 (BVEXTRACT 39 13 va)), policy=PLRU}, L1=buffer L1(pa: PA=type [size=36, fields={}]) = {ways=4, sets=128, entry=type [size=256, fields={V=field V(1, [0..0], 0x00), TAG=field TAG(24, [1..24], 0x000000), DATA=field DATA(256, [25..280], 0x0000000000000000000000000000000000000000000000000000000000000000)}], index=(BVEXTRACT 11 5 pa), match=(AND (EQ entry.V 1) (EQ entry.TAG (BVEXTRACT 35 12 pa))), policy=PLRU}, L2=buffer L2(pa: PA=type [size=36, fields={}]) = {ways=4, sets=4096, entry=type [size=256, fields={V=field V(1, [0..0], 0x00), TAG=field TAG(19, [1..19], 0x000000), DATA=field DATA(256, [20..275], 0x0000000000000000000000000000000000000000000000000000000000000000)}], index=(BVEXTRACT 16 5 pa), match=(AND (EQ entry.V 1) (EQ entry.TAG (BVEXTRACT 35 17 pa))), policy=PLRU}, Memory=buffer Memory(pa: PA=type [size=36, fields={}]) = {ways=1, sets=1, entry=type [size=256, fields={DATA=field DATA(256, [0..255])}], index=(BVEXTRACT 63 5 pa), match=0, policy=NONE}}
 memories={pmem=mmu pmem(va: VA=type [size=64, fields={}])=(data: type [size=64, fields={}]) [vars={tlbEntry=tlbEntry: JTLB.entry=type [size=24, fields={ASID=field ASID(8, [0..7]), VPN2=field VPN2(27, [8..34]), R=field R(2, [35..36]), G0=field G0(1, [37..37]), V0=field V0(1, [38..38]), D0=field D0(1, [39..39]), C0=field C0(3, [40..42]), PFN0=field PFN0(24, [43..66]), G1=field G1(1, [67..67]), V1=field V1(1, [68..68]), D1=field D1(1, [69..69]), C1=field C1(3, [70..72]), PFN1=field PFN1(24, [73..96])}], l1Entry=l1Entry: L1.entry=type [size=256, fields={V=field V(1, [0..0], 0x00), TAG=field TAG(24, [1..24], 0x000000), DATA=field DATA(256, [25..280], 0x0000000000000000000000000000000000000000000000000000000000000000)}], l2Entry=l2Entry: L2.entry=type [size=256, fields={V=field V(1, [0..0], 0x00), TAG=field TAG(19, [1..19], 0x000000), DATA=field DATA(256, [20..275], 0x0000000000000000000000000000000000000000000000000000000000000000)}], evenOddBit=evenOddBit: type [size=5, fields={}], g=g: type [size=1, fields={}], v=v: type [size=1, fields={}], d=d: type [size=1, fields={}], c=c: type [size=3, fields={}], pfn=pfn: type [size=24, fields={}], pa=pa: PA=type [size=36, fields={}], cacheData=cacheData: type [size=256, fields={}]}, attributes=[attribute read = [StmtIf [if=[<(NOTEQ (BVEXTRACT 0 2 va) 0), [stmt exception["AddressError"]]]]><![CDATA[>], else=[]], stmt assign[c = 3], StmtIf [if=[<USEG(va).hit, [StmtIf [if=[<DTLB(va).hit, [stmt assign[tlbEntry = DTLB(va).read]]]]><![CDATA[>, <JTLB(va).hit, [stmt assign[tlbEntry = JTLB(va).read]]]]><![CDATA[>], else=[stmt exception["TLBMiss"]]], stmt assign[evenOddBit = 12], StmtIf [if=[<(EQ (BVEXTRACT 12 12 va) 0), [stmt assign[g = tlbEntry.G0], stmt assign[v = tlbEntry.V0], stmt assign[d = tlbEntry.D0], stmt assign[c = tlbEntry.C0], stmt assign[pfn = tlbEntry.PFN0]]]]><![CDATA[>], else=[stmt assign[g = tlbEntry.G1], stmt assign[v = tlbEntry.V1], stmt assign[d = tlbEntry.D1], stmt assign[c = tlbEntry.C1], stmt assign[pfn = tlbEntry.PFN1]]], StmtIf [if=[<(EQ v 1), [stmt assign[pa = (BVCONCAT (BVEXTRACT 24 0 pfn) (BVEXTRACT 11 0 va))]]]]><![CDATA[>], else=[stmt exception["TLBInvalid"]]]]]]><![CDATA[>], else=[stmt assign[pa = (BVEXTRACT 28 0 va)]]], StmtIf [if=[<(NOTEQ (BVEXTRACT 1 0 c) 2), [StmtIf [if=[<L1(pa).hit, [stmt assign[l1Entry = L1(pa).read], stmt assign[cacheData = l1Entry.DATA], stmt assign[data = (BVEXTRACT (BVADD (BVMUL 01000 (BVEXTRACT 4 0 pa)) 63) (BVMUL 01000 (BVEXTRACT 4 0 pa)) cacheData)]]]]><![CDATA[>], else=[StmtIf [if=[<(EQ (BVEXTRACT 1 0 c) 3), [StmtIf [if=[<L2(pa).hit, [stmt assign[l2Entry = L2(pa).read], stmt assign[cacheData = l2Entry.DATA], stmt assign[data = (BVEXTRACT (BVADD (BVMUL 01000 (BVEXTRACT 4 0 pa)) 63) (BVMUL 01000 (BVEXTRACT 4 0 pa)) cacheData)], stmt assign[l1Entry.V = 1], stmt assign[l1Entry.TAG = (BVEXTRACT 35 12 pa)], stmt assign[l1Entry.DATA = cacheData], stmt assign[L1(pa).write = l1Entry]]]]><![CDATA[>], else=[stmt assign[cacheData = Memory(pa).read], stmt assign[data = (BVEXTRACT (BVADD (BVMUL 01000 (BVEXTRACT 4 0 pa)) 63) (BVMUL 01000 (BVEXTRACT 4 0 pa)) cacheData)], stmt assign[l2Entry.V = 1], stmt assign[l2Entry.TAG = (BVEXTRACT 35 17 pa)], stmt assign[l2Entry.DATA = cacheData], stmt assign[L2(pa).write = l2Entry], stmt assign[l1Entry.V = 1], stmt assign[l1Entry.TAG = (BVEXTRACT 35 12 pa)], stmt assign[l1Entry.DATA = cacheData], stmt assign[L1(pa).write = l1Entry]]]]]]><![CDATA[>], else=[stmt assign[cacheData = Memory(pa).read], stmt assign[data = (BVEXTRACT (BVADD (BVMUL 01000 (BVEXTRACT 4 0 pa)) 63) (BVMUL 01000 (BVEXTRACT 4 0 pa)) cacheData)], stmt assign[l1Entry.V = 1], stmt assign[l1Entry.TAG = (BVEXTRACT 35 12 pa)], stmt assign[l1Entry.DATA = cacheData], stmt assign[L1(pa).write = l1Entry]]]]]]]]><![CDATA[>], else=[stmt assign[cacheData = Memory(pa).read], stmt assign[data = (BVEXTRACT (BVADD (BVMUL 01000 (BVEXTRACT 4 0 pa)) 63) (BVMUL 01000 (BVEXTRACT 4 0 pa)) cacheData)]]]], attribute write = [StmtIf [if=[<(NOTEQ (BVEXTRACT 0 2 va) 0), [stmt exception["AddressError"]]]]><![CDATA[>], else=[]], stmt assign[c = 3], StmtIf [if=[<USEG(va).hit, [StmtIf [if=[<DTLB(va).hit, [stmt assign[tlbEntry = DTLB(va).read]]]]><![CDATA[>, <JTLB(va).hit, [stmt assign[tlbEntry = JTLB(va).read]]]]><![CDATA[>], else=[stmt exception["TLBMiss"]]], stmt assign[evenOddBit = 12], StmtIf [if=[<(EQ (BVEXTRACT 12 12 va) 0), [stmt assign[g = tlbEntry.G0], stmt assign[v = tlbEntry.V0], stmt assign[d = tlbEntry.D0], stmt assign[c = tlbEntry.C0], stmt assign[pfn = tlbEntry.PFN0]]]]><![CDATA[>], else=[stmt assign[g = tlbEntry.G1], stmt assign[v = tlbEntry.V1], stmt assign[d = tlbEntry.D1], stmt assign[c = tlbEntry.C1], stmt assign[pfn = tlbEntry.PFN1]]], StmtIf [if=[<(EQ v 1), [StmtIf [if=[<(EQ d 1), [stmt assign[pa = (BVCONCAT (BVEXTRACT 24 0 pfn) (BVEXTRACT 11 0 va))]]]]><![CDATA[>], else=[stmt exception["TLBModified"]]]]]]><![CDATA[>], else=[stmt exception["TLBInvalid"]]]]]]><![CDATA[>], else=[stmt assign[pa = (BVEXTRACT 28 0 va)]]], StmtIf [if=[<(NOTEQ (BVEXTRACT 1 0 c) 2), [StmtIf [if=[<L1(pa).hit, [stmt assign[l1Entry = L1(pa).read], stmt assign[(BVEXTRACT (BVADD (BVMUL 01000 (BVEXTRACT 4 0 pa)) 63) (BVMUL 01000 (BVEXTRACT 4 0 pa)) l1Entry.DATA) = data], stmt assign[L1(pa).write = l1Entry], stmt assign[Memory(pa).write = l1Entry.DATA]]]]><![CDATA[>], else=[StmtIf [if=[<(EQ (BVEXTRACT 1 0 c) 3), [StmtIf [if=[<L2(pa).hit, [stmt assign[l2Entry = L2(pa).read], stmt assign[(BVEXTRACT (BVADD (BVMUL 01000 (BVEXTRACT 4 0 pa)) 63) (BVMUL 01000 (BVEXTRACT 4 0 pa)) l2Entry.DATA) = data], stmt assign[L2(pa).write = l2Entry], stmt assign[l1Entry.V = 1], stmt assign[l1Entry.TAG = (BVEXTRACT 35 12 pa)], stmt assign[l1Entry.DATA = l2Entry.DATA], stmt assign[L1(pa).write = l1Entry], stmt assign[Memory(pa).write = l1Entry.DATA]]]]><![CDATA[>], else=[stmt assign[cacheData = Memory(pa).read], stmt assign[(BVEXTRACT (BVADD (BVMUL 01000 (BVEXTRACT 4 0 pa)) 63) (BVMUL 01000 (BVEXTRACT 4 0 pa)) cacheData) = data], stmt assign[Memory(pa).write = cacheData], stmt assign[l2Entry.V = 1], stmt assign[l2Entry.TAG = (BVEXTRACT 35 17 pa)], stmt assign[l2Entry.DATA = cacheData], stmt assign[L2(pa).write = l2Entry], stmt assign[l1Entry.V = 1], stmt assign[l1Entry.TAG = (BVEXTRACT 35 12 pa)], stmt assign[l1Entry.DATA = cacheData], stmt assign[L1(pa).write = l1Entry]]]]]]><![CDATA[>], else=[stmt assign[cacheData = Memory(pa).read], stmt assign[(BVEXTRACT (BVADD (BVMUL 01000 (BVEXTRACT 4 0 pa)) 63) (BVMUL 01000 (BVEXTRACT 4 0 pa)) cacheData) = data], stmt assign[Memory(pa).write = cacheData], stmt assign[l1Entry.V = 1], stmt assign[l1Entry.TAG = (BVEXTRACT 35 12 pa)], stmt assign[l1Entry.DATA = cacheData], stmt assign[L1(pa).write = l1Entry]]]]]]]]><![CDATA[>], else=[stmt assign[cacheData = Memory(pa).read], stmt assign[(BVEXTRACT (BVADD (BVMUL 01000 (BVEXTRACT 4 0 pa)) 63) (BVMUL 01000 (BVEXTRACT 4 0 pa)) cacheData) = data], stmt assign[Memory(pa).write = cacheData]]]]]]}
---------------------------------
MMU:
Addresses: 2
VA[64]
PA[36]
Start address: VA[64]

Devices: 5
    JTLB
    DTLB
    L1
    L2
    Memory

Actions: 96
Start action: ROOT
ROOT: 
    Transition: {source: ROOT -> guard:[LOAD] -> target: START}
    Transition: {source: ROOT -> guard:[STORE] -> target: START}
START: 
    Transition: {source: START -> guard:[VA[0:2]!=0] -> target: Branch_1[(NOTEQ (BVEXTRACT 0 2 va) 0)]}
    Transition: {source: START -> guard:[VA[0:2]=0] -> target: Branch_2[not (NOTEQ (BVEXTRACT 0 2 va) 0)]}
    Transition: {source: START -> guard:[VA[0:2]!=0] -> target: Branch_30[(NOTEQ (BVEXTRACT 0 2 va) 0)]}
    Transition: {source: START -> guard:[VA[0:2]=0] -> target: Branch_31[not (NOTEQ (BVEXTRACT 0 2 va) 0)]}
STOP: 
Join_0: 
    Transition: {source: Join_0 -> guard:[VA[31:63]=0] -> target: Branch_4[USEG(va).hit]}
    Transition: {source: Join_0 -> guard:[null] -> target: Branch_16[not USEG(va).hit]}
Branch_1[(NOTEQ (BVEXTRACT 0 2 va) 0)]: 
    Transition: {source: Branch_1[(NOTEQ (BVEXTRACT 0 2 va) 0)] -> guard:[null] -> target: AddressError}
AddressError: 
Branch_2[not (NOTEQ (BVEXTRACT 0 2 va) 0)]: 
    Transition: {source: Branch_2[not (NOTEQ (BVEXTRACT 0 2 va) 0)] -> guard:[null] -> target: Join_0}
Join_3: 
    Transition: {source: Join_3 -> guard:[c[1:0]!=2] -> target: Branch_18[(NOTEQ (BVEXTRACT 1 0 c) 2)]}
    Transition: {source: Join_3 -> guard:[c[1:0]=2] -> target: Branch_28[not (NOTEQ (BVEXTRACT 1 0 c) 2)]}
Branch_4[USEG(va).hit]: 
    Transition: {source: Branch_4[USEG(va).hit] -> guard:[DTLB.Event=HIT] -> target: Branch_6[DTLB(va).hit]}
    Transition: {source: Branch_4[USEG(va).hit] -> guard:[DTLB.Event=MISS] -> target: Branch_7[not DTLB(va).hit]}
Join_5: 
    Transition: {source: Join_5 -> guard:[VA[12]=0] -> target: Branch_11[(EQ (BVEXTRACT 12 12 va) 0)]}
    Transition: {source: Join_5 -> guard:[VA[12]!=0] -> target: Branch_12[not (EQ (BVEXTRACT 12 12 va) 0)]}
Branch_6[DTLB(va).hit]: 
    Transition: {source: Branch_6[DTLB(va).hit] -> guard:[null] -> target: Assignment (tlbEntry = DTLB(va).read)}
Assignment (tlbEntry = DTLB(va).read): 
    Transition: {source: Assignment (tlbEntry = DTLB(va).read) -> guard:[null] -> target: Join_34}
Branch_7[not DTLB(va).hit]: 
    Transition: {source: Branch_7[not DTLB(va).hit] -> guard:[JTLB.Event=HIT] -> target: Branch_8[JTLB(va).hit]}
    Transition: {source: Branch_7[not DTLB(va).hit] -> guard:[JTLB.Event=MISS] -> target: Branch_9[not JTLB(va).hit]}
Branch_8[JTLB(va).hit]: 
    Transition: {source: Branch_8[JTLB(va).hit] -> guard:[null] -> target: Assignment (tlbEntry = JTLB(va).read)}
Assignment (tlbEntry = JTLB(va).read): 
    Transition: {source: Assignment (tlbEntry = JTLB(va).read) -> guard:[null] -> target: Join_34}
Branch_9[not JTLB(va).hit]: 
    Transition: {source: Branch_9[not JTLB(va).hit] -> guard:[null] -> target: TLBMiss}
TLBMiss: 
Join_10: 
    Transition: {source: Join_10 -> guard:[v=1] -> target: Branch_14[(EQ v 1)]}
    Transition: {source: Join_10 -> guard:[v!=1] -> target: Branch_15[not (EQ v 1)]}
Branch_11[(EQ (BVEXTRACT 12 12 va) 0)]: 
    Transition: {source: Branch_11[(EQ (BVEXTRACT 12 12 va) 0)] -> guard:[null] -> target: Assignment (g = tlbEntry.G0)}
Assignment (g = tlbEntry.G0): 
    Transition: {source: Assignment (g = tlbEntry.G0) -> guard:[null] -> target: Assignment (v = tlbEntry.V0)}
Assignment (v = tlbEntry.V0): 
    Transition: {source: Assignment (v = tlbEntry.V0) -> guard:[null] -> target: Assignment (d = tlbEntry.D0)}
Assignment (d = tlbEntry.D0): 
    Transition: {source: Assignment (d = tlbEntry.D0) -> guard:[null] -> target: Assignment (c = tlbEntry.C0)}
Assignment (c = tlbEntry.C0): 
    Transition: {source: Assignment (c = tlbEntry.C0) -> guard:[null] -> target: Assignment (pfn = tlbEntry.PFN0)}
Assignment (pfn = tlbEntry.PFN0): 
    Transition: {source: Assignment (pfn = tlbEntry.PFN0) -> guard:[null] -> target: Join_39}
Branch_12[not (EQ (BVEXTRACT 12 12 va) 0)]: 
    Transition: {source: Branch_12[not (EQ (BVEXTRACT 12 12 va) 0)] -> guard:[null] -> target: Assignment (g = tlbEntry.G1)}
Assignment (g = tlbEntry.G1): 
    Transition: {source: Assignment (g = tlbEntry.G1) -> guard:[null] -> target: Assignment (v = tlbEntry.V1)}
Assignment (v = tlbEntry.V1): 
    Transition: {source: Assignment (v = tlbEntry.V1) -> guard:[null] -> target: Assignment (d = tlbEntry.D1)}
Assignment (d = tlbEntry.D1): 
    Transition: {source: Assignment (d = tlbEntry.D1) -> guard:[null] -> target: Assignment (c = tlbEntry.C1)}
Assignment (c = tlbEntry.C1): 
    Transition: {source: Assignment (c = tlbEntry.C1) -> guard:[null] -> target: Assignment (pfn = tlbEntry.PFN1)}
Assignment (pfn = tlbEntry.PFN1): 
    Transition: {source: Assignment (pfn = tlbEntry.PFN1) -> guard:[null] -> target: Join_39}
Join_13: 
    Transition: {source: Join_13 -> guard:[null] -> target: Join_3}
Branch_14[(EQ v 1)]: 
    Transition: {source: Branch_14[(EQ v 1)] -> guard:[null] -> target: Assignment (pa = (BVCONCAT (BVEXTRACT 24 0 pfn) (BVEXTRACT 11 0 va)))}
Assignment (pa = (BVCONCAT (BVEXTRACT 24 0 pfn) (BVEXTRACT 11 0 va))): 
    Transition: {source: Assignment (pa = (BVCONCAT (BVEXTRACT 24 0 pfn) (BVEXTRACT 11 0 va))) -> guard:[null] -> target: Join_44}
Branch_15[not (EQ v 1)]: 
    Transition: {source: Branch_15[not (EQ v 1)] -> guard:[null] -> target: TLBInvalid}
TLBInvalid: 
Branch_16[not USEG(va).hit]: 
    Transition: {source: Branch_16[not USEG(va).hit] -> guard:[null] -> target: Assignment (pa = (BVEXTRACT 28 0 va))}
Assignment (pa = (BVEXTRACT 28 0 va)): 
    Transition: {source: Assignment (pa = (BVEXTRACT 28 0 va)) -> guard:[null] -> target: Join_32}
Join_17: 
    Transition: {source: Join_17 -> guard:[null] -> target: STOP}
Branch_18[(NOTEQ (BVEXTRACT 1 0 c) 2)]: 
    Transition: {source: Branch_18[(NOTEQ (BVEXTRACT 1 0 c) 2)] -> guard:[L1.Event=HIT] -> target: Branch_20[L1(pa).hit]}
    Transition: {source: Branch_18[(NOTEQ (BVEXTRACT 1 0 c) 2)] -> guard:[L1.Event=MISS] -> target: Branch_21[not L1(pa).hit]}
Join_19: 
    Transition: {source: Join_19 -> guard:[null] -> target: Join_17}
Branch_20[L1(pa).hit]: 
    Transition: {source: Branch_20[L1(pa).hit] -> guard:[null] -> target: Assignment (l1Entry = L1(pa).read)}
Assignment (l1Entry = L1(pa).read): 
    Transition: {source: Assignment (l1Entry = L1(pa).read) -> guard:[null] -> target: Assignment (L1(pa).write = l1Entry)}
Assignment (cacheData = l1Entry.DATA): 
    Transition: {source: Assignment (cacheData = l1Entry.DATA) -> guard:[null] -> target: Join_19}
Branch_21[not L1(pa).hit]: 
    Transition: {source: Branch_21[not L1(pa).hit] -> guard:[c[1:0]=3] -> target: Branch_23[(EQ (BVEXTRACT 1 0 c) 3)]}
    Transition: {source: Branch_21[not L1(pa).hit] -> guard:[c[1:0]!=3] -> target: Branch_27[not (EQ (BVEXTRACT 1 0 c) 3)]}
Join_22: 
    Transition: {source: Join_22 -> guard:[null] -> target: Join_19}
Branch_23[(EQ (BVEXTRACT 1 0 c) 3)]: 
    Transition: {source: Branch_23[(EQ (BVEXTRACT 1 0 c) 3)] -> guard:[L2.Event=HIT] -> target: Branch_25[L2(pa).hit]}
    Transition: {source: Branch_23[(EQ (BVEXTRACT 1 0 c) 3)] -> guard:[L2.Event=MISS] -> target: Branch_26[not L2(pa).hit]}
Join_24: 
    Transition: {source: Join_24 -> guard:[null] -> target: Join_22}
Branch_25[L2(pa).hit]: 
    Transition: {source: Branch_25[L2(pa).hit] -> guard:[null] -> target: Assignment (l2Entry = L2(pa).read)}
Assignment (l2Entry = L2(pa).read): 
    Transition: {source: Assignment (l2Entry = L2(pa).read) -> guard:[null] -> target: Assignment (L2(pa).write = l2Entry)}
Assignment (cacheData = l2Entry.DATA): 
    Transition: {source: Assignment (cacheData = l2Entry.DATA) -> guard:[null] -> target: Assignment (l1Entry.TAG = (BVEXTRACT 35 12 pa))}
Assignment (l1Entry.TAG = (BVEXTRACT 35 12 pa)): 
    Transition: {source: Assignment (l1Entry.TAG = (BVEXTRACT 35 12 pa)) -> guard:[null] -> target: Assignment (l1Entry.DATA = cacheData)}
Assignment (l1Entry.DATA = cacheData): 
    Transition: {source: Assignment (l1Entry.DATA = cacheData) -> guard:[null] -> target: Assignment (L1(pa).write = l1Entry)}
Assignment (L1(pa).write = l1Entry): 
    Transition: {source: Assignment (L1(pa).write = l1Entry) -> guard:[null] -> target: Join_54}
Branch_26[not L2(pa).hit]: 
    Transition: {source: Branch_26[not L2(pa).hit] -> guard:[null] -> target: Assignment (cacheData = Memory(pa).read)}
Assignment (cacheData = Memory(pa).read): 
    Transition: {source: Assignment (cacheData = Memory(pa).read) -> guard:[null] -> target: Assignment (Memory(pa).write = cacheData)}
Assignment (l2Entry.TAG = (BVEXTRACT 35 17 pa)): 
    Transition: {source: Assignment (l2Entry.TAG = (BVEXTRACT 35 17 pa)) -> guard:[null] -> target: Assignment (l2Entry.DATA = cacheData)}
Assignment (l2Entry.DATA = cacheData): 
    Transition: {source: Assignment (l2Entry.DATA = cacheData) -> guard:[null] -> target: Assignment (L2(pa).write = l2Entry)}
Assignment (L2(pa).write = l2Entry): 
    Transition: {source: Assignment (L2(pa).write = l2Entry) -> guard:[null] -> target: Assignment (l1Entry.TAG = (BVEXTRACT 35 12 pa))}
Branch_27[not (EQ (BVEXTRACT 1 0 c) 3)]: 
    Transition: {source: Branch_27[not (EQ (BVEXTRACT 1 0 c) 3)] -> guard:[null] -> target: Assignment (cacheData = Memory(pa).read)}
Branch_28[not (NOTEQ (BVEXTRACT 1 0 c) 2)]: 
    Transition: {source: Branch_28[not (NOTEQ (BVEXTRACT 1 0 c) 2)] -> guard:[null] -> target: Assignment (cacheData = Memory(pa).read)}
Join_29: 
    Transition: {source: Join_29 -> guard:[VA[31:63]=0] -> target: Branch_33[USEG(va).hit]}
    Transition: {source: Join_29 -> guard:[null] -> target: Branch_48[not USEG(va).hit]}
Branch_30[(NOTEQ (BVEXTRACT 0 2 va) 0)]: 
    Transition: {source: Branch_30[(NOTEQ (BVEXTRACT 0 2 va) 0)] -> guard:[null] -> target: AddressError}
Branch_31[not (NOTEQ (BVEXTRACT 0 2 va) 0)]: 
    Transition: {source: Branch_31[not (NOTEQ (BVEXTRACT 0 2 va) 0)] -> guard:[null] -> target: Join_29}
Join_32: 
    Transition: {source: Join_32 -> guard:[c[1:0]!=2] -> target: Branch_50[(NOTEQ (BVEXTRACT 1 0 c) 2)]}
    Transition: {source: Join_32 -> guard:[c[1:0]=2] -> target: Branch_60[not (NOTEQ (BVEXTRACT 1 0 c) 2)]}
Branch_33[USEG(va).hit]: 
    Transition: {source: Branch_33[USEG(va).hit] -> guard:[DTLB.Event=HIT] -> target: Branch_35[DTLB(va).hit]}
    Transition: {source: Branch_33[USEG(va).hit] -> guard:[DTLB.Event=MISS] -> target: Branch_36[not DTLB(va).hit]}
Join_34: 
    Transition: {source: Join_34 -> guard:[VA[12]=0] -> target: Branch_40[(EQ (BVEXTRACT 12 12 va) 0)]}
    Transition: {source: Join_34 -> guard:[VA[12]!=0] -> target: Branch_41[not (EQ (BVEXTRACT 12 12 va) 0)]}
Branch_35[DTLB(va).hit]: 
    Transition: {source: Branch_35[DTLB(va).hit] -> guard:[null] -> target: Assignment (tlbEntry = DTLB(va).read)}
Branch_36[not DTLB(va).hit]: 
    Transition: {source: Branch_36[not DTLB(va).hit] -> guard:[JTLB.Event=HIT] -> target: Branch_37[JTLB(va).hit]}
    Transition: {source: Branch_36[not DTLB(va).hit] -> guard:[JTLB.Event=MISS] -> target: Branch_38[not JTLB(va).hit]}
Branch_37[JTLB(va).hit]: 
    Transition: {source: Branch_37[JTLB(va).hit] -> guard:[null] -> target: Assignment (tlbEntry = JTLB(va).read)}
Branch_38[not JTLB(va).hit]: 
    Transition: {source: Branch_38[not JTLB(va).hit] -> guard:[null] -> target: TLBMiss}
Join_39: 
    Transition: {source: Join_39 -> guard:[v=1] -> target: Branch_43[(EQ v 1)]}
    Transition: {source: Join_39 -> guard:[v!=1] -> target: Branch_47[not (EQ v 1)]}
Branch_40[(EQ (BVEXTRACT 12 12 va) 0)]: 
    Transition: {source: Branch_40[(EQ (BVEXTRACT 12 12 va) 0)] -> guard:[null] -> target: Assignment (g = tlbEntry.G0)}
Branch_41[not (EQ (BVEXTRACT 12 12 va) 0)]: 
    Transition: {source: Branch_41[not (EQ (BVEXTRACT 12 12 va) 0)] -> guard:[null] -> target: Assignment (g = tlbEntry.G1)}
Join_42: 
    Transition: {source: Join_42 -> guard:[null] -> target: Join_32}
Branch_43[(EQ v 1)]: 
    Transition: {source: Branch_43[(EQ v 1)] -> guard:[d=1] -> target: Branch_45[(EQ d 1)]}
    Transition: {source: Branch_43[(EQ v 1)] -> guard:[d!=1] -> target: Branch_46[not (EQ d 1)]}
Join_44: 
    Transition: {source: Join_44 -> guard:[null] -> target: Join_42}
Branch_45[(EQ d 1)]: 
    Transition: {source: Branch_45[(EQ d 1)] -> guard:[null] -> target: Assignment (pa = (BVCONCAT (BVEXTRACT 24 0 pfn) (BVEXTRACT 11 0 va)))}
Branch_46[not (EQ d 1)]: 
    Transition: {source: Branch_46[not (EQ d 1)] -> guard:[null] -> target: TLBModified}
TLBModified: 
Branch_47[not (EQ v 1)]: 
    Transition: {source: Branch_47[not (EQ v 1)] -> guard:[null] -> target: TLBInvalid}
Branch_48[not USEG(va).hit]: 
    Transition: {source: Branch_48[not USEG(va).hit] -> guard:[null] -> target: Assignment (pa = (BVEXTRACT 28 0 va))}
Join_49: 
    Transition: {source: Join_49 -> guard:[null] -> target: STOP}
Branch_50[(NOTEQ (BVEXTRACT 1 0 c) 2)]: 
    Transition: {source: Branch_50[(NOTEQ (BVEXTRACT 1 0 c) 2)] -> guard:[L1.Event=HIT] -> target: Branch_52[L1(pa).hit]}
    Transition: {source: Branch_50[(NOTEQ (BVEXTRACT 1 0 c) 2)] -> guard:[L1.Event=MISS] -> target: Branch_53[not L1(pa).hit]}
Join_51: 
    Transition: {source: Join_51 -> guard:[null] -> target: Join_49}
Branch_52[L1(pa).hit]: 
    Transition: {source: Branch_52[L1(pa).hit] -> guard:[null] -> target: Assignment (l1Entry = L1(pa).read)}
Assignment (Memory(pa).write = l1Entry.DATA): 
    Transition: {source: Assignment (Memory(pa).write = l1Entry.DATA) -> guard:[null] -> target: Join_56}
Branch_53[not L1(pa).hit]: 
    Transition: {source: Branch_53[not L1(pa).hit] -> guard:[c[1:0]=3] -> target: Branch_55[(EQ (BVEXTRACT 1 0 c) 3)]}
    Transition: {source: Branch_53[not L1(pa).hit] -> guard:[c[1:0]!=3] -> target: Branch_59[not (EQ (BVEXTRACT 1 0 c) 3)]}
Join_54: 
    Transition: {source: Join_54 -> guard:[null] -> target: Join_51}
Branch_55[(EQ (BVEXTRACT 1 0 c) 3)]: 
    Transition: {source: Branch_55[(EQ (BVEXTRACT 1 0 c) 3)] -> guard:[L2.Event=HIT] -> target: Branch_57[L2(pa).hit]}
    Transition: {source: Branch_55[(EQ (BVEXTRACT 1 0 c) 3)] -> guard:[L2.Event=MISS] -> target: Branch_58[not L2(pa).hit]}
Join_56: 
    Transition: {source: Join_56 -> guard:[null] -> target: Join_54}
Branch_57[L2(pa).hit]: 
    Transition: {source: Branch_57[L2(pa).hit] -> guard:[null] -> target: Assignment (l2Entry = L2(pa).read)}
Assignment (l1Entry.DATA = l2Entry.DATA): 
    Transition: {source: Assignment (l1Entry.DATA = l2Entry.DATA) -> guard:[null] -> target: Assignment (L1(pa).write = l1Entry)}
Branch_58[not L2(pa).hit]: 
    Transition: {source: Branch_58[not L2(pa).hit] -> guard:[null] -> target: Assignment (cacheData = Memory(pa).read)}
Assignment (Memory(pa).write = cacheData): 
    Transition: {source: Assignment (Memory(pa).write = cacheData) -> guard:[null] -> target: Join_49}
Branch_59[not (EQ (BVEXTRACT 1 0 c) 3)]: 
    Transition: {source: Branch_59[not (EQ (BVEXTRACT 1 0 c) 3)] -> guard:[null] -> target: Assignment (cacheData = Memory(pa).read)}
Branch_60[not (NOTEQ (BVEXTRACT 1 0 c) 2)]: 
    Transition: {source: Branch_60[not (NOTEQ (BVEXTRACT 1 0 c) 2)] -> guard:[null] -> target: Assignment (cacheData = Memory(pa).read)}

Mmu Ir:
 addresses={VA=address VA[type [size=64, fields={}]], PA=address PA[type [size=36, fields={}]]}
 segments={USEG=segment USEG(va: VA=type [size=64, fields={}]) range = (0x0, 0x7FFFFFFF), XUSEG=segment XUSEG(va: VA=type [size=64, fields={}]) range = (0x80000000, 0xFFFFFFFFFF), SUSEG=segment SUSEG(va: VA=type [size=64, fields={}]) range = (0x0, 0x7FFFFFFF), XSUSEG=segment XSUSEG(va: VA=type [size=64, fields={}]) range = (0x80000000, 0xFFFFFFFFFF), XSSEG=segment XSSEG(va: VA=type [size=64, fields={}]) range = (0x4000000000000000, 0x400000FFFFFFFFFF), CSSEG=segment CSSEG(va: VA=type [size=64, fields={}]) range = (0xFFFFFFFFC0000000, 0xFFFFFFFFDFFFFFFF), KUSEG=segment KUSEG(va: VA=type [size=64, fields={}]) range = (0x0, 0x7FFFFFFF), XKUSEG=segment XKUSEG(va: VA=type [size=64, fields={}]) range = (0x80000000, 0xFFFFFFFFFF), XKSSEG=segment XKSSEG(va: VA=type [size=64, fields={}]) range = (0x4000000000000000, 0x400000FFFFFFFFFF), XKSEG=segment XKSEG(va: VA=type [size=64, fields={}]) range = (0xC000000000000000, 0xC00000FF7FFFFFFF), CKSSEG=segment CKSSEG(va: VA=type [size=64, fields={}]) range = (0xFFFFFFFFC0000000, 0xFFFFFFFFDFFFFFFF), CKSEG3=segment CKSEG3(va: VA=type [size=64, fields={}]) range = (0xFFFFFFFFE0000000, 0xFFFFFFFFFFFFFFFF)}
 buffers={JTLB=buffer JTLB(va: VA=type [size=64, fields={}]) = {ways=64, sets=1, entry=type [size=24, fields={ASID=field ASID(8, [0..7]), VPN2=field VPN2(27, [8..34]), R=field R(2, [35..36]), G0=field G0(1, [37..37]), V0=field V0(1, [38..38]), D0=field D0(1, [39..39]), C0=field C0(3, [40..42]), PFN0=field PFN0(24, [43..66]), G1=field G1(1, [67..67]), V1=field V1(1, [68..68]), D1=field D1(1, [69..69]), C1=field C1(3, [70..72]), PFN1=field PFN1(24, [73..96])}], index=0, match=(EQ entry.VPN2 (BVEXTRACT 39 13 va)), policy=NONE}, DTLB=buffer DTLB(va: VA=type [size=64, fields={}]) = {ways=4, sets=1, entry=type [size=24, fields={ASID=field ASID(8, [0..7]), VPN2=field VPN2(27, [8..34]), R=field R(2, [35..36]), G0=field G0(1, [37..37]), V0=field V0(1, [38..38]), D0=field D0(1, [39..39]), C0=field C0(3, [40..42]), PFN0=field PFN0(24, [43..66]), G1=field G1(1, [67..67]), V1=field V1(1, [68..68]), D1=field D1(1, [69..69]), C1=field C1(3, [70..72]), PFN1=field PFN1(24, [73..96])}], index=0, match=(EQ entry.VPN2 (BVEXTRACT 39 13 va)), policy=PLRU}, L1=buffer L1(pa: PA=type [size=36, fields={}]) = {ways=4, sets=128, entry=type [size=256, fields={V=field V(1, [0..0], 0x00), TAG=field TAG(24, [1..24], 0x000000), DATA=field DATA(256, [25..280], 0x0000000000000000000000000000000000000000000000000000000000000000)}], index=(BVEXTRACT 11 5 pa), match=(AND (EQ entry.V 1) (EQ entry.TAG (BVEXTRACT 35 12 pa))), policy=PLRU}, L2=buffer L2(pa: PA=type [size=36, fields={}]) = {ways=4, sets=4096, entry=type [size=256, fields={V=field V(1, [0..0], 0x00), TAG=field TAG(19, [1..19], 0x000000), DATA=field DATA(256, [20..275], 0x0000000000000000000000000000000000000000000000000000000000000000)}], index=(BVEXTRACT 16 5 pa), match=(AND (EQ entry.V 1) (EQ entry.TAG (BVEXTRACT 35 17 pa))), policy=PLRU}, Memory=buffer Memory(pa: PA=type [size=36, fields={}]) = {ways=1, sets=1, entry=type [size=256, fields={DATA=field DATA(256, [0..255])}], index=(BVEXTRACT 63 5 pa), match=0, policy=NONE}}
 memories={pmem=mmu pmem(va: VA=type [size=64, fields={}])=(data: type [size=64, fields={}]) [vars={tlbEntry=tlbEntry: JTLB.entry=type [size=24, fields={ASID=field ASID(8, [0..7]), VPN2=field VPN2(27, [8..34]), R=field R(2, [35..36]), G0=field G0(1, [37..37]), V0=field V0(1, [38..38]), D0=field D0(1, [39..39]), C0=field C0(3, [40..42]), PFN0=field PFN0(24, [43..66]), G1=field G1(1, [67..67]), V1=field V1(1, [68..68]), D1=field D1(1, [69..69]), C1=field C1(3, [70..72]), PFN1=field PFN1(24, [73..96])}], l1Entry=l1Entry: L1.entry=type [size=256, fields={V=field V(1, [0..0], 0x00), TAG=field TAG(24, [1..24], 0x000000), DATA=field DATA(256, [25..280], 0x0000000000000000000000000000000000000000000000000000000000000000)}], l2Entry=l2Entry: L2.entry=type [size=256, fields={V=field V(1, [0..0], 0x00), TAG=field TAG(19, [1..19], 0x000000), DATA=field DATA(256, [20..275], 0x0000000000000000000000000000000000000000000000000000000000000000)}], evenOddBit=evenOddBit: type [size=5, fields={}], g=g: type [size=1, fields={}], v=v: type [size=1, fields={}], d=d: type [size=1, fields={}], c=c: type [size=3, fields={}], pfn=pfn: type [size=24, fields={}], pa=pa: PA=type [size=36, fields={}], cacheData=cacheData: type [size=256, fields={}]}, attributes=[attribute read = [StmtIf [if=[<(NOTEQ (BVEXTRACT 0 2 va) 0), [stmt exception["AddressError"]]]]><![CDATA[>], else=[]], stmt assign[c = 3], StmtIf [if=[<USEG(va).hit, [StmtIf [if=[<DTLB(va).hit, [stmt assign[tlbEntry = DTLB(va).read]]]]><![CDATA[>, <JTLB(va).hit, [stmt assign[tlbEntry = JTLB(va).read]]]]><![CDATA[>], else=[stmt exception["TLBMiss"]]], stmt assign[evenOddBit = 12], StmtIf [if=[<(EQ (BVEXTRACT 12 12 va) 0), [stmt assign[g = tlbEntry.G0], stmt assign[v = tlbEntry.V0], stmt assign[d = tlbEntry.D0], stmt assign[c = tlbEntry.C0], stmt assign[pfn = tlbEntry.PFN0]]]]><![CDATA[>], else=[stmt assign[g = tlbEntry.G1], stmt assign[v = tlbEntry.V1], stmt assign[d = tlbEntry.D1], stmt assign[c = tlbEntry.C1], stmt assign[pfn = tlbEntry.PFN1]]], StmtIf [if=[<(EQ v 1), [stmt assign[pa = (BVCONCAT (BVEXTRACT 24 0 pfn) (BVEXTRACT 11 0 va))]]]]><![CDATA[>], else=[stmt exception["TLBInvalid"]]]]]]><![CDATA[>], else=[stmt assign[pa = (BVEXTRACT 28 0 va)]]], StmtIf [if=[<(NOTEQ (BVEXTRACT 1 0 c) 2), [StmtIf [if=[<L1(pa).hit, [stmt assign[l1Entry = L1(pa).read], stmt assign[cacheData = l1Entry.DATA], stmt assign[data = (BVEXTRACT (BVADD (BVMUL 01000 (BVEXTRACT 4 0 pa)) 63) (BVMUL 01000 (BVEXTRACT 4 0 pa)) cacheData)]]]]><![CDATA[>], else=[StmtIf [if=[<(EQ (BVEXTRACT 1 0 c) 3), [StmtIf [if=[<L2(pa).hit, [stmt assign[l2Entry = L2(pa).read], stmt assign[cacheData = l2Entry.DATA], stmt assign[data = (BVEXTRACT (BVADD (BVMUL 01000 (BVEXTRACT 4 0 pa)) 63) (BVMUL 01000 (BVEXTRACT 4 0 pa)) cacheData)], stmt assign[l1Entry.V = 1], stmt assign[l1Entry.TAG = (BVEXTRACT 35 12 pa)], stmt assign[l1Entry.DATA = cacheData], stmt assign[L1(pa).write = l1Entry]]]]><![CDATA[>], else=[stmt assign[cacheData = Memory(pa).read], stmt assign[data = (BVEXTRACT (BVADD (BVMUL 01000 (BVEXTRACT 4 0 pa)) 63) (BVMUL 01000 (BVEXTRACT 4 0 pa)) cacheData)], stmt assign[l2Entry.V = 1], stmt assign[l2Entry.TAG = (BVEXTRACT 35 17 pa)], stmt assign[l2Entry.DATA = cacheData], stmt assign[L2(pa).write = l2Entry], stmt assign[l1Entry.V = 1], stmt assign[l1Entry.TAG = (BVEXTRACT 35 12 pa)], stmt assign[l1Entry.DATA = cacheData], stmt assign[L1(pa).write = l1Entry]]]]]]><![CDATA[>], else=[stmt assign[cacheData = Memory(pa).read], stmt assign[data = (BVEXTRACT (BVADD (BVMUL 01000 (BVEXTRACT 4 0 pa)) 63) (BVMUL 01000 (BVEXTRACT 4 0 pa)) cacheData)], stmt assign[l1Entry.V = 1], stmt assign[l1Entry.TAG = (BVEXTRACT 35 12 pa)], stmt assign[l1Entry.DATA = cacheData], stmt assign[L1(pa).write = l1Entry]]]]]]]]><![CDATA[>], else=[stmt assign[cacheData = Memory(pa).read], stmt assign[data = (BVEXTRACT (BVADD (BVMUL 01000 (BVEXTRACT 4 0 pa)) 63) (BVMUL 01000 (BVEXTRACT 4 0 pa)) cacheData)]]]], attribute write = [StmtIf [if=[<(NOTEQ (BVEXTRACT 0 2 va) 0), [stmt exception["AddressError"]]]]><![CDATA[>], else=[]], stmt assign[c = 3], StmtIf [if=[<USEG(va).hit, [StmtIf [if=[<DTLB(va).hit, [stmt assign[tlbEntry = DTLB(va).read]]]]><![CDATA[>, <JTLB(va).hit, [stmt assign[tlbEntry = JTLB(va).read]]]]><![CDATA[>], else=[stmt exception["TLBMiss"]]], stmt assign[evenOddBit = 12], StmtIf [if=[<(EQ (BVEXTRACT 12 12 va) 0), [stmt assign[g = tlbEntry.G0], stmt assign[v = tlbEntry.V0], stmt assign[d = tlbEntry.D0], stmt assign[c = tlbEntry.C0], stmt assign[pfn = tlbEntry.PFN0]]]]><![CDATA[>], else=[stmt assign[g = tlbEntry.G1], stmt assign[v = tlbEntry.V1], stmt assign[d = tlbEntry.D1], stmt assign[c = tlbEntry.C1], stmt assign[pfn = tlbEntry.PFN1]]], StmtIf [if=[<(EQ v 1), [StmtIf [if=[<(EQ d 1), [stmt assign[pa = (BVCONCAT (BVEXTRACT 24 0 pfn) (BVEXTRACT 11 0 va))]]]]><![CDATA[>], else=[stmt exception["TLBModified"]]]]]]><![CDATA[>], else=[stmt exception["TLBInvalid"]]]]]]><![CDATA[>], else=[stmt assign[pa = (BVEXTRACT 28 0 va)]]], StmtIf [if=[<(NOTEQ (BVEXTRACT 1 0 c) 2), [StmtIf [if=[<L1(pa).hit, [stmt assign[l1Entry = L1(pa).read], stmt assign[(BVEXTRACT (BVADD (BVMUL 01000 (BVEXTRACT 4 0 pa)) 63) (BVMUL 01000 (BVEXTRACT 4 0 pa)) l1Entry.DATA) = data], stmt assign[L1(pa).write = l1Entry], stmt assign[Memory(pa).write = l1Entry.DATA]]]]><![CDATA[>], else=[StmtIf [if=[<(EQ (BVEXTRACT 1 0 c) 3), [StmtIf [if=[<L2(pa).hit, [stmt assign[l2Entry = L2(pa).read], stmt assign[(BVEXTRACT (BVADD (BVMUL 01000 (BVEXTRACT 4 0 pa)) 63) (BVMUL 01000 (BVEXTRACT 4 0 pa)) l2Entry.DATA) = data], stmt assign[L2(pa).write = l2Entry], stmt assign[l1Entry.V = 1], stmt assign[l1Entry.TAG = (BVEXTRACT 35 12 pa)], stmt assign[l1Entry.DATA = l2Entry.DATA], stmt assign[L1(pa).write = l1Entry], stmt assign[Memory(pa).write = l1Entry.DATA]]]]><![CDATA[>], else=[stmt assign[cacheData = Memory(pa).read], stmt assign[(BVEXTRACT (BVADD (BVMUL 01000 (BVEXTRACT 4 0 pa)) 63) (BVMUL 01000 (BVEXTRACT 4 0 pa)) cacheData) = data], stmt assign[Memory(pa).write = cacheData], stmt assign[l2Entry.V = 1], stmt assign[l2Entry.TAG = (BVEXTRACT 35 17 pa)], stmt assign[l2Entry.DATA = cacheData], stmt assign[L2(pa).write = l2Entry], stmt assign[l1Entry.V = 1], stmt assign[l1Entry.TAG = (BVEXTRACT 35 12 pa)], stmt assign[l1Entry.DATA = cacheData], stmt assign[L1(pa).write = l1Entry]]]]]]><![CDATA[>], else=[stmt assign[cacheData = Memory(pa).read], stmt assign[(BVEXTRACT (BVADD (BVMUL 01000 (BVEXTRACT 4 0 pa)) 63) (BVMUL 01000 (BVEXTRACT 4 0 pa)) cacheData) = data], stmt assign[Memory(pa).write = cacheData], stmt assign[l1Entry.V = 1], stmt assign[l1Entry.TAG = (BVEXTRACT 35 12 pa)], stmt assign[l1Entry.DATA = cacheData], stmt assign[L1(pa).write = l1Entry]]]]]]]]><![CDATA[>], else=[stmt assign[cacheData = Memory(pa).read], stmt assign[(BVEXTRACT (BVADD (BVMUL 01000 (BVEXTRACT 4 0 pa)) 63) (BVMUL 01000 (BVEXTRACT 4 0 pa)) cacheData) = data], stmt assign[Memory(pa).write = cacheData]]]]]]}
]]></system-out>
  <system-err><![CDATA[]]></system-err>
</testsuite>
