<?xml version="1.0" encoding="UTF-8" ?>
<testsuite errors="0" failures="0" hostname="kamkin" name="ru.ispras.microtesk.translator.nml.LargeAddrTestCase" skipped="0" tests="1" time="0.176" timestamp="2015-06-22T11:35:57">
  <properties>
[...]
</properties>
  <testcase classname="ru.ispras.microtesk.translator.nml.LargeAddrTestCase" name="test" time="0.174" />
  <system-out><![CDATA[Translating: ./src/test/nml/large_addr.nml
Model name: large_addr
Included: ./src/test/nml/large_addr.nml
ru.ispras.microtesk.translator.nml.ir.IR@abefcf6
]]></system-out>
  <system-err><![CDATA[]]></system-err>
</testsuite>
