<?xml version="1.0" encoding="UTF-8" ?>
<testsuite errors="0" failures="0" hostname="kamkin" name="ru.ispras.microtesk.translator.mmu.spec.MmuDeviceTestCase" skipped="0" tests="1" time="0.266" timestamp="2015-06-22T11:35:57">
  <properties>
[...]
</properties>
  <testcase classname="ru.ispras.microtesk.translator.mmu.spec.MmuDeviceTestCase" name="runTest" time="0.264" />
  <system-out><![CDATA[Test: DTLB, ffffffffdafc2ff7
tag=7fed7e1, index=0, offset=ff7
Test: L1, ffffffff9e10d5a4
tag=f9e10d, index=2d, offset=4
Test: L2, 521270865eb88a2d
tag=32f5c, index=451, offset=d
Test: DTLB, 59ae81255f0e9113
tag=12af874, index=0, offset=1113
Test: L1, c5c7a797441c2cc5
tag=7441c2, index=66, offset=5
Test: L2, ffffffffcef337d7
tag=7e779, index=9be, offset=17
Test: DTLB, 69f957f32e300696
tag=7997180, index=0, offset=696
Test: L1, 2642d0bb77bc5ff2
tag=b77bc5, index=7f, offset=12
Test: L2, 228da1c463709103
tag=231b8, index=488, offset=3
Test: DTLB, ffffffffbe2ccab6
tag=7fdf166, index=0, offset=ab6
Test: L1, ffffffffd861c39e
tag=fd861c, index=1c, offset=1e
Test: L2, 91c3b97b1630ad7b
tag=58b18, index=56b, offset=1b
Test: DTLB, fffffffffa47f53c
tag=7ffd23f, index=0, offset=153c
Test: L1, ffffffff98381938
tag=f98381, index=49, offset=18
Test: L2, 2968c08d5db55368
tag=6aeda, index=a9b, offset=8
Test: DTLB, ffffffffd38fde1b
tag=7fe9c7e, index=0, offset=1e1b
Test: L1, ffffffffb9bf7940
tag=fb9bf7, index=4a, offset=0
Test: L2, ffffffffa40298a0
tag=7d201, index=4c5, offset=0
Test: DTLB, b2e39a7f1d8556a3
tag=3f8ec2a, index=0, offset=16a3
Test: L1, 46021907033acf9
tag=7033a, index=67, offset=19
Test: L2, ffffffff9fb6cc2b
tag=7cfdb, index=661, offset=b
Test: DTLB, 5fa38561717c1c8b
tag=30b8be0, index=0, offset=1c8b
Test: L1, ffffffffea045bf4
tag=fea045, index=5f, offset=14
Test: L2, ffffffffe6154388
tag=7f30a, index=a1c, offset=8
Test: DTLB, ffffffffa3e958e8
tag=7fd1f4a, index=0, offset=18e8
Test: L1, ffffffff9601ae95
tag=f9601a, index=74, offset=15
Test: L2, ffffffffe248d11e
tag=7f124, index=688, offset=1e
Test: DTLB, 1050f2222a128969
tag=1115094, index=0, offset=969
Test: L1, ffffffff8447950b
tag=f84479, index=28, offset=b
Test: L2, dd1483651a10581d
tag=28d08, index=2c0, offset=1d
Test: DTLB, 43a910087223f2cc
tag=43911f, index=0, offset=12cc
Test: L1, ffffffffafba7814
tag=fafba7, index=40, offset=14
Test: L2, a416c3665c29b5c4
tag=32e14, index=dae, offset=4
Test: DTLB, ffffffffc67be4ae
tag=7fe33df, index=0, offset=4ae
Test: L1, ceb1ea433c3b93f
tag=433c3b, index=49, offset=1f
Test: L2, ffffffff8876e1c7
tag=7c43b, index=70e, offset=7
Test: DTLB, ffffffffba585247
tag=7fdd2c2, index=0, offset=1247
Test: L1, 3689a355747090e8
tag=574709, index=7, offset=8
Test: L2, ffffffff9575181c
tag=7caba, index=8c0, offset=1c
Test: DTLB, 643c7280b99827c
tag=1405ccc, index=0, offset=27c
Test: L1, ffffffffd75646b1
tag=fd7564, index=35, offset=11
Test: L2, a71b79bc62f839ae
tag=6317c, index=1cd, offset=e
Test: DTLB, c6e20d3624ce728
tag=69b1267, index=0, offset=728
Test: L1, 102457ed6055612f
tag=d60556, index=9, offset=f
Test: L2, ffffffff995223c5
tag=7cca9, index=11e, offset=5
Test: DTLB, ffffffffb85fefb1
tag=7fdc2ff, index=0, offset=fb1
Test: L1, ffffffffd0bf8ba6
tag=fd0bf8, index=5d, offset=6
Test: L2, 2edd874760ad8820
tag=3b056, index=c41, offset=0
Test: DTLB, 46535b6c1dddf2f8
tag=360eeef, index=0, offset=12f8
Test: L1, 898c8fe04aa98766
tag=4aa98, index=3b, offset=6
Test: L2, 6dc4bfad7a010390
tag=6bd00, index=81c, offset=10
Test: DTLB, ffffffffbffbe757
tag=7fdffdf, index=0, offset=757
Test: L1, a3022ded01e6e66c
tag=d01e6e, index=33, offset=c
Test: L2, f0632c15aa83811
tag=ad54, index=1c0, offset=11
Test: DTLB, dafa50b557870d46
tag=5aabc38, index=0, offset=d46
Test: L1, ffffffffd3f3ae91
tag=fd3f3a, index=74, offset=11
Test: L2, 36d6ffc64c16769
tag=63260, index=b3b, offset=9
Test: DTLB, 9c073e316e708678
tag=18b7384, index=0, offset=678
Test: L1, ffffffffd21b2b3c
tag=fd21b2, index=59, offset=1c
Test: L2, 5c11795304667bc1
tag=18233, index=3de, offset=1
Test: DTLB, ffffffff8cddc554
tag=7fc66ee, index=0, offset=554
Test: L1, ffffffffdfd2f6ba
tag=fdfd2f, index=35, offset=1a
Test: L2, be05416c10e763c6
tag=60873, index=b1e, offset=6
Test: DTLB, fffffffff7a95ac0
tag=7ffbd4a, index=0, offset=1ac0
Test: L1, e566597418b0dcd1
tag=418b0d, index=66, offset=11
Test: L2, bbfba5f95e981a02
tag=4af4c, index=d0, offset=2
Test: DTLB, c97d28c14943b456
tag=60a4a1d, index=0, offset=1456
Test: L1, ffffffff93c41b4f
tag=f93c41, index=5a, offset=f
Test: L2, d222943d4f45d92d
tag=6a7a2, index=ec9, offset=d
Test: DTLB, d39575d37fc6bd1b
tag=69bfe35, index=0, offset=1d1b
Test: L1, ffffffffce575329
tag=fce575, index=19, offset=9
Test: L2, ffffffff9e1ed6ae
tag=7cf0f, index=6b5, offset=e
Test: DTLB, ffffffffe2a2c360
tag=7ff1516, index=0, offset=360
Test: L1, 6f4048fe2e8af295
tag=e2e8af, index=14, offset=15
Test: L2, ffffffffc9c2637d
tag=7e4e1, index=31b, offset=1d
Test: DTLB, 139d11de6f65be94
tag=6f37b2d, index=0, offset=1e94
Test: L1, f7140c7400ec4cf1
tag=400ec4, index=67, offset=11
Test: L2, ac20432ceda2a3
tag=19676, index=d15, offset=3
Test: DTLB, ffffffffbd34df15
tag=7fde9a6, index=0, offset=1f15
Test: L1, fffffffff7de347c
tag=ff7de3, index=23, offset=1c
Test: L2, f1bdfda97fdb2b16
tag=4bfed, index=958, offset=16
Test: DTLB, d7d434440ec8ec4
tag=2220764, index=0, offset=ec4
Test: L1, ffffffffec410517
tag=fec410, index=28, offset=17
Test: L2, ffffffff8cc20532
tag=7c661, index=29, offset=12
Test: DTLB, 37cc44864bf99330
tag=4325fcc, index=0, offset=1330
Test: L1, 7ed04a7e315ae453
tag=e315ae, index=22, offset=13
Test: L2, ffffffffb4d7f9d8
tag=7da6b, index=fce, offset=18
Test: DTLB, ffffffffbb079dac
tag=7fdd83c, index=0, offset=1dac
Test: L1, 756240e840ddae36
tag=840dda, index=71, offset=16
Test: L2, ffffffffee27e3b3
tag=7f713, index=f1d, offset=13
Test: DTLB, 83fd18f71924c128
tag=7b8c926, index=0, offset=128
Test: L1, ffffffff9c98a3f0
tag=f9c98a, index=1f, offset=10
Test: L2, 67749e0a3b9e9606
tag=51dcf, index=4b0, offset=6
Test: DTLB, 2c64c8ca0e027f8c
tag=6507013, index=0, offset=1f8c
Test: L1, e3bd51e11d61e6f9
tag=11d61e, index=37, offset=19
Test: L2, 812efaaa4ea18f77
tag=52750, index=c7b, offset=17
Test: DTLB, ffffffffbf149c5f
tag=7fdf8a4, index=0, offset=1c5f
Test: L1, ffffffffacbdd601
tag=facbdd, index=30, offset=1
Test: L2, ffffffff93c8ecf2
tag=7c9e4, index=767, offset=12
Test: DTLB, bf26236562048818
tag=32b1024, index=0, offset=818
Test: L1, ffffffffee92a6a7
tag=fee92a, index=35, offset=7
Test: L2, fffffffff1d8a8b4
tag=7f8ec, index=545, offset=14
Test: DTLB, 49f3d9646dd6d36e
tag=3236eb6, index=0, offset=136e
Test: L1, 641611f866b46864
tag=866b46, index=43, offset=4
Test: L2, ffffffff9b2e97c5
tag=7cd97, index=4be, offset=5
Test: DTLB, ffffffffbb6a4c4d
tag=7fddb52, index=0, offset=c4d
Test: L1, ffffffffca981d3a
tag=fca981, index=69, offset=1a
Test: L2, 50a8b735635fd1a4
tag=2b1af, index=e8d, offset=4
Test: DTLB, ffffffff8e592eaa
tag=7fc72c9, index=0, offset=eaa
Test: L1, 9bf371e83a0e3cfc
tag=83a0e3, index=67, offset=1c
Test: L2, ffffffff8075e83d
tag=7c03a, index=f41, offset=1d
Test: DTLB, ffffffff9ad34496
tag=7fcd69a, index=0, offset=496
Test: L1, ffffffff8dc5ab41
tag=f8dc5a, index=5a, offset=1
Test: L2, ffffffff8d76fc1a
tag=7c6bb, index=7e0, offset=1a
Test: DTLB, 54e3d30c4d616525
tag=626b0b, index=0, offset=525
Test: L1, ffffffffde33a774
tag=fde33a, index=3b, offset=14
Test: L2, 1e7afda8490c2c15
tag=42486, index=160, offset=15
Test: DTLB, e260cdfb1871cc67
tag=7d8c38e, index=0, offset=c67
Test: L1, 634696de7febbd52
tag=e7febb, index=6a, offset=12
Test: L2, fffffffff8a6e8b6
tag=7fc53, index=745, offset=16
Test: DTLB, ffffffffb23a19dc
tag=7fd91d0, index=0, offset=19dc
Test: L1, ffffffffb74f2af5
tag=fb74f2, index=57, offset=15
Test: L2, 1acacd1b02a0e5e7
tag=58150, index=72f, offset=7
Test: DTLB, 7880a15a4827da60
tag=2d2413e, index=0, offset=1a60
Test: L1, 7d679f1a4cd6d82d
tag=a4cd6d, index=41, offset=d
Test: L2, f6caaa585c763e90
tag=42e3b, index=1f4, offset=10
Test: DTLB, ffffffffc982c00a
tag=7fe4c16, index=0, offset=a
Test: L1, ffffffffac51e6ff
tag=fac51e, index=37, offset=1f
Test: L2, ffffffffa4d8f962
tag=7d26c, index=7cb, offset=2
Test: DTLB, 7f99574f210e0b83
tag=2790870, index=0, offset=b83
Test: L1, fffffffff5cb9a69
tag=ff5cb9, index=53, offset=9
Test: L2, ffffffffd6be4239
tag=7eb5f, index=211, offset=19
Test: DTLB, 179f2def39992fb0
tag=779ccc9, index=0, offset=fb0
Test: L1, fffffffff6fcc7c3
tag=ff6fcc, index=3e, offset=3
Test: L2, c04e4fdc53f92ecc
tag=629fc, index=976, offset=c
Test: DTLB, ffffffffb366beb8
tag=7fd9b35, index=0, offset=1eb8
Test: L1, ecceace03484983d
tag=34849, index=41, offset=1d
Test: L2, ffffffff9e29f252
tag=7cf14, index=f92, offset=12
Test: DTLB, fffffffff39d18e5
tag=7ff9ce8, index=0, offset=18e5
Test: L1, ffffffffc80616b7
tag=fc8061, index=35, offset=17
Test: L2, ffffffff90b1b116
tag=7c858, index=d88, offset=16
Test: DTLB, ece4997535617792
tag=3a9ab0b, index=0, offset=1792
Test: L1, ffffffffb7f3da14
tag=fb7f3d, index=50, offset=14
Test: L2, bc07e89c34383a91
tag=61a1c, index=1d4, offset=11
Test: DTLB, ffffffffb7675da7
tag=7fdbb3a, index=0, offset=1da7
Test: L1, ffffffffdb3a5e19
tag=fdb3a5, index=70, offset=19
Test: L2, 775bcd72744b1c70
tag=13a25, index=8e3, offset=10
Test: DTLB, f0c1f80875257756
tag=43a92b, index=0, offset=1756
Test: L1, ffffffffa8ab5e19
tag=fa8ab5, index=70, offset=19
Test: L2, 618341b17b2622e4
tag=bd93, index=117, offset=4
Test: DTLB, 4507bfe975258b5f
tag=74ba92c, index=0, offset=b5f
Test: L1, fefeae695361e8ed
tag=95361e, index=47, offset=d
Test: L2, c0ccb9d167f5577e
tag=b3fa, index=abb, offset=1e
Test: DTLB, 686ea7c508077078
tag=628403b, index=0, offset=1078
Test: L1, 959bc58d7764ca1f
tag=d7764c, index=50, offset=1f
Test: L2, ffffffffe4f77cd4
tag=7f27b, index=be6, offset=14
Test: DTLB, ffffffffa60030f6
tag=7fd3001, index=0, offset=10f6
Test: L1, 12dad02e2c9ac870
tag=e2c9ac, index=43, offset=10
Test: L2, 82af4b0b05cff5b0
tag=582e7, index=fad, offset=10
Test: DTLB, c5bdb63159c22549
tag=18ace11, index=0, offset=549
Test: L1, f6a9936c4354e016
tag=c4354e, index=0, offset=16
Test: L2, 7320058c7b14bd00
tag=63d8a, index=5e8, offset=0
Test: DTLB, ea054ce562cc980d
tag=72b1664, index=0, offset=180d
Test: L1, ffffffff98b80505
tag=f98b80, index=28, offset=5
Test: L2, 7449d10e2a0d51d6
tag=71506, index=a8e, offset=16
Test: DTLB, ee929a764da53146
tag=3b26d29, index=0, offset=1146
Test: L1, ffffffffb3a81d90
tag=fb3a81, index=6c, offset=10
Test: L2, ffffffffd0ec66cb
tag=7e876, index=336, offset=b
Test: DTLB, ffffffffb624897f
tag=7fdb124, index=0, offset=97f
Test: L1, c247884479f23ca3
tag=479f23, index=65, offset=3
Test: L2, ffffffffda57ee2c
tag=7ed2b, index=f71, offset=c
Test: DTLB, ffffffff8ceb6d28
tag=7fc675b, index=0, offset=d28
Test: L1, ffffffffa9173ac5
tag=fa9173, index=56, offset=5
Test: L2, fffffffff46d4e32
tag=7fa36, index=a71, offset=12
Test: DTLB, ffffffff9504d0fd
tag=7fca826, index=0, offset=10fd
Test: L1, 54bbc7e76d888a30
tag=76d888, index=51, offset=10
Test: L2, 14fe8703489e1783
tag=1a44f, index=bc, offset=3
Test: DTLB, ffffffff83a0f663
tag=7fc1d07, index=0, offset=1663
Test: L1, 9bc754142ab2cd38
tag=42ab2c, index=69, offset=18
Test: L2, fffffffff0392e98
tag=7f81c, index=974, offset=18
Test: DTLB, ba6ef90d29991553
tag=694cc8, index=0, offset=1553
Test: L1, cece980c6b678110
tag=c6b678, index=8, offset=10
Test: L2, ffffffffae093d8a
tag=7d704, index=9ec, offset=a
Test: DTLB, ffffffffcca0d27a
tag=7fe6506, index=0, offset=127a
Test: L1, ffffffff97f88a17
tag=f97f88, index=50, offset=17
Test: L2, ffffffff9681bb04
tag=7cb40, index=dd8, offset=4
Test: DTLB, a5fee79d3f966635
tag=4e9fcb3, index=0, offset=635
Test: L1, fffffffff47e0e94
tag=ff47e0, index=74, offset=14
Test: L2, 711663681fd61c33
tag=40feb, index=e1, offset=13
Test: DTLB, ffffffffaead7640
tag=7fd756b, index=0, offset=1640
Test: L1, d6f934017e6301e9
tag=17e630, index=f, offset=9
Test: L2, 2751bdfe64964b6d
tag=7324b, index=25b, offset=d
Test: DTLB, 6fdbaa2a3b2662dd
tag=151d933, index=0, offset=2dd
Test: L1, 9e65d9760ac1b662
tag=60ac1b, index=33, offset=2
Test: L2, ffffffffce4232bf
tag=7e721, index=195, offset=1f
Test: DTLB, ffffffffb4977f6d
tag=7fda4bb, index=0, offset=1f6d
Test: L1, 8a227d834b63025f
tag=34b630, index=12, offset=1f
Test: L2, 187643cf4921ba2f
tag=7a490, index=dd1, offset=f
Test: DTLB, 7d50c4681ce0ea96
tag=340e707, index=0, offset=a96
Test: L1, ffffffffc6340992
tag=fc6340, index=4c, offset=12
Test: L2, ffffffffeff7ca87
tag=7f7fb, index=e54, offset=7
Test: DTLB, ffffffffc13342f4
tag=7fe099a, index=0, offset=2f4
Test: L1, 408f9c05225e490f
tag=5225e4, index=48, offset=f
Test: L2, ffffffff9010db9c
tag=7c808, index=6dc, offset=1c
Test: DTLB, d4c0eb692093cd4f
tag=349049e, index=0, offset=d4f
Test: L1, ffffffff96bcae5e
tag=f96bca, index=72, offset=1e
Test: L2, d18001f97daaa051
tag=4bed5, index=502, offset=11
Test: DTLB, fffffffff3e478e1
tag=7ff9f23, index=0, offset=18e1
Test: L1, ffffffffb52b764f
tag=fb52b7, index=32, offset=f
Test: L2, ffffffff85697550
tag=7c2b4, index=baa, offset=10
Test: DTLB, 97e5112171df943
tag=90b8ef, index=0, offset=1943
Test: L1, ffffffffd23674fb
tag=fd2367, index=27, offset=1b
Test: L2, ffffffff9153416b
tag=7c8a9, index=a0b, offset=b
Test: DTLB, ffffffff9aba6ce9
tag=7fcd5d3, index=0, offset=ce9
Test: L1, ba00a61a729f537e
tag=a729f5, index=1b, offset=1e
Test: L2, ffffffffc33d27ec
tag=7e19e, index=93f, offset=c
Test: DTLB, ffffffffd36964d9
tag=7fe9b4b, index=0, offset=4d9
Test: L1, 8d295b684137f5b2
tag=84137f, index=2d, offset=12
Test: L2, ffffffff9018fd23
tag=7c80c, index=7e9, offset=3
Test: DTLB, f1eaf8c07333d2cb
tag=603999e, index=0, offset=12cb
Test: L1, 4ac0d7971b355e84
tag=71b355, index=74, offset=4
Test: L2, 5ab53bb14c7e2f21
tag=a63f, index=179, offset=1
Test: DTLB, ffffffff95eb7136
tag=7fcaf5b, index=0, offset=1136
Test: L1, 6bbf84f5541d88ae
tag=5541d8, index=45, offset=e
Test: L2, ffffffffab1d009a
tag=7d58e, index=804, offset=1a
Test: DTLB, 63ebd3b240299b41
tag=592014c, index=0, offset=1b41
Test: L1, ffffffff8e29581d
tag=f8e295, index=40, offset=1d
Test: L2, ffffffff8df96e99
tag=7c6fc, index=b74, offset=19
Test: DTLB, ffffffffd6f6a78d
tag=7feb7b5, index=0, offset=78d
Test: L1, ffffffff80f706d7
tag=f80f70, index=36, offset=17
Test: L2, c3dec9f15b43b1a5
tag=ada1, index=d8d, offset=5
Test: DTLB, 607bc274602f3f14
tag=3a30179, index=0, offset=1f14
Test: L1, 7a56b9266151aae5
tag=66151a, index=57, offset=5
Test: L2, b973cb02059ada8e
tag=102cd, index=6d4, offset=e
Test: DTLB, c1f7043e2a36e281
tag=1f151b7, index=0, offset=281
Test: L1, 784715ca3dc61834
tag=a3dc61, index=41, offset=14
Test: L2, ffffffffda3047b9
tag=7ed18, index=23d, offset=19
Test: DTLB, a01d41a24750f9df
tag=5123a87, index=0, offset=19df
Test: L1, ffffffffc2cc0da6
tag=fc2cc0, index=6d, offset=6
Test: L2, fffffffff4b162ad
tag=7fa58, index=b15, offset=d
Test: DTLB, ffffffff8cbe641c
tag=7fc65f3, index=0, offset=41c
Test: L1, ffffffff97eea8bd
tag=f97eea, index=45, offset=1d
Test: L2, 76c1887f1694a236
tag=78b4a, index=511, offset=16
Test: DTLB, a139a0830e038da3
tag=418701c, index=0, offset=da3
Test: L1, 97ad5efb379b610d
tag=b379b6, index=8, offset=d
Test: L2, ffffffff9919663c
tag=7cc8c, index=b31, offset=1c
Test: DTLB, d71651582acdebc1
tag=2c1566f, index=0, offset=bc1
Test: L1, fb7042116a9ebadb
tag=16a9eb, index=56, offset=1b
Test: L2, c7dd56aa3f84fb6a
tag=51fc2, index=7db, offset=a
Test: DTLB, 6c1f298333c4ccf8
tag=4199e26, index=0, offset=cf8
Test: L1, ffffffffa8ecb0bf
tag=fa8ecb, index=5, offset=1f
Test: L2, f2ab1541721ebd4
tag=20b90, index=f5e, offset=14
Test: DTLB, ffffffffa0a8b262
tag=7fd0545, index=0, offset=1262
Test: L1, b44801d5318a97cd
tag=5318a9, index=3e, offset=d
Test: L2, 35f6309c4f968792
tag=627cb, index=43c, offset=12
Test: DTLB, fffffffffc9f95f9
tag=7ffe4fc, index=0, offset=15f9
Test: L1, 2f1797744a9c96c9
tag=44a9c9, index=36, offset=9
Test: L2, ffffffffa97e3324
tag=7d4bf, index=199, offset=4
Test: DTLB, ffffffff8a49d795
tag=7fc524e, index=0, offset=1795
Test: L1, ffffffffd0c7c0ed
tag=fd0c7c, index=7, offset=d
Test: L2, ffffffffc6968c78
tag=7e34b, index=463, offset=18
Test: DTLB, abb934f931d14335
tag=7c98e8a, index=0, offset=335
Test: L1, ffffffffc0629c11
tag=fc0629, index=60, offset=11
Test: L2, 2e2c471f1331e309
tag=78998, index=f18, offset=9
Test: DTLB, b9eb808841d59200
tag=4420eac, index=0, offset=1200
Test: L1, fffffffff8d55068
tag=ff8d55, index=3, offset=8
Test: L2, ffffffff81efad24
tag=7c0f7, index=d69, offset=4
Test: DTLB, ffffffff86eff352
tag=7fc377f, index=0, offset=1352
Test: L1, fffffffff1da33a5
tag=ff1da3, index=1d, offset=5
Test: L2, 255ac23c393d6ebb
tag=61c9e, index=b75, offset=1b
Test: DTLB, 12a225e31f73cb1c
tag=718fb9e, index=0, offset=b1c
Test: L1, c3e062e348f49bec
tag=348f49, index=5f, offset=c
Test: L2, ffffffffdf68d9c4
tag=7efb4, index=6ce, offset=4
Test: DTLB, ffffffffe1e2b2dd
tag=7ff0f15, index=0, offset=12dd
Test: L1, b1379dcf25cf5e3e
tag=f25cf5, index=71, offset=1e
Test: L2, ffffffffda4e1ba3
tag=7ed27, index=dd, offset=3
Test: DTLB, fffffffff3e95487
tag=7ff9f4a, index=0, offset=1487
Test: L1, ffffffff9435a750
tag=f9435a, index=3a, offset=10
Test: L2, ffffffff85db6c4f
tag=7c2ed, index=b62, offset=f
Test: DTLB, 6543595821d90d35
tag=2c10ec8, index=0, offset=d35
Test: L1, ffffffffa66255f2
tag=fa6625, index=2f, offset=12
Test: L2, fe6452e904c4b9e2
tag=48262, index=5cf, offset=2
Test: DTLB, a029a19c5783cf23
tag=4e2bc1e, index=0, offset=f23
Test: L1, df58728c151e7b87
tag=c151e7, index=5c, offset=7
Test: L2, ffffffffb20922ab
tag=7d904, index=915, offset=b
Test: DTLB, ffffffffc57c1422
tag=7fe2be0, index=0, offset=1422
Test: L1, ffffffffdb2c5aee
tag=fdb2c5, index=57, offset=e
Test: L2, 7724d48e3a1ad5f9
tag=71d0d, index=6af, offset=19
Test: DTLB, 7d1420492c33a198
tag=249619d, index=0, offset=198
Test: L1, d4ed91b4558a144a
tag=4558a1, index=22, offset=a
Test: L2, 4d205bbc3652e54e
tag=61b29, index=72a, offset=e
Test: DTLB, ffffffff87e69df5
tag=7fc3f34, index=0, offset=1df5
Test: L1, ffffffff9299c1fe
tag=f9299c, index=f, offset=1e
Test: L2, fffffffff1e2fcb7
tag=7f8f1, index=7e5, offset=17
Test: DTLB, ffffffff81aaa787
tag=7fc0d55, index=0, offset=787
Test: L1, ffffffffb5f52a5f
tag=fb5f52, index=52, offset=1f
Test: L2, ffffffffe8e3adef
tag=7f471, index=d6f, offset=f
Test: DTLB, 805c9bbb75925840
tag=5dbac92, index=0, offset=1840
Test: L1, ffffffffbf8c87d9
tag=fbf8c8, index=3e, offset=19
Test: L2, ffffffff95a0f54f
tag=7cad0, index=7aa, offset=f
Test: DTLB, 9efc987d3ccfae65
tag=3e9e67d, index=0, offset=e65
Test: L1, 32fd66a92cebf084
tag=92cebf, index=4, offset=4
Test: L2, 62d683fe5e1ff894
tag=72f0f, index=fc4, offset=14
Test: DTLB, ffffffffe98921de
tag=7ff4c49, index=0, offset=1de
Test: L1, ffffffffaa5a1ef9
tag=faa5a1, index=77, offset=19
Test: L2, 90fc60b171ad61cb
tag=b8d6, index=b0e, offset=b
Test: DTLB, ef92ad6b2c2e69a7
tag=3596173, index=0, offset=9a7
Test: L1, 3321896622a76fa8
tag=622a76, index=7d, offset=8
Test: L2, ab42557a4d7b1f00
tag=526bd, index=8f8, offset=0
Test: DTLB, ffffffffca7acecc
tag=7fe53d6, index=0, offset=ecc
Test: L1, ffffffff9eec5a35
tag=f9eec5, index=51, offset=15
Test: L2, fa95b76d3e264dda
tag=69f13, index=26e, offset=1a
Test: DTLB, cdb7f6971e02b1e5
tag=4b8f015, index=0, offset=11e5
Test: L1, ffffffff86eda94b
tag=f86eda, index=4a, offset=b
Test: L2, ffffffffe9d21506
tag=7f4e9, index=a8, offset=6
Test: DTLB, ffffffff93a341b7
tag=7fc9d1a, index=0, offset=1b7
Test: L1, ffffffff8a42a335
tag=f8a42a, index=19, offset=15
Test: L2, ffffffffd4832a73
tag=7ea41, index=953, offset=13
Test: DTLB, ffffffffb6380f43
tag=7fdb1c0, index=0, offset=f43
Test: L1, ffffffffa880468a
tag=fa8804, index=34, offset=a
Test: L2, f7a592746aa49780
tag=23552, index=4bc, offset=0
Test: DTLB, fffffffff4bec1c4
tag=7ffa5f6, index=0, offset=1c4
Test: L1, ffffffffb47dddd6
tag=fb47dd, index=6e, offset=16
Test: L2, ffffffff9f7fcd52
tag=7cfbf, index=e6a, offset=12
Test: DTLB, ffffffffbec65618
tag=7fdf632, index=0, offset=1618
Test: L1, bb55757f7d680f22
tag=f7d680, index=79, offset=2
Test: L2, ffffffffc08eaecb
tag=7e047, index=576, offset=b
Test: DTLB, 782ea5270b2968b4
tag=138594b, index=0, offset=8b4
Test: L1, fffffffffc71c14a
tag=ffc71c, index=a, offset=a
Test: L2, ffffffff9dd26e4c
tag=7cee9, index=372, offset=c
Test: DTLB, 9a49639052a84882
tag=4829542, index=0, offset=882
Test: L1, 409c1cb023f9881a
tag=23f98, index=40, offset=1a
Test: L2, b3d780643da856d1
tag=21ed4, index=2b6, offset=11
Test: DTLB, fffffffff113bea2
tag=7ff889d, index=0, offset=1ea2
Test: L1, ffffffffe52becaf
tag=fe52be, index=65, offset=f
Test: L2, fde0625f0b881a88
tag=785c4, index=d4, offset=8
Test: DTLB, abb107c51ad9b371
tag=628d6cd, index=0, offset=1371
Test: L1, ffffffffcb4a4027
tag=fcb4a4, index=1, offset=7
Test: L2, b4499d69491ac720
tag=4a48d, index=639, offset=0
Test: DTLB, ffffffffda91731f
tag=7fed48b, index=0, offset=131f
Test: L1, 74582e3236ef3440
tag=236ef3, index=22, offset=0
Test: L2, fffffffffafce980
tag=7fd7e, index=74c, offset=0
Test: DTLB, 72baadb20f2e5ee2
tag=5907972, index=0, offset=1ee2
Test: L1, fd6b4b672ae3d6cf
tag=72ae3d, index=36, offset=f
Test: L2, fffffffffa82249f
tag=7fd41, index=124, offset=1f
Test: DTLB, ffffffffa1d611cb
tag=7fd0eb0, index=0, offset=11cb
Test: L1, ffffffff95e2c0bd
tag=f95e2c, index=5, offset=1d
Test: L2, ffffffffd464f94c
tag=7ea32, index=7ca, offset=c
Test: DTLB, d60fafbd7a2ec3d1
tag=5ebd176, index=0, offset=3d1
Test: L1, 77d16ad63fab3770
tag=63fab3, index=3b, offset=10
Test: L2, 688ba39765fb0ac7
tag=3b2fd, index=856, offset=7
Test: DTLB, 15d205735b2d22c0
tag=39ad969, index=0, offset=2c0
Test: L1, ffffffffe3863ebb
tag=fe3863, index=75, offset=1b
Test: L2, 3a7d228f6b7e433c
tag=7b5bf, index=219, offset=1c
Test: DTLB, 2e147a4956fceb04
tag=24ab7e7, index=0, offset=b04
Test: L1, c8461fbf4b2da6d8
tag=f4b2da, index=36, offset=18
Test: L2, ffffffffec7ee189
tag=7f63f, index=70c, offset=9
Test: DTLB, 5d0d27bd2a8ed1b7
tag=5e95476, index=0, offset=11b7
Test: L1, ffffffffd49bffcd
tag=fd49bf, index=7e, offset=d
Test: L2, ffffffff881d3af8
tag=7c40e, index=9d7, offset=18
Test: DTLB, ffffffff915052e4
tag=7fc8a82, index=0, offset=12e4
Test: L1, ecfd434c5e4356fb
tag=c5e435, index=37, offset=1b
Test: L2, 4ad7b35667cb6c06
tag=333e5, index=b60, offset=6
Test: DTLB, 9a67b8f37f7e08d
tag=479bfbf, index=0, offset=8d
Test: L1, ffffffff9d3fbbe1
tag=f9d3fb, index=5f, offset=1
Test: L2, ffffffffcced468d
tag=7e676, index=a34, offset=d
Test: DTLB, 5b217bb853215b41
tag=5c2990a, index=0, offset=1b41
Test: L1, ffffffffbed2c55a
tag=fbed2c, index=2a, offset=1a
Test: L2, c1070662b425ace
tag=315a1, index=2d6, offset=e
Test: DTLB, ffffffffad11437c
tag=7fd688a, index=0, offset=37c
Test: L1, ffffffff80976b64
tag=f80976, index=5b, offset=4
Test: L2, 658b9919560834c8
tag=4ab04, index=1a6, offset=8
Test: DTLB, 22764d881906cbb5
tag=440c836, index=0, offset=bb5
Test: L1, dd1751bb25f4e285
tag=b25f4e, index=14, offset=5
Test: L2, fad30d57436eb8ca
tag=3a1b7, index=5c6, offset=a
Test: DTLB, f4ce62de20e758ca
tag=6f1073a, index=0, offset=18ca
Test: L1, aaeed57c52423613
tag=c52423, index=30, offset=13
Test: L2, ffffffffb3e02474
tag=7d9f0, index=123, offset=14
Test: DTLB, a83e50b3421742b3
tag=59a10ba, index=0, offset=2b3
Test: L1, 790fced5744c60a4
tag=5744c6, index=5, offset=4
Test: L2, 207636b114f51c58
tag=8a7a, index=8e2, offset=18
Test: DTLB, e8fc1e15f6aefed
tag=70afb57, index=0, offset=fed
Test: L1, ffffffffc85e8b27
tag=fc85e8, index=59, offset=7
Test: L2, 2e9c37f140c970ee
tag=a064, index=b87, offset=e
Test: DTLB, cde157317e355302
tag=18bf1aa, index=0, offset=1302
Test: L1, ffffffffef86ce51
tag=fef86c, index=72, offset=11
Test: L2, ffffffffc2173681
tag=7e10b, index=9b4, offset=1
Test: DTLB, 54d2b9da37d30978
tag=6d1be98, index=0, offset=978
Test: L1, 2d238b782b80917b
tag=82b809, index=b, offset=1b
Test: L2, 818a907c0cf1eecd
tag=60678, index=f76, offset=d
Test: DTLB, d34d4704acfc932
tag=382567e, index=0, offset=932
Test: L1, ffffffffb0307f57
tag=fb0307, index=7a, offset=17
Test: L2, 62a1695e09224266
tag=70491, index=213, offset=6
Test: DTLB, ff5c06a23bc46bcd
tag=511de23, index=0, offset=bcd
Test: L1, ffffffffc6be57f4
tag=fc6be5, index=3f, offset=14
Test: L2, ffffffffcddac154
tag=7e6ed, index=60a, offset=14
Test: DTLB, ffffffffd4043636
tag=7fea021, index=0, offset=1636
Test: L1, fffffffff5ea00c6
tag=ff5ea0, index=6, offset=6
Test: L2, ffffffffaca397ba
tag=7d651, index=cbd, offset=1a
Test: DTLB, 8ffefc9652835ad0
tag=4b2941a, index=0, offset=1ad0
Test: L1, ee38473c688fa3be
tag=c688fa, index=1d, offset=1e
Test: L2, 5a37575833217e14
tag=41990, index=bf0, offset=14
Test: DTLB, 4dc1e52623f96bdc
tag=1311fcb, index=0, offset=bdc
Test: L1, ffffffff9e41898b
tag=f9e418, index=4c, offset=b
Test: L2, 1feeb94d3952880f
tag=69ca9, index=440, offset=f
Test: DTLB, bb446ab17292885b
tag=58b9494, index=0, offset=85b
Test: L1, ffffffffe76e16c1
tag=fe76e1, index=36, offset=1
Test: L2, 8a59b222f555085
tag=117aa, index=a84, offset=5
Test: DTLB, ffffffffca949aaf
tag=7fe54a4, index=0, offset=1aaf
Test: L1, 1fba105220e2a240
tag=220e2a, index=12, offset=0
Test: L2, 6a06a1da72318fba
tag=53918, index=c7d, offset=1a
Test: DTLB, ffffffff9cae0c40
tag=7fce570, index=0, offset=c40
Test: L1, ffffffff81e52733
tag=f81e52, index=39, offset=13
Test: L2, 36eb7391a4b0beb
tag=48d25, index=85f, offset=b
Test: DTLB, ffffffffab2ba5e1
tag=7fd595d, index=0, offset=5e1
Test: L1, 9f8ce7744efd3126
tag=44efd3, index=9, offset=6
Test: L2, ffffffffe848386e
tag=7f424, index=1c3, offset=e
Test: DTLB, ffffffffbda22fef
tag=7fded11, index=0, offset=fef
Test: L1, b554a6eb5d00ceb7
tag=b5d00c, index=75, offset=17
Test: L2, 895d98ac020fdbb6
tag=60107, index=edd, offset=16
Test: DTLB, 94d240243228f07c
tag=1219147, index=0, offset=107c
Test: L1, 121e386a007c9c7a
tag=a007c9, index=63, offset=1a
Test: L2, ffffffff8a4b4cdc
tag=7c525, index=a66, offset=1c
Test: DTLB, ffffffff92bce63e
tag=7fc95e7, index=0, offset=63e
Test: L1, ffffffffdcc6af58
tag=fdcc6a, index=7a, offset=18
Test: L2, ffffffffb81a21db
tag=7dc0d, index=10e, offset=1b
Test: DTLB, fffffffffacad053
tag=7ffd656, index=0, offset=1053
Test: L1, f30d6b5b58bdb012
tag=b58bdb, index=0, offset=12
Test: L2, ffffffff9634c6e6
tag=7cb1a, index=637, offset=6
Test: DTLB, ffffffffcbe7c951
tag=7fe5f3e, index=0, offset=951
Test: L1, ffffffffe9d59937
tag=fe9d59, index=49, offset=17
Test: L2, e9fef7f11ded127
tag=788ef, index=689, offset=7
Test: DTLB, 5d61b81a6dbc66bd
tag=d36de3, index=0, offset=6bd
Test: L1, ffffffffa6859683
tag=fa6859, index=34, offset=3
Test: L2, ffffffff9111680e
tag=7c888, index=b40, offset=e
Test: DTLB, 6d89ddbc22dde40c
tag=5e116ef, index=0, offset=40c
Test: L1, fffffffff88bf6e9
tag=ff88bf, index=37, offset=9
Test: L2, d16655ee361bc3fd
tag=71b0d, index=e1f, offset=1d
Test: DTLB, ac07268223fa179a
tag=4111fd0, index=0, offset=179a
Test: L1, 48df65ef4c42bc04
tag=f4c42b, index=60, offset=4
Test: L2, ffffffff8aa55c5f
tag=7c552, index=ae2, offset=1f
Test: DTLB, f373d58976f59474
tag=44bb7ac, index=0, offset=1474
Test: L1, ffffffff88468aba
tag=f88468, index=55, offset=1a
Test: L2, d9112e293e49291e
tag=49f24, index=948, offset=1e
Test: DTLB, 4de840447e91ead7
tag=223f48f, index=0, offset=ad7
Test: L1, fffffffff1701fdd
tag=ff1701, index=7e, offset=1d
Test: L2, ffffffff88fbc0d2
tag=7c47d, index=e06, offset=12
Test: DTLB, db9c3576513e6c38
tag=3b289f3, index=0, offset=c38
Test: L1, ffffffffdb6aad43
tag=fdb6aa, index=6a, offset=3
Test: L2, ffffffff8a93b91a
tag=7c549, index=dc8, offset=1a
Test: DTLB, 96fba7a6614f0b8a
tag=5330a78, index=0, offset=b8a
Test: L1, ffffffff8414d237
tag=f8414d, index=11, offset=17
Test: L2, 46c6ec8f7ba0f491
tag=7bdd0, index=7a4, offset=11
Test: DTLB, ffffffffc32f7b60
tag=7fe197b, index=0, offset=1b60
Test: L1, a793cc565dc7e115
tag=65dc7e, index=8, offset=15
Test: L2, 719e82071363be93
tag=389b1, index=df4, offset=13
Test: DTLB, ffffffff871cec55
tag=7fc38e7, index=0, offset=c55
Test: L1, ffffffffffd43027
tag=fffd43, index=1, offset=7
Test: L2, 561353871e1ba11c
tag=38f0d, index=d08, offset=1c
Test: DTLB, 39be261d2c27d4d2
tag=e9613e, index=0, offset=14d2
Test: L1, ffffffffaa35546c
tag=faa355, index=23, offset=c
Test: L2, ffffffff863b5e00
tag=7c31d, index=af0, offset=0
Test: DTLB, 1590a644640d1f2
tag=3223206, index=0, offset=11f2
Test: L1, fffffffff54b33a1
tag=ff54b3, index=1d, offset=1
Test: L2, 95daf1e058ce5f5f
tag=2c67, index=2fa, offset=1f
Test: DTLB, 6d3b105465203ce2
tag=2a32901, index=0, offset=1ce2
Test: L1, ffffffffa2a64c30
tag=fa2a64, index=61, offset=10
Test: L2, eedb2e02132bfd33
tag=10995, index=fe9, offset=13
Test: DTLB, ffffffffb210cbb5
tag=7fd9086, index=0, offset=bb5
Test: L1, ffffffffb3246bca
tag=fb3246, index=5e, offset=a
Test: L2, ceadd4c5433a970d
tag=2a19d, index=4b8, offset=d
Test: DTLB, f4895f3b71029c72
tag=1db8814, index=0, offset=1c72
Test: L1, 32bd2442739a2870
tag=2739a2, index=43, offset=10
Test: L2, c664eeb73ce98a95
tag=39e74, index=c54, offset=15
Test: DTLB, 8966f6b178dd2b78
tag=58bc6e9, index=0, offset=b78
Test: L1, b8fa13f100a36d0f
tag=100a36, index=68, offset=f
Test: L2, ad6037a318c955c7
tag=18c64, index=aae, offset=7
Test: DTLB, fffffffff12b7500
tag=7ff895b, index=0, offset=1500
Test: L1, 2a00b235599256fd
tag=559925, index=37, offset=1d
Test: L2, 763433e9552af28a
tag=4aa95, index=794, offset=a
Test: DTLB, fffffffffb227e1c
tag=7ffd913, index=0, offset=1e1c
Test: L1, ffffffffecb279a4
tag=fecb27, index=4d, offset=4
Test: L2, fffffffff1500d03
tag=7f8a8, index=68, offset=3
Test: DTLB, 20acdeee402590a4
tag=772012c, index=0, offset=10a4
Test: L1, 70d998f71f80c4fd
tag=71f80c, index=27, offset=1d
Test: L2, ffffffff95254838
tag=7ca92, index=a41, offset=18
Test: DTLB, ffffffffa2935d1c
tag=7fd149a, index=0, offset=1d1c
Test: L1, 6b3446e26ad2b70a
tag=26ad2b, index=38, offset=a
Test: L2, fffffffffdec0aa1
tag=7fef6, index=55, offset=1
Test: DTLB, 5a428d4e10eca767
tag=2708765, index=0, offset=767
Test: L1, ffffffffb09e9ebe
tag=fb09e9, index=75, offset=1e
Test: L2, fffffffffee00cda
tag=7ff70, index=66, offset=1a
Test: DTLB, c6e2855d6e4de640
tag=2eb726f, index=0, offset=640
Test: L1, fc97697e28abefdb
tag=e28abe, index=7e, offset=1b
Test: L2, ffffffffe6877f0d
tag=7f343, index=bf8, offset=d
Test: DTLB, ffffffffe4abd7b4
tag=7ff255e, index=0, offset=17b4
Test: L1, ffffffffb84df2fe
tag=fb84df, index=17, offset=1e
Test: L2, 2e149a1c70889555
tag=63844, index=4aa, offset=15
Test: DTLB, f2614bce4f19be1b
tag=67278cd, index=0, offset=1e1b
Test: L1, c1dda70199bf0f8
tag=199bf, index=7, offset=18
Test: L2, 9412de0703716074
tag=381b8, index=b03, offset=14
Test: DTLB, ffffffffa9412834
tag=7fd4a09, index=0, offset=834
Test: L1, ffffffffe999b0ab
tag=fe999b, index=5, offset=b
Test: L2, a044de514d403289
tag=a6a0, index=194, offset=9
Test: DTLB, ffffffff8a6a1281
tag=7fc5350, index=0, offset=1281
Test: L1, ffffffffc2ba1594
tag=fc2ba1, index=2c, offset=14
Test: L2, 7ba3da3378cd2326
tag=1bc66, index=919, offset=6
Test: DTLB, 457311161054fa06
tag=b082a7, index=0, offset=1a06
Test: L1, 24086a8c174e9b0a
tag=c174e9, index=58, offset=a
Test: L2, bac7c7e841f2838b
tag=420f9, index=41c, offset=b
Test: DTLB, fef1405576829cec
tag=2abb414, index=0, offset=1cec
Test: L1, 4413efaf46c5ebf3
tag=f46c5e, index=5f, offset=13
Test: L2, ffffffffaaf7b662
tag=7d57b, index=db3, offset=2
Test: DTLB, 2e83c47258399059
tag=392c1cc, index=0, offset=1059
Test: L1, 22ad35ca769d733d
tag=a769d7, index=19, offset=1d
Test: L2, ffffffff8d37dc04
tag=7c69b, index=ee0, offset=4
Test: DTLB, ffffffffb1fc9343
tag=7fd8fe4, index=0, offset=1343
Test: L1, ffffffffa658b437
tag=fa658b, index=21, offset=17
Test: L2, ffffffffe9ae2be8
tag=7f4d7, index=15f, offset=8
Test: DTLB, ffffffffce4ba346
tag=7fe725d, index=0, offset=346
Test: L1, 33d6855755c6d283
tag=755c6d, index=14, offset=3
Test: L2, c23be41373c4e809
tag=1b9e2, index=740, offset=9
Test: DTLB, ffffffff8d4be434
tag=7fc6a5f, index=0, offset=434
Test: L1, 5fc614077830f8d6
tag=77830f, index=46, offset=16
Test: L2, fffffffff822505a
tag=7fc11, index=282, offset=1a
Test: DTLB, ffffffff9ad7ceab
tag=7fcd6be, index=0, offset=eab
Test: L1, ffffffff95708944
tag=f95708, index=4a, offset=4
Test: L2, ffffffff9942a20f
tag=7cca1, index=510, offset=f
Test: DTLB, 823694c3165d9299
tag=618b2ec, index=0, offset=1299
Test: L1, ffffffffe62a1d09
tag=fe62a1, index=68, offset=9
Test: L2, ffffffffc8da0c59
tag=7e46d, index=62, offset=19
Test: DTLB, 3497e6ec0dbe0ed1
tag=7606df0, index=0, offset=ed1
Test: L1, ffffffff9f2ac500
tag=f9f2ac, index=28, offset=0
Test: L2, 3cf6b88b0e288e38
tag=58714, index=471, offset=18
Test: DTLB, ffffffffb6fe1b4e
tag=7fdb7f0, index=0, offset=1b4e
Test: L1, ffffffffc3d94226
tag=fc3d94, index=11, offset=6
Test: L2, 1df83cb73e609391
tag=39f30, index=49c, offset=11
Test: DTLB, ffffffff9d2d0a9f
tag=7fce968, index=0, offset=a9f
Test: L1, fffffffffe9e7c53
tag=ffe9e7, index=62, offset=13
Test: L2, ffffffffd0d155a3
tag=7e868, index=aad, offset=3
Test: DTLB, 9caf6321007dd2e6
tag=10803ee, index=0, offset=12e6
Test: L1, e49885453d930743
tag=53d930, index=3a, offset=3
Test: L2, c214854010352684
tag=81a, index=934, offset=4
Test: DTLB, 174fd2e303e3cfd9
tag=7181f1e, index=0, offset=fd9
Test: L1, c84fe30f78284e20
tag=f78284, index=71, offset=0
Test: L2, 61557549186e6235
tag=48c37, index=311, offset=15
Test: DTLB, 7700fcd011451921
tag=6808a28, index=0, offset=1921
Test: L1, c54d554b5787cb29
tag=b5787c, index=59, offset=9
Test: L2, ffffffff9dc82a60
tag=7cee4, index=153, offset=0
Test: DTLB, bdc3ff9165f535c9
tag=48b2fa9, index=0, offset=15c9
Test: L1, ffffffff9ef78052
tag=f9ef78, index=2, offset=12
Test: L2, ffffffff91aff8e4
tag=7c8d7, index=fc7, offset=4
Test: DTLB, e5faaf1a46598b08
tag=d232cc, index=0, offset=b08
Test: L1, ffffffffb25bab8b
tag=fb25ba, index=5c, offset=b
Test: L2, ffffffffaf5c8e0b
tag=7d7ae, index=470, offset=b
Test: DTLB, ffffffff9db0449c
tag=7fced82, index=0, offset=49c
Test: L1, eaf1cf932469cbcc
tag=32469c, index=5e, offset=c
Test: L2, ffffffffb8d3ea68
tag=7dc69, index=f53, offset=8
Test: DTLB, 747de87925ac129c
tag=3c92d60, index=0, offset=129c
Test: L1, ffffffffe5a6db7d
tag=fe5a6d, index=5b, offset=1d
Test: L2, ffffffff98add62e
tag=7cc56, index=eb1, offset=e
Test: DTLB, ffffffffe8069d20
tag=7ff4034, index=0, offset=1d20
Test: L1, ffffffff85c6ae57
tag=f85c6a, index=72, offset=17
Test: L2, ffffffff8c2bbfbf
tag=7c615, index=dfd, offset=1f
Test: DTLB, ffffffffc33c6091
tag=7fe19e3, index=0, offset=91
Test: L1, d835f6274d819ae4
tag=74d819, index=57, offset=4
Test: L2, ffffffffd830867d
tag=7ec18, index=433, offset=1d
Test: DTLB, ffffffffe014ecdc
tag=7ff00a7, index=0, offset=cdc
Test: L1, e66f82b509b23c91
tag=509b23, index=64, offset=11
Test: L2, ffffffff8f40ea98
tag=7c7a0, index=754, offset=18
Test: DTLB, 4ca886057df96027
tag=2befcb, index=0, offset=27
Test: L1, cf8830506a570603
tag=6a570, index=30, offset=3
Test: L2, ffffffffc9176f63
tag=7e48b, index=b7b, offset=3
Test: DTLB, ffffffffd5021f10
tag=7fea810, index=0, offset=1f10
Test: L1, ffffffffc395b921
tag=fc395b, index=49, offset=1
Test: L2, 188d2cba742f6e45
tag=53a17, index=b72, offset=5
Test: DTLB, 3561eed750846622
tag=6ba8423, index=0, offset=622
Test: L1, 35a380ff63936770
tag=f63936, index=3b, offset=10
Test: L2, 85c810e17ba573ac
tag=bdd2, index=b9d, offset=c
Test: DTLB, ffffffff859ddefe
tag=7fc2cee, index=0, offset=1efe
Test: L1, 298a06a52ba08509
tag=52ba08, index=28, offset=9
Test: L2, cbf6a31f265d6e1c
tag=7932e, index=b70, offset=1c
Test: DTLB, ffffffffbb1ff039
tag=7fdd8ff, index=0, offset=1039
Test: L1, ffffffff8458d6b6
tag=f8458d, index=35, offset=16
Test: L2, 1b7bc4a61c2e578d
tag=30e17, index=2bc, offset=d
Test: DTLB, ffffffff89674e88
tag=7fc4b3a, index=0, offset=e88
Test: L1, 47e2c2171fd111d9
tag=71fd11, index=e, offset=19
Test: L2, bed709b61095e757
tag=3084a, index=f3a, offset=17
Test: DTLB, fffffffff0fd262a
tag=7ff87e9, index=0, offset=62a
Test: L1, 36ad02336f90d8c2
tag=36f90d, index=46, offset=2
Test: L2, 8206667c0e5fb711
tag=6072f, index=db8, offset=11
Test: DTLB, ffffffff8ca2b971
tag=7fc6515, index=0, offset=1971
Test: L1, 54c7ae3627745cd3
tag=627745, index=66, offset=13
Test: L2, ffffffffffc369d7
tag=7ffe1, index=b4e, offset=17
Test: DTLB, ffffffffd91294fd
tag=7fec894, index=0, offset=14fd
Test: L1, e41448686e0adbff
tag=86e0ad, index=5f, offset=1f
Test: L2, ffffffffadec8705
tag=7d6f6, index=438, offset=5
Test: DTLB, ffffffffdd80d4bd
tag=7feec06, index=0, offset=14bd
Test: L1, 79cc2dce4fc72109
tag=e4fc72, index=8, offset=9
Test: L2, ffffffffb3e3ee09
tag=7d9f1, index=f70, offset=9
Test: DTLB, 7c4340c82ab04383
tag=6415582, index=0, offset=383
Test: L1, ffffffffc17a0b35
tag=fc17a0, index=59, offset=15
Test: L2, c7882f1565498497
tag=2b2a4, index=c24, offset=17
Test: DTLB, ffffffff8a80ad24
tag=7fc5405, index=0, offset=d24
Test: L1, 244ec5f3124c6c22
tag=3124c6, index=61, offset=2
Test: L2, ffffffff99fc8ab0
tag=7ccfe, index=455, offset=10
Test: DTLB, 5ccb7b440ad5d1b5
tag=22056ae, index=0, offset=11b5
Test: L1, ffffffffbf9c52a4
tag=fbf9c5, index=15, offset=4
Test: L2, fc85ba7c32166030
tag=6190b, index=301, offset=10
Test: DTLB, 27b5eb211d556c88
tag=108eaab, index=0, offset=c88
Test: L1, ffffffff81f777d4
tag=f81f77, index=3e, offset=14
Test: L2, ffffffffaf6ff2a7
tag=7d7b7, index=f95, offset=7
Test: DTLB, ffffffffd522c5d4
tag=7fea916, index=0, offset=5d4
Test: L1, 519c386f0578c72f
tag=f0578c, index=39, offset=f
Test: L2, ffffffffa9648ee9
tag=7d4b2, index=477, offset=9
Test: DTLB, fffffffffac80680
tag=7ffd640, index=0, offset=680
Test: L1, 3428a2292078d615
tag=92078d, index=30, offset=15
Test: L2, 599695a90d876844
tag=486c3, index=b42, offset=4
Test: DTLB, 3312825d4233602c
tag=2ea119b, index=0, offset=2c
Test: L1, ffffffffdae6cbfe
tag=fdae6c, index=5f, offset=1e
Test: L2, 1050590b7387ca8a
tag=5b9c3, index=e54, offset=a
Test: DTLB, 261896d0303e5ee8
tag=68181f2, index=0, offset=1ee8
Test: L1, ffffffffa7dcf52c
tag=fa7dcf, index=29, offset=c
Test: L2, 87422c7e5ab914de
tag=72d5c, index=8a6, offset=1e
Test: DTLB, 8bd295c159fd1371
tag=60acfe8, index=0, offset=1371
Test: L1, ffffffffff54a11d
tag=fff54a, index=8, offset=1d
Test: L2, 1792dbf27c189346
tag=13e0c, index=49a, offset=6
Test: DTLB, 8dd121b07b1d4fd8
tag=583d8ea, index=0, offset=fd8
Test: L1, fe7fe6e8089cd0fc
tag=8089cd, index=7, offset=1c
Test: L2, ffffffffd00302e8
tag=7e801, index=817, offset=8
Test: DTLB, 12391af4463a2fb0
tag=7a231d1, index=0, offset=fb0
Test: L1, ba98da0e12a705e1
tag=e12a70, index=2f, offset=1
Test: L2, ffffffffcd8313f5
tag=7e6c1, index=89f, offset=15
Test: DTLB, 51950de01ccb1574
tag=700e658, index=0, offset=1574
Test: L1, ffffffffb624a539
tag=fb624a, index=29, offset=19
Test: L2, 4560ab6650a891e
tag=33285, index=448, offset=1e
Test: DTLB, e3876d061bb4c52
tag=6830dda, index=0, offset=c52
Test: L1, a14788b3313d712f
tag=3313d7, index=9, offset=f
Test: L2, 9c2439e67cc2ec5
tag=733e6, index=176, offset=5
Test: DTLB, 3d1c30ef1d7c4efc
tag=778ebe2, index=0, offset=efc
Test: L1, 18cafcbc5838594e
tag=c58385, index=4a, offset=e
Test: L2, ffffffff98c67a7d
tag=7cc63, index=3d3, offset=1d
Test: DTLB, ffffffffd13ae207
tag=7fe89d7, index=0, offset=207
Test: L1, bc51cc9a0e8b66c6
tag=a0e8b6, index=36, offset=6
Test: L2, ffffffff8f31851d
tag=7c798, index=c28, offset=1d
Test: DTLB, 4f7de42454349d01
tag=122a1a4, index=0, offset=1d01
Test: L1, a1a2f2df47f28248
tag=f47f28, index=12, offset=8
Test: L2, ca2c36a46dea2ef4
tag=236f5, index=177, offset=14
Test: DTLB, ffffffff88434702
tag=7fc421a, index=0, offset=702
Test: L1, 51c76d2b19c8d125
tag=b19c8d, index=9, offset=5
Test: L2, 5c231a8d1cba1e53
tag=68e5d, index=f2, offset=13
Test: DTLB, ffffffff8946a2cc
tag=7fc4a35, index=0, offset=2cc
Test: L1, ffffffffde143d1d
tag=fde143, index=68, offset=1d
Test: L2, ffffffffe2bd9777
tag=7f15e, index=cbb, offset=17
Test: DTLB, ffffffffcca504bf
tag=7fe6528, index=0, offset=4bf
Test: L1, ffffffffc0e41fae
tag=fc0e41, index=7d, offset=e
Test: L2, 652870217c046572
tag=be02, index=32b, offset=12
Test: DTLB, fffffffffdf77b15
tag=7ffefbb, index=0, offset=1b15
Test: L1, ffffffffec4bbcc2
tag=fec4bb, index=66, offset=2
Test: L2, 3756eb3c13a580c5
tag=609d2, index=c06, offset=5
Test: DTLB, ffffffffd776c4a6
tag=7febbb6, index=0, offset=4a6
Test: L1, fffffffff7394470
tag=ff7394, index=23, offset=10
Test: L2, da038eee18640485
tag=70c32, index=24, offset=5
Test: DTLB, ffffffffb289381c
tag=7fd9449, index=0, offset=181c
Test: L1, c695a307794c9590
tag=7794c9, index=2c, offset=10
Test: L2, ffffffffacb22c94
tag=7d659, index=164, offset=14
Test: DTLB, fffffffff0c7750e
tag=7ff863b, index=0, offset=150e
Test: L1, ffffffffebe1a06a
tag=febe1a, index=3, offset=a
Test: L2, e2e08937066117a6
tag=38330, index=8bd, offset=6
Test: DTLB, 2deb0f21401d0401
tag=10a00e8, index=0, offset=401
Test: L1, ffffffffa02911fc
tag=fa0291, index=f, offset=1c
Test: L2, ffffffff9e198ed6
tag=7cf0c, index=c76, offset=16
Test: DTLB, ffffffffb6e6ef82
tag=7fdb737, index=0, offset=f82
Test: L1, ffffffff94eb57a3
tag=f94eb5, index=3d, offset=3
Test: L2, 7c3108125288df28
tag=12944, index=6f9, offset=8
Test: DTLB, 1180513f6f537c26
tag=1fb7a9b, index=0, offset=1c26
Test: L1, ffffffffc8713797
tag=fc8713, index=3c, offset=17
Test: L2, 47c3643071773769
tag=38bb, index=9bb, offset=9
Test: DTLB, ffffffff969a137b
tag=7fcb4d0, index=0, offset=137b
Test: L1, 73e32079583bfa57
tag=9583bf, index=52, offset=17
Test: L2, ffffffff88b3328f
tag=7c459, index=994, offset=f
Test: DTLB, c72d88df03d96c72
tag=6f81ecb, index=0, offset=c72
Test: L1, ffffffff8b6d2085
tag=f8b6d2, index=4, offset=5
Test: L2, ffffffffd5115e4f
tag=7ea88, index=af2, offset=f
Test: DTLB, 32c7bfd6038f03c1
tag=6b01c78, index=0, offset=3c1
Test: L1, ffffffff99cb5b45
tag=f99cb5, index=5a, offset=5
Test: L2, ffffffffe171eaec
tag=7f0b8, index=f57, offset=c
Test: DTLB, ffffffff80ac6015
tag=7fc0563, index=0, offset=15
Test: L1, 18563970369d332
tag=70369d, index=19, offset=12
Test: L2, ffffffffabb3e777
tag=7d5d9, index=f3b, offset=17
Test: DTLB, 3bc40d2d5a70b645
tag=16ad385, index=0, offset=1645
Test: L1, 4f28481d07c1b96e
tag=d07c1b, index=4b, offset=e
Test: L2, 7a1f25c064ba05ca
tag=325d, index=2e, offset=a
Test: DTLB, 714065b7698336b8
tag=5bb4c19, index=0, offset=16b8
Test: L1, ea6829c561c0a64e
tag=561c0a, index=32, offset=e
Test: L2, a4c5a55d10336bc6
tag=68819, index=b5e, offset=6
Test: DTLB, f9a1975c61b3f4a2
tag=2e30d9f, index=0, offset=14a2
Test: L1, 3322c2fd0bcecbe1
tag=d0bcec, index=5f, offset=1
Test: L2, ffffffffea916176
tag=7f548, index=b0b, offset=16
Test: DTLB, ffffffffd5af4724
tag=7fead7a, index=0, offset=724
Test: L1, 72dd03392ab5ff8a
tag=92ab5f, index=7c, offset=a
Test: L2, ffffffffcee16c85
tag=7e770, index=b64, offset=5
Test: DTLB, ffffffffbd9324f4
tag=7fdec99, index=0, offset=4f4
Test: L1, 9049cc3746b3c7ef
tag=746b3c, index=3f, offset=f
Test: L2, fffffffff84f384a
tag=7fc27, index=9c2, offset=a
Test: DTLB, c7f5bc8047633b51
tag=4023b19, index=0, offset=1b51
Test: L1, 75d238974da046cb
tag=74da04, index=36, offset=b
Test: L2, e4119b335ceffb7e
tag=1ae77, index=fdb, offset=1e
Test: DTLB, ffffffffba85bd95
tag=7fdd42d, index=0, offset=1d95
Test: L1, ffffffffd16017ec
tag=fd1601, index=3f, offset=c
Test: L2, ffffffff9be92449
tag=7cdf4, index=922, offset=9
Test: DTLB, 43600ab81f7747f2
tag=5c0fbba, index=0, offset=7f2
Test: L1, ffffffffb6f84113
tag=fb6f84, index=8, offset=13
Test: L2, ffffffffa198bf5c
tag=7d0cc, index=5fa, offset=1c
Test: DTLB, 88967bc17b745d1b
tag=60bdba2, index=0, offset=1d1b
Test: L1, 10b56bec43296b46
tag=c43296, index=5a, offset=6
Test: L2, 516718e509c298de
tag=284e1, index=4c6, offset=1e
Test: DTLB, fffffffff29fe042
tag=7ff94ff, index=0, offset=42
Test: L1, ffffffff9e783628
tag=f9e783, index=31, offset=8
Test: L2, ffffffffdd6f303a
tag=7eeb7, index=981, offset=1a
Test: DTLB, 148c62f42a4b286c
tag=7a15259, index=0, offset=86c
Test: L1, 49c6e2b71fd839e9
tag=71fd83, index=4f, offset=9
Test: L2, ffffffffaee44aad
tag=7d772, index=255, offset=d
Test: DTLB, 51117e061a9cd829
tag=30d4e6, index=0, offset=1829
Test: L1, ffffffff84ad8264
tag=f84ad8, index=13, offset=4
Test: L2, c5dbc6ec5bdae596
tag=62ded, index=72c, offset=16
Test: DTLB, 63e5f99764c70994
tag=4bb2638, index=0, offset=994
Test: L1, ffffffffd5cfee52
tag=fd5cfe, index=72, offset=12
Test: L2, af39229731f95e68
tag=398fc, index=af3, offset=8
Test: DTLB, ffffffffe9256473
tag=7ff492b, index=0, offset=473
Test: L1, ffffffffbec13263
tag=fbec13, index=13, offset=3
Test: L2, a8fbadbb63152ce1
tag=5b18a, index=967, offset=1
Test: DTLB, 4bdd55553a96ecac
tag=2a9d4b7, index=0, offset=cac
Test: L1, ffffffff91aa7030
tag=f91aa7, index=1, offset=10
Test: L2, ffffffff96fc674c
tag=7cb7e, index=33a, offset=c
Test: DTLB, c9578944a6938a7
tag=4a25349, index=0, offset=18a7
Test: L1, fffffffff26c50ef
tag=ff26c5, index=7, offset=f
Test: L2, 3486def85b22ff1e
tag=42d91, index=7f8, offset=1e
Test: DTLB, e7f3a5e71c251224
tag=738e128, index=0, offset=1224
Test: L1, ffffffffba1e14f8
tag=fba1e1, index=27, offset=18
Test: L2, d5bfe78a0bebca97
tag=505f5, index=e54, offset=17
Test: DTLB, ffffffffa38ef154
tag=7fd1c77, index=0, offset=1154
Test: L1, ffffffff93b6be47
tag=f93b6b, index=72, offset=7
Test: L2, e5a6b9a11daceb82
tag=8ed6, index=75c, offset=2
Test: DTLB, d2042d7b041045b7
tag=3d82082, index=0, offset=5b7
Test: L1, aabd1ccd08ff968c
tag=d08ff9, index=34, offset=c
Test: L2, fffffffff444f1b5
tag=7fa22, index=78d, offset=15
Test: DTLB, ffffffffd3239e4f
tag=7fe991c, index=0, offset=1e4f
Test: L1, 74db4e7f595b73a6
tag=f595b7, index=1d, offset=6
Test: L2, 18d25ad16bed1a27
tag=b5f6, index=8d1, offset=7
Test: DTLB, 54f220806b2c1be2
tag=4035960, index=0, offset=1be2
Test: L1, ffffffffb94e61e3
tag=fb94e6, index=f, offset=3
Test: L2, fffffffff037fc77
tag=7f81b, index=fe3, offset=17
Test: DTLB, ad8187350768e8ce
tag=1a83b47, index=0, offset=8ce
Test: L1, ffffffffebc2b99a
tag=febc2b, index=4c, offset=1a
Test: L2, 2fa6a43362d55615
tag=1b16a, index=ab0, offset=15
Test: DTLB, e334ad0364fec842
tag=1b27f6, index=0, offset=842
Test: L1, 6eb913079e42f97
tag=79e42, index=7c, offset=17
Test: L2, ffffffffa40e83e8
tag=7d207, index=41f, offset=8
Test: DTLB, 814f4c3b38592504
tag=1d9c2c9, index=0, offset=504
Test: L1, ffffffffc63722d9
tag=fc6372, index=16, offset=19
Test: L2, ffffffffd1185b1c
tag=7e88c, index=2d8, offset=1c
Test: DTLB, ffffffff96e71c7e
tag=7fcb738, index=0, offset=1c7e
Test: L1, fffffffff5366efa
tag=ff5366, index=77, offset=1a
Test: L2, e290566c24f0de6b
tag=61278, index=6f3, offset=b
Test: DTLB, ec60d6d72c6742e1
tag=6b9633a, index=0, offset=2e1
Test: L1, ffffffff8d03fc27
tag=f8d03f, index=61, offset=7
Test: L2, 8a84d32e734a5eeb
tag=739a5, index=2f7, offset=b
Test: DTLB, e82896926c37a38d
tag=49361bd, index=0, offset=38d
Test: L1, ffffffffe742e779
tag=fe742e, index=3b, offset=19
Test: L2, ef3ba78201a10588
tag=100d0, index=82c, offset=8
Test: DTLB, ffffffffde535bda
tag=7fef29a, index=0, offset=1bda
Test: L1, ffffffffa375d5ee
tag=fa375d, index=2f, offset=e
Test: L2, ffffffffe60b4208
tag=7f305, index=a10, offset=8
Test: DTLB, ffffffffbc8a9d40
tag=7fde454, index=0, offset=1d40
Test: L1, fc87a9987b2bbc7d
tag=87b2bb, index=63, offset=1d
Test: L2, fffffffffba37978
tag=7fdd1, index=bcb, offset=18
Test: DTLB, 7612241e776beda1
tag=f3bb5f, index=0, offset=da1
Test: L1, 60e11ca328c8191d
tag=328c81, index=48, offset=1d
Test: L2, 333531d904979884
tag=4824b, index=cc4, offset=4
Test: DTLB, 9862120159556046
tag=acaab, index=0, offset=46
Test: L1, ffffffff87d72cf7
tag=f87d72, index=67, offset=17
Test: L2, ffffffffd108ae9f
tag=7e884, index=574, offset=1f
Test: DTLB, d766d1be3dcbad39
tag=5f1ee5d, index=0, offset=d39
Test: L1, 8a2a0e3362697c2e
tag=362697, index=61, offset=e
Test: L2, ffffffff80472bb4
tag=7c023, index=95d, offset=14
Test: DTLB, ffffffffacddd0d7
tag=7fd66ee, index=0, offset=10d7
Test: L1, 3d297c8b24171eac
tag=b24171, index=75, offset=c
Test: L2, ffffffffeac55108
tag=7f562, index=a88, offset=8
Test: DTLB, 633a17fd4743623d
tag=7ea3a1b, index=0, offset=23d
Test: L1, b781f934102d0b22
tag=4102d0, index=59, offset=2
Test: L2, be0d82c322077d17
tag=19103, index=be8, offset=17
Test: DTLB, ffffffffaab65a1d
tag=7fd55b2, index=0, offset=1a1d
Test: L1, 801fca4272946fb0
tag=272946, index=7d, offset=10
Test: L2, 8112ffeb7a8c528d
tag=5bd46, index=294, offset=d
Test: DTLB, 83eca4c915e6c8da
tag=648af36, index=0, offset=8da
Test: L1, ffffffffc5cc0409
tag=fc5cc0, index=20, offset=9
Test: L2, 518df308330b43d2
tag=41985, index=a1e, offset=12
Test: DTLB, fffffffffb5c4f2c
tag=7ffdae2, index=0, offset=f2c
Test: L1, 1b5ad34d46c63325
tag=d46c63, index=19, offset=5
Test: L2, ffffffffab1c010b
tag=7d58e, index=8, offset=b
Test: DTLB, ffffffff9ca5b38a
tag=7fce52d, index=0, offset=138a
Test: L1, ffffffffcb56a4a6
tag=fcb56a, index=25, offset=6
Test: L2, ffffffffb8c41f7c
tag=7dc62, index=fb, offset=1c
Test: DTLB, ffffffffc8c5963e
tag=7fe462c, index=0, offset=163e
Test: L1, 11239c2751b31076
tag=751b31, index=3, offset=16
Test: L2, ffffffffb6b8ed4d
tag=7db5c, index=76a, offset=d
Test: DTLB, 9ed66d447f005adb
tag=223f802, index=0, offset=1adb
Test: L1, e33acd866ffb1c2a
tag=66ffb1, index=61, offset=a
Test: L2, ffffffffd7fc75c6
tag=7ebfe, index=3ae, offset=6
Test: DTLB, 2b9008ef143a6892
tag=778a1d3, index=0, offset=892
Test: L1, fffffffff528211c
tag=ff5282, index=8, offset=1c
Test: L2, 66c3e9461e58f6f6
tag=30f2c, index=7b7, offset=16
Test: DTLB, ffffffffb1b70406
tag=7fd8db8, index=0, offset=406
Test: L1, 24e2ac20e872b11
tag=20e872, index=58, offset=11
Test: L2, f36661171fc6f2fa
tag=38fe3, index=797, offset=1a
Test: DTLB, ffffffffaeebaf3f
tag=7fd775d, index=0, offset=f3f
Test: L1, ffffffffae352b22
tag=fae352, index=59, offset=2
Test: L2, fffffffff5c4a088
tag=7fae2, index=504, offset=8
Test: DTLB, 98d9e86f618cdf22
tag=37b0c66, index=0, offset=1f22
Test: L1, ffffffff9923aa54
tag=f9923a, index=52, offset=14
Test: L2, ffffffffd0e16921
tag=7e870, index=b49, offset=1
Test: DTLB, ffffffff9ed143be
tag=7fcf68a, index=0, offset=3be
Test: L1, b7b1df681fd893d8
tag=81fd89, index=1e, offset=18
Test: L2, 6e3f254e6f2cfb91
tag=73796, index=7dc, offset=11
Test: DTLB, ffffffffdbeea636
tag=7fedf75, index=0, offset=636
Test: L1, c52a30ae0bdab666
tag=e0bdab, index=33, offset=6
Test: L2, 9a5cd230396c4e5a
tag=1cb6, index=272, offset=1a
Test: DTLB, 751569278fb1610
tag=493c7d8, index=0, offset=1610
Test: L1, ffffffffb03db2aa
tag=fb03db, index=15, offset=a
Test: L2, ffffffffa7e98203
tag=7d3f4, index=c10, offset=3
Test: DTLB, ffffffffee452781
tag=7ff7229, index=0, offset=781
Test: L1, ffffffffb807c233
tag=fb807c, index=11, offset=13
Test: L2, ffffffffa8aa67f5
tag=7d455, index=33f, offset=15
Test: DTLB, e6fcaf203dffa9a6
tag=101effd, index=0, offset=9a6
Test: L1, 69735522855f9c2
tag=22855f, index=4e, offset=2
Test: L2, 7d3a3ab45227aebb
tag=22913, index=d75, offset=1b
Test: DTLB, ffffffffef6bb3b4
tag=7ff7b5d, index=0, offset=13b4
Test: L1, ffffffffb5ed2a83
tag=fb5ed2, index=54, offset=3
Test: L2, a3c5ff5f3c6718f8
tag=79e33, index=8c7, offset=18
Test: DTLB, 170a6c1b6a8caec9
tag=db5465, index=0, offset=ec9
Test: L1, 55f31adb762efd54
tag=b762ef, index=6a, offset=14
Test: L2, ffffffffb30fa30a
tag=7d987, index=d18, offset=a
Test: DTLB, ab7f48e1726a9df8
tag=70b9354, index=0, offset=1df8
Test: L1, 9ce8189c46273023
tag=c46273, index=1, offset=3
Test: L2, db482b7a1180bafb
tag=508c0, index=5d7, offset=1b
Test: DTLB, ffffffff82ddc3c9
tag=7fc16ee, index=0, offset=3c9
Test: L1, a802627470979ab0
tag=470979, index=55, offset=10
Test: L2, ffffffff9404a495
tag=7ca02, index=524, offset=15
Test: DTLB, ffffffffbfc9e447
tag=7fdfe4f, index=0, offset=447
Test: L1, fffffffff957d227
tag=ff957d, index=11, offset=7
Test: L2, 7a0f23bb22963356
tag=5914b, index=19a, offset=16
Test: DTLB, ffffffff8e04a3df
tag=7fc7025, index=0, offset=3df
Test: L1, ffffffffb0fdbc25
tag=fb0fdb, index=61, offset=5
Test: L2, ffffffffc92e75ca
tag=7e497, index=3ae, offset=a
Test: DTLB, 8dca9f4b4a9c74e9
tag=25a54e3, index=0, offset=14e9
Test: L1, ffffffff88ab2e74
tag=f88ab2, index=73, offset=14
Test: L2, 8524ff377c31b926
tag=3be18, index=dc9, offset=6
Test: DTLB, ffffffff8f771930
tag=7fc7bb8, index=0, offset=1930
Test: L1, ffffffffb1793521
tag=fb1793, index=29, offset=1
Test: L2, abbe02527ed0327c
tag=13f68, index=193, offset=1c
Test: DTLB, ffffffffa68709a7
tag=7fd3438, index=0, offset=9a7
Test: L1, 88641d1f273f4375
tag=f273f4, index=1b, offset=15
Test: L2, 5636991833d4661d
tag=419ea, index=330, offset=1d
Test: DTLB, ec0439376b91fcde
tag=1bb5c8f, index=0, offset=1cde
Test: L1, ffffffffb84cf518
tag=fb84cf, index=28, offset=18
Test: L2, ffffffffe9e679ad
tag=7f4f3, index=3cd, offset=d
Test: DTLB, ffffffffba6a88cc
tag=7fdd354, index=0, offset=8cc
Test: L1, ffffffffe4b82853
tag=fe4b82, index=42, offset=13
Test: L2, 5379f9e37a2342da
tag=1bd11, index=a16, offset=1a
Test: DTLB, ffffffffdbc822b1
tag=7fede41, index=0, offset=2b1
Test: L1, e0225c550c911d8c
tag=50c911, index=6c, offset=c
Test: L2, ffffffffd0b8e6fa
tag=7e85c, index=737, offset=1a
Test: DTLB, 8949b477bf4fe13
tag=23bdfa7, index=0, offset=1e13
Test: L1, 8e43a15445c520e1
tag=445c52, index=7, offset=1
Test: L2, 25d70a862031e7c
tag=43101, index=8f3, offset=1c
Test: DTLB, ffffffff8543a466
tag=7fc2a1d, index=0, offset=466
Test: L1, ea86b2dc6ef51195
tag=c6ef51, index=c, offset=15
Test: L2, a78174b701e75a4f
tag=380f3, index=ad2, offset=f
Test: DTLB, 6159bd2043956990
tag=1021cab, index=0, offset=990
Test: L1, d11331fb3ea3b8c8
tag=b3ea3b, index=46, offset=8
Test: L2, e4443e0800dc8174
tag=4006e, index=40b, offset=14
Test: DTLB, 19d004b64d826838
tag=5b26c13, index=0, offset=838
Test: L1, ffffffff90121478
tag=f90121, index=23, offset=18
Test: L2, fffffffff4ed96b5
tag=7fa76, index=cb5, offset=15
Test: DTLB, 8c9d52ad669ceabd
tag=56b34e7, index=0, offset=abd
Test: L1, ffffffffe88660b6
tag=fe8866, index=5, offset=16
Test: L2, 909e0349364d2b92
tag=49b26, index=95c, offset=12
Test: DTLB, ffffffffe554a397
tag=7ff2aa5, index=0, offset=397
Test: L1, ffffffffe29b0bf8
tag=fe29b0, index=5f, offset=18
Test: L2, 48d9fb38543dc34f
tag=42a1e, index=e1a, offset=f
Test: DTLB, ffffffffbc8f8287
tag=7fde47c, index=0, offset=287
Test: L1, dca5bf0574ba694c
tag=574ba6, index=4a, offset=c
Test: L2, ffffffff85dcfaa4
tag=7c2ee, index=7d5, offset=4
Test: DTLB, fffffffff874eadb
tag=7ffc3a7, index=0, offset=adb
Test: L1, e04319ca4b0041a4
tag=a4b004, index=d, offset=4
Test: L2, 2d7cc8330963d837
tag=184b1, index=ec1, offset=17
Test: DTLB, 32e4f7ef4016962e
tag=77a00b4, index=0, offset=162e
Test: L1, ffffffffd864345e
tag=fd8643, index=22, offset=1e
Test: L2, ffffffff8378e7c2
tag=7c1bc, index=73e, offset=2
Test: DTLB, be208b4d266837be
tag=2693341, index=0, offset=17be
Test: L1, b0166c1168cfbe0c
tag=168cfb, index=70, offset=c
Test: L2, ffffffffb7935557
tag=7dbc9, index=aaa, offset=17
Test: DTLB, ffffffff9480daf3
tag=7fca406, index=0, offset=1af3
Test: L1, 561de32f43108aa8
tag=f43108, index=55, offset=8
Test: L2, 268f1985213c69d3
tag=2909e, index=34e, offset=13
Test: DTLB, ffffffff9ba4b187
tag=7fcdd25, index=0, offset=1187
Test: L1, ffffffff882d3046
tag=f882d3, index=2, offset=6
Test: L2, 112ef03f2ee799e7
tag=79773, index=ccf, offset=7
Test: DTLB, 939bb14b3e3eba90
tag=259f1f5, index=0, offset=1a90
Test: L1, ffffffffe2d12c98
tag=fe2d12, index=64, offset=18
Test: L2, e447391c5ac4c302
tag=62d62, index=618, offset=2
Test: DTLB, 369c6b1266af8373
tag=93357c, index=0, offset=373
Test: L1, eb2118a2feb2ed0
tag=a2feb2, index=76, offset=10
Test: L2, ffffffffcefdda80
tag=7e77e, index=ed4, offset=0
Test: DTLB, ffffffff80eb388a
tag=7fc0759, index=0, offset=188a
Test: L1, ffffffff813a3dea
tag=f813a3, index=6f, offset=a
Test: L2, ffffffffaf1e71ab
tag=7d78f, index=38d, offset=b
Test: DTLB, 43dbbf9565b115d4
tag=4ab2d88, index=0, offset=15d4
Test: L1, 4cd2c5714d48fecf
tag=14d48f, index=76, offset=f
Test: L2, 648366ef57088172
tag=7ab84, index=40b, offset=12
Test: DTLB, ffffffffcc2f44ae
tag=7fe617a, index=0, offset=4ae
Test: L1, 7040a9b443746ed1
tag=443746, index=76, offset=11
Test: L2, fffffffff3b98b3d
tag=7f9dc, index=c59, offset=1d
Test: DTLB, ffffffffadd0b372
tag=7fd6e85, index=0, offset=1372
Test: L1, ffffffffaaec4aa5
tag=faaec4, index=55, offset=5
Test: L2, 77e641104a4432c4
tag=2522, index=196, offset=4
Test: DTLB, ffffffffc95ab6db
tag=7fe4ad5, index=0, offset=16db
Test: L1, fffffffff31049bf
tag=ff3104, index=4d, offset=1f
Test: L2, ffffffffd4261f23
tag=7ea13, index=f9, offset=3
Test: DTLB, ffffffffab0185bd
tag=7fd580c, index=0, offset=5bd
Test: L1, c9520f6706a4f27d
tag=706a4f, index=13, offset=1d
Test: L2, e26c53ba29bcfaf3
tag=514de, index=7d7, offset=13
Test: DTLB, ffffffffcc427f54
tag=7fe6213, index=0, offset=1f54
Test: L1, 19ad1b523e5ba8bb
tag=23e5ba, index=45, offset=1b
Test: L2, ffffffffc6f4feff
tag=7e37a, index=7f7, offset=1f
Test: DTLB, 23877ceb09b8ede8
tag=7584dc7, index=0, offset=de8
Test: L1, 88c3410737f00466
tag=737f00, index=23, offset=6
Test: L2, ffffffffe6994450
tag=7f34c, index=a22, offset=10
Test: DTLB, fffffffff83f3cc9
tag=7ffc1f9, index=0, offset=1cc9
Test: L1, ffffffff826ecbc1
tag=f826ec, index=5e, offset=1
Test: L2, ffffffffe858a814
tag=7f42c, index=540, offset=14
Test: DTLB, ffffffffd5e11cd3
tag=7feaf08, index=0, offset=1cd3
Test: L1, ffffffffb275d1e2
tag=fb275d, index=f, offset=2
Test: L2, ffffffffe88ea687
tag=7f447, index=534, offset=7
Test: DTLB, ffffffff9939a0e0
tag=7fcc9cd, index=0, offset=e0
Test: L1, ffffffffa3b82ab7
tag=fa3b82, index=55, offset=17
Test: L2, 69927e786f4807ee
tag=437a4, index=3f, offset=e
Test: DTLB, 6881df75133c2587
tag=3a899e1, index=0, offset=587
Test: L1, ffffffffc170ad1e
tag=fc170a, index=68, offset=1e
Test: L2, d1019d584a5a2458
tag=4252d, index=122, offset=18
Test: DTLB, ffffffffe5af9781
tag=7ff2d7c, index=0, offset=1781
Test: L1, fffffffff4220ead
tag=ff4220, index=75, offset=d
Test: L2, 70368b52549f69e4
tag=12a4f, index=b4f, offset=4
Test: DTLB, f937d19f1307d87f
tag=4f8983e, index=0, offset=187f
Test: L1, 12c3d4cc0512e1e9
tag=c0512e, index=f, offset=9
Test: L2, ffffffffc1cbd7e0
tag=7e0e5, index=ebf, offset=0
Test: DTLB, ffffffffb0224ae4
tag=7fd8112, index=0, offset=ae4
Test: L1, fffffffffc5adc0e
tag=ffc5ad, index=60, offset=e
Test: L2, 60567bfd79fcf3a0
tag=6bcfe, index=79d, offset=0
Test: DTLB, ffffffffc375ebec
tag=7fe1baf, index=0, offset=bec
Test: L1, 83d64865588b8cc0
tag=5588b8, index=66, offset=0
Test: L2, ffffffffa321cd01
tag=7d190, index=e68, offset=1
Test: DTLB, ffffffff823664e8
tag=7fc11b3, index=0, offset=4e8
Test: L1, 4efc2a9f456732a8
tag=f45673, index=15, offset=8
Test: L2, ffffffffe5621fa3
tag=7f2b1, index=fd, offset=3
Test: DTLB, ffffffff8b1d6b45
tag=7fc58eb, index=0, offset=b45
Test: L1, ffffffffd683bc26
tag=fd683b, index=61, offset=6
Test: L2, d62963a008541710
tag=42a, index=b8, offset=10
Test: DTLB, fffffffff1b5462f
tag=7ff8daa, index=0, offset=62f
Test: L1, 14f45d6157dd0a07
tag=157dd0, index=50, offset=7
Test: L2, 1203adc7352bb07c
tag=39a95, index=d83, offset=1c
Test: DTLB, ffffffffbb8e3b3c
tag=7fddc71, index=0, offset=1b3c
Test: L1, 88c168450d5469c5
tag=50d546, index=4e, offset=5
Test: L2, 51463e864d564f19
tag=326ab, index=278, offset=19
Test: DTLB, e478a91b36e9779d
tag=d9b74b, index=0, offset=179d
Test: L1, 4220cd2517f4ff49
tag=517f4f, index=7a, offset=9
Test: L2, ffffffffdc23ba47
tag=7ee11, index=dd2, offset=7
Test: DTLB, ffffffffc9fa1183
tag=7fe4fd0, index=0, offset=1183
Test: L1, c96be012312a9be4
tag=2312a9, index=5f, offset=4
Test: L2, ffffffffb84db3e2
tag=7dc26, index=d9f, offset=2
Test: DTLB, fffffffff84c73ae
tag=7ffc263, index=0, offset=13ae
Test: L1, ecff7de87a3539d3
tag=87a353, index=4e, offset=13
Test: L2, 78eec7f401f0cee7
tag=200f8, index=677, offset=7
Test: DTLB, ffffffffddced3b7
tag=7feee76, index=0, offset=13b7
Test: L1, ffffffffc96051f3
tag=fc9605, index=f, offset=13
Test: L2, ffffffffef282b1e
tag=7f794, index=158, offset=1e
Test: DTLB, f57f34a6055c10a5
tag=5302ae0, index=0, offset=10a5
Test: L1, ffffffff8b8a3325
tag=f8b8a3, index=19, offset=5
Test: L2, 2ec99d9d6739ad95
tag=6b39c, index=d6c, offset=15
Test: DTLB, 5223abb0541aa7bc
tag=582a0d5, index=0, offset=7bc
Test: L1, 773304365a97c6c7
tag=65a97c, index=36, offset=7
Test: L2, 612a4c5419012735
tag=20c80, index=939, offset=15
Test: DTLB, ffffffffc1b325ed
tag=7fe0d99, index=0, offset=5ed
Test: L1, ffffffffa0956a3c
tag=fa0956, index=51, offset=1c
Test: L2, ffffffffd0576483
tag=7e82b, index=b24, offset=3
Test: DTLB, ffffffffef46d7c5
tag=7ff7a36, index=0, offset=17c5
Test: L1, ffffffffd51c0270
tag=fd51c0, index=13, offset=10
Test: L2, 47b7219b1d747d21
tag=58eba, index=3e9, offset=1
Test: DTLB, ffffffffcd7a866b
tag=7fe6bd4, index=0, offset=66b
Test: L1, ffffffff9ed9872e
tag=f9ed98, index=39, offset=e
Test: L2, e00d2fda1877ea0f
tag=50c3b, index=f50, offset=f
Test: DTLB, 1293f299685dc096
tag=4cb42ee, index=0, offset=96
Test: L1, cfc8fad70f931a3c
tag=70f931, index=51, offset=1c
Test: L2, ffffffff8b531756
tag=7c5a9, index=8ba, offset=16
Test: DTLB, ffffffffd0b08b6f
tag=7fe8584, index=0, offset=b6f
Test: L1, 11d623672a9e7e19
tag=72a9e7, index=70, offset=19
Test: L2, ffffffffb2fdf693
tag=7d97e, index=fb4, offset=13
Test: DTLB, ffffffff9b5cac4b
tag=7fcdae5, index=0, offset=c4b
Test: L1, ffffffff961fb558
tag=f961fb, index=2a, offset=18
Test: L2, ffffffff9c43853d
tag=7ce21, index=c29, offset=1d
Test: DTLB, ffffffffd6833b91
tag=7feb419, index=0, offset=1b91
Test: L1, ffffffff8a6ab84e
tag=f8a6ab, index=42, offset=e
Test: L2, ffffffffd5528db6
tag=7eaa9, index=46d, offset=16
Test: DTLB, dba5c6ff44d03458
tag=7fa2681, index=0, offset=1458
Test: L1, ffffffffffebba75
tag=fffebb, index=53, offset=15
Test: L2, ffffffff9a19b1c7
tag=7cd0c, index=d8e, offset=7
Test: DTLB, ffffffff81703f0f
tag=7fc0b81, index=0, offset=1f0f
Test: L1, 4ffcfa175bd9861f
tag=75bd98, index=30, offset=1f
Test: L2, 6dd675d0370246c3
tag=1b81, index=236, offset=3
Test: DTLB, ffffffffc2341a94
tag=7fe11a0, index=0, offset=1a94
Test: L1, ffffffffee208145
tag=fee208, index=a, offset=5
Test: L2, ffffffffe8ee4efe
tag=7f477, index=277, offset=1e
Test: DTLB, 69c27ebf239c178f
tag=5f91ce0, index=0, offset=178f
Test: L1, 65c14edd00399898
tag=d00399, index=44, offset=18
Test: L2, ffffffffeeab932d
tag=7f755, index=c99, offset=d
Test: DTLB, ffffffffa449994e
tag=7fd224c, index=0, offset=194e
Test: L1, 64e52c7e73c24a46
tag=e73c24, index=52, offset=6
Test: L2, 36b6111f7e147900
tag=7bf0a, index=3c8, offset=0
Test: DTLB, 705fc257106e3c8b
tag=2b88371, index=0, offset=1c8b
Test: L1, ffffffffab86fc71
tag=fab86f, index=63, offset=11
Test: L2, ffffffffe61d55d0
tag=7f30e, index=aae, offset=10
Test: DTLB, 72ee9e5b135e1967
tag=2d89af0, index=0, offset=1967
Test: L1, 923b267c09d6e620
tag=c09d6e, index=31, offset=0
Test: L2, 9c9592a639bccf47
tag=31cde, index=67a, offset=7
Test: DTLB, ace687d229aab6ff
tag=6914d55, index=0, offset=16ff
Test: L1, ffffffff864dfa5c
tag=f864df, index=52, offset=1c
Test: L2, ffffffffe8391452
tag=7f41c, index=8a2, offset=12
Test: DTLB, ffffffff8e50da8a
tag=7fc7286, index=0, offset=1a8a
Test: L1, 912608af457dc2d9
tag=f457dc, index=16, offset=19
Test: L2, 40b9494d7521fbd9
tag=6ba90, index=fde, offset=19
Test: DTLB, e4a8ca414544192a
tag=20a2a20, index=0, offset=192a
Test: L1, fffffffffd2d2278
tag=ffd2d2, index=13, offset=18
Test: L2, ffffffff8f42a639
tag=7c7a1, index=531, offset=19
Test: DTLB, fffffffffba07fcf
tag=7ffdd03, index=0, offset=1fcf
Test: L1, ffffffffc581fc36
tag=fc581f, index=61, offset=16
Test: L2, ffffffffab46610a
tag=7d5a3, index=308, offset=a
Test: DTLB, 65a4defd04f87dc7
tag=7e827c3, index=0, offset=1dc7
Test: L1, ffffffffc4654e4d
tag=fc4654, index=72, offset=d
Test: L2, ffffffffff36706f
tag=7ff9b, index=383, offset=f
Test: DTLB, 512ecd62387351c8
tag=311c39a, index=0, offset=11c8
Test: L1, ffffffffee0633fa
tag=fee063, index=1f, offset=1a
Test: L2, ffffffffd2e6adc1
tag=7e973, index=56e, offset=1
Test: DTLB, 4bfef76d339dec59
tag=3699cef, index=0, offset=c59
Test: L1, 44a04e9207b60ffa
tag=207b60, index=7f, offset=1a
Test: L2, ffffffffc531915c
tag=7e298, index=c8a, offset=1c
Test: DTLB, c7b953114a664491
tag=8a5332, index=0, offset=491
Test: L1, ffffffffeb36f5ab
tag=feb36f, index=2d, offset=b
Test: L2, 64a820be09851f1d
tag=704c2, index=8f8, offset=1d
Test: DTLB, ffffffffebea419a
tag=7ff5f52, index=0, offset=19a
Test: L1, ffffffffaab824e8
tag=faab82, index=27, offset=8
Test: L2, 72c00bd51bcf8305
tag=28de7, index=c18, offset=5
Test: DTLB, 9ae219b86d49d5be
tag=5c36a4e, index=0, offset=15be
Test: L1, d7e4b97d220bc315
tag=d220bc, index=18, offset=15
Test: L2, 42559721627e9e92
tag=b13f, index=4f4, offset=12
Test: DTLB, ffffffff9c9d92dd
tag=7fce4ec, index=0, offset=12dd
Test: L1, ffffffff90503e05
tag=f90503, index=70, offset=5
Test: L2, ffffffff86783ba9
tag=7c33c, index=1dd, offset=9
Test: DTLB, 58ea1fca77028736
tag=653b814, index=0, offset=736
Test: L1, ffffffffd461d4cf
tag=fd461d, index=26, offset=f
Test: L2, 419501324624fca5
tag=12312, index=7e5, offset=5
Test: DTLB, cdf088d53756777
tag=46a9bab, index=0, offset=777
Test: L1, 4163fd181a453a26
tag=81a453, index=51, offset=6
Test: L2, ffffffffc0ff909a
tag=7e07f, index=c84, offset=1a
Test: DTLB, ffffffff902ae2be
tag=7fc8157, index=0, offset=2be
Test: L1, ffffffffa006e788
tag=fa006e, index=3c, offset=8
Test: L2, ba9027bd0b943963
tag=685ca, index=1cb, offset=3
Test: DTLB, 5cc3e75275ef741f
tag=293af7b, index=0, offset=141f
Test: L1, fa41ebc047aa0537
tag=47aa0, index=29, offset=17
Test: L2, ffffffffc24689dd
tag=7e123, index=44e, offset=1d
Test: DTLB, 8dd5adfb2305ce17
tag=7d9182e, index=0, offset=e17
Test: L1, 5005536c30027679
tag=c30027, index=33, offset=19
Test: L2, cd63392459b77496
tag=22cdb, index=ba4, offset=16
Test: DTLB, c996ff613b242858
tag=309d921, index=0, offset=858
Test: L1, bc840a913035413
tag=913035, index=20, offset=13
Test: L2, 61f766fd64277043
tag=6b213, index=b82, offset=3
Test: DTLB, d878b2632660750e
tag=3193303, index=0, offset=150e
Test: L1, f0aec6d554c5652e
tag=554c56, index=29, offset=e
Test: L2, e7080e050e5c327b
tag=2872e, index=193, offset=1b
Test: DTLB, 7c0a223708fd57c3
tag=1b847ea, index=0, offset=17c3
Test: L1, f0bc9b91fbdca34
tag=91fbdc, index=51, offset=14
Test: L2, ffffffff809ce04a
tag=7c04e, index=702, offset=a
Test: DTLB, ffffffff95273f42
tag=7fca939, index=0, offset=1f42
Test: L1, ffffffffee73d771
tag=fee73d, index=3b, offset=11
Test: L2, 533174f929cda590
tag=494e6, index=d2c, offset=10
Test: DTLB, 5f52b31e503e2301
tag=f281f1, index=0, offset=301
Test: L1, fffffffff58ae77a
tag=ff58ae, index=3b, offset=1a
Test: L2, ffffffffdffc7311
tag=7effe, index=398, offset=11
Test: DTLB, fffffffff666b69f
tag=7ffb335, index=0, offset=169f
Test: L1, fffffffff4616826
tag=ff4616, index=41, offset=6
Test: L2, ffffffffab725fb6
tag=7d5b9, index=2fd, offset=16
Test: DTLB, ffffffffdb293a5d
tag=7fed949, index=0, offset=1a5d
Test: L1, ffffffffdf5a4d8b
tag=fdf5a4, index=6c, offset=b
Test: L2, dfda13c5090501ab
tag=28482, index=80d, offset=b
Test: DTLB, ffffffffc8a2a430
tag=7fe4515, index=0, offset=430
Test: L1, ffffffffec11ec90
tag=fec11e, index=64, offset=10
Test: L2, 32cb11b0423b96bf
tag=211d, index=cb5, offset=1f
Test: DTLB, 8b9418232a51408c
tag=119528a, index=0, offset=8c
Test: L1, ffffffffacbe9205
tag=facbe9, index=10, offset=5
Test: L2, 8fd205652052b9cc
tag=29029, index=5ce, offset=c
Test: DTLB, b2cc3351334d2910
tag=2899a69, index=0, offset=910
Test: L1, fffffffff228ab77
tag=ff228a, index=5b, offset=17
Test: L2, ffffffffdc78c537
tag=7ee3c, index=629, offset=17
Test: DTLB, ffffffff8791f804
tag=7fc3c8f, index=0, offset=1804
Test: L1, ffffffff828db070
tag=f828db, index=3, offset=10
Test: L2, 82a7f1e6640f1898
tag=33207, index=8c4, offset=18
Test: DTLB, ffffffff83af4263
tag=7fc1d7a, index=0, offset=263
Test: L1, fffffffff91dd549
tag=ff91dd, index=2a, offset=9
Test: L2, 28c9d8cb35f0cb0c
tag=59af8, index=658, offset=c
Test: DTLB, ffffffffcee8ed98
tag=7fe7747, index=0, offset=d98
Test: L1, 9cd70efb7f6b5272
tag=b7f6b5, index=13, offset=12
Test: L2, 5c00ce165ca2bca5
tag=32e51, index=5e5, offset=5
Test: DTLB, 6c987dc11bb8f80e
tag=608ddc7, index=0, offset=180e
Test: L1, c822168c6152725d
tag=c61527, index=12, offset=1d
Test: L2, e34e070452fd5697
tag=2297e, index=ab4, offset=17
Test: DTLB, 3c2f5341a2bbe4f
tag=1a0d15d, index=0, offset=1e4f
Test: L1, d2eb46e801385784
tag=801385, index=3c, offset=4
Test: L2, ffffffffb75fe8b3
tag=7dbaf, index=f45, offset=13
Test: DTLB, ffffffff80209027
tag=7fc0104, index=0, offset=1027
Test: L1, ffffffffda5b5ad0
tag=fda5b5, index=56, offset=10
Test: L2, e8908e5615d747d8
tag=30aeb, index=a3e, offset=18
Test: DTLB, 33e1a03735736f6
tag=1b9ab9, index=0, offset=16f6
Test: L1, ffffffffa707e249
tag=fa707e, index=12, offset=9
Test: L2, 8872db864fded2ec
tag=327ef, index=697, offset=c
Test: DTLB, ffffffff8464d068
tag=7fc2326, index=0, offset=1068
Test: L1, e613ab10109233f2
tag=10923, index=1f, offset=12
Test: L2, ffffffffe8cd5e1c
tag=7f466, index=af0, offset=1c
Test: DTLB, 25350ac057b1c928
tag=602bd8e, index=0, offset=928
Test: L1, 9e72aff879280b17
tag=879280, index=58, offset=17
Test: L2, a1b681165fb80c3d
tag=32fdc, index=61, offset=1d
Test: DTLB, 9415a19e61dfb26b
tag=4f30efd, index=0, offset=126b
Test: L1, fffffffffb19ded9
tag=ffb19d, index=76, offset=19
Test: L2, 761c168a14be59b2
tag=50a5f, index=2cd, offset=12
Test: DTLB, 614f21b666392cf8
tag=5b331c9, index=0, offset=cf8
Test: L1, f07dfd2d229cca3e
tag=d229cc, index=51, offset=1e
Test: L2, a0dcf5c752928e13
tag=3a949, index=470, offset=13
Test: DTLB, ffffffff92459994
tag=7fc922c, index=0, offset=1994
Test: L1, a80eb0bb7d6b00cd
tag=b7d6b0, index=6, offset=d
Test: L2, ffffffff83d360f9
tag=7c1e9, index=b07, offset=19
Test: DTLB, ffffffffcb186ef9
tag=7fe58c3, index=0, offset=ef9
Test: L1, f8ba0982430a22a7
tag=2430a2, index=15, offset=7
Test: L2, c319b177426e3b20
tag=3a137, index=1d9, offset=0
Test: DTLB, a286b5047df12d27
tag=23ef89, index=0, offset=d27
Test: L1, ffffffffd6c117f1
tag=fd6c11, index=3f, offset=11
Test: L2, ffffffff862cef76
tag=7c316, index=77b, offset=16
Test: DTLB, 3d8f0ac91253c65b
tag=648929e, index=0, offset=65b
Test: L1, ffffffffe56f4468
tag=fe56f4, index=23, offset=8
Test: L2, 4bb5583745e6184d
tag=3a2f3, index=c2, offset=d
Test: DTLB, ffffffffbf968697
tag=7fdfcb4, index=0, offset=697
Test: L1, ffffffffe6999057
tag=fe6999, index=2, offset=17
Test: L2, ffffffffbb4d6a9f
tag=7dda6, index=b54, offset=1f
Test: DTLB, 4983e6c9214557e0
tag=6490a2a, index=0, offset=17e0
Test: L1, ffffffffa306fc52
tag=fa306f, index=62, offset=12
Test: L2, b7f9e1050bde8821
tag=285ef, index=441, offset=1
Test: DTLB, b9555918470ee027
tag=c23877, index=0, offset=27
Test: L1, d489d96d7470c7f9
tag=d7470c, index=3f, offset=19
Test: L2, 17cfc8f02a87ac58
tag=1543, index=d62, offset=18
Test: DTLB, ffffffff827924f8
tag=7fc13c9, index=0, offset=4f8
Test: L1, 50dad3622d0fd69e
tag=22d0fd, index=34, offset=1e
Test: L2, ffffffffdcf66b3b
tag=7ee7b, index=359, offset=1b
Test: DTLB, 6d43011930a7a4e1
tag=c9853d, index=0, offset=4e1
Test: L1, ffffffffd2a72387
tag=fd2a72, index=1c, offset=7
Test: L2, ffffffffe40f7845
tag=7f207, index=bc2, offset=5
Test: DTLB, e516f4f8713c5233
tag=7c389e2, index=0, offset=1233
Test: L1, ffffffffc9043c49
tag=fc9043, index=62, offset=9
Test: L2, 256ca0462bd42b33
tag=315ea, index=159, offset=13
Test: DTLB, d420e92169a39743
tag=10b4d1c, index=0, offset=1743
Test: L1, fffffffff43ac82f
tag=ff43ac, index=41, offset=f
Test: L2, cb32fdbf27e5ff83
tag=793f2, index=ffc, offset=3
Test: DTLB, ffffffffe440e9f4
tag=7ff2207, index=0, offset=9f4
Test: L1, 1cdff5d95b1bcd1a
tag=95b1bc, index=68, offset=1a
Test: L2, fffffffff10e6cd5
tag=7f887, index=366, offset=15
Test: DTLB, e72b11c36b5863e9
tag=61b5ac3, index=0, offset=3e9
Test: L1, d96ab41b0390a98b
tag=b0390a, index=4c, offset=b
Test: L2, 8ce6545d7faa905c
tag=6bfd5, index=482, offset=1c
Test: DTLB, ffffffffc8e7f456
tag=7fe473f, index=0, offset=1456
Test: L1, 3cab4e40622bbd16
tag=622bb, index=68, offset=16
Test: L2, ca14f0ec2bbf28fd
tag=615df, index=947, offset=1d
Test: DTLB, 597b436b60261d08
tag=35b0130, index=0, offset=1d08
Test: L1, 1773276d4863ef34
tag=d4863e, index=79, offset=14
Test: L2, 77d9f9e55fe7e49c
tag=2aff3, index=f24, offset=1c
Test: DTLB, ffffffff94fea08c
tag=7fca7f5, index=0, offset=8c
Test: L1, ffffffffeea18ca3
tag=feea18, index=65, offset=3
Test: L2, ffffffff855f95cd
tag=7c2af, index=cae, offset=d
Test: DTLB, ffffffffcccc8db6
tag=7fe6664, index=0, offset=db6
Test: L1, 69f0e89756ca28b5
tag=756ca2, index=45, offset=15
Test: L2, fffffffff7f36ab7
tag=7fbf9, index=b55, offset=17
Test: DTLB, 89a5512875283fbb
tag=143a941, index=0, offset=1fbb
Test: L1, 740a262115920ac3
tag=115920, index=56, offset=3
Test: L2, ffffffffb9b627e2
tag=7dcdb, index=13f, offset=2
Test: DTLB, 6dea8aec4d30db43
tag=7626986, index=0, offset=1b43
Test: L1, ffffffffd1ed660a
tag=fd1ed6, index=30, offset=a
Test: L2, 8dd73f961a553fc5
tag=30d2a, index=9fe, offset=5
Test: DTLB, 99f2dd5448d3b95c
tag=2a2469d, index=0, offset=195c
Test: L1, 4eed3b6e390ebf3c
tag=e390eb, index=79, offset=1c
Test: L2, ffffffffc9a35013
tag=7e4d1, index=a80, offset=13
Test: DTLB, f305a81d1448acb7
tag=e8a245, index=0, offset=cb7
Test: L1, 53116eb472da355
tag=b472da, index=1a, offset=15
Test: L2, 3adbdfdc58c172c4
tag=62c60, index=b96, offset=4
Test: DTLB, 97b4b5ac7c7f0596
tag=563e3f8, index=0, offset=596
Test: L1, ffffffffc2e55efe
tag=fc2e55, index=77, offset=1e
Test: L2, 92bfaaa02b0fcaa
tag=50158, index=7e5, offset=a
Test: DTLB, ffffffff90ed85f4
tag=7fc876c, index=0, offset=5f4
Test: L1, ffffffffaf1de7f6
tag=faf1de, index=3f, offset=16
Test: L2, ffffffffe1ffb4e1
tag=7f0ff, index=da7, offset=1
Test: DTLB, 94008659001748d3
tag=2c800ba, index=0, offset=8d3
Test: L1, ffffffffdcc1e789
tag=fdcc1e, index=3c, offset=9
Test: L2, ffffffff8df959bc
tag=7c6fc, index=acd, offset=1c
Test: DTLB, 623c1db874197a89
tag=5c3a0cb, index=0, offset=1a89
Test: L1, 99a297a72efb1720
tag=72efb1, index=39, offset=0
Test: L2, d035ce4b324e4e85
tag=59927, index=274, offset=5
Test: DTLB, cc24fa11cacbaec
tag=508e565, index=0, offset=1aec
Test: L1, ffffffffeaf7a9d1
tag=feaf7a, index=4e, offset=11
Test: L2, ffffffffd5f42228
tag=7eafa, index=111, offset=8
Test: DTLB, ffffffff96c85ca3
tag=7fcb642, index=0, offset=1ca3
Test: L1, ffffffffb90c1fba
tag=fb90c1, index=7d, offset=1a
Test: L2, ffffffffdb3c99fc
tag=7ed9e, index=4cf, offset=1c
Test: DTLB, ffffffffa48953df
tag=7fd244a, index=0, offset=13df
Test: L1, ffffffffe268dad9
tag=fe268d, index=56, offset=19
Test: L2, 21fe50de1bca1961
tag=70de5, index=cb, offset=1
Test: DTLB, 7c17513d1b9a5ad5
tag=1e8dcd2, index=0, offset=1ad5
Test: L1, ffffffffbfee0cd2
tag=fbfee0, index=66, offset=12
Test: L2, 76211e637f1b4a1
tag=31bf8, index=da5, offset=1
Test: DTLB, c72113b01fd0d220
tag=580fe86, index=0, offset=1220
Test: L1, 404386af694dd698
tag=f694dd, index=34, offset=18
Test: L2, 760f6abb0a01534c
tag=58500, index=a9a, offset=c
Test: DTLB, ffffffffbe279947
tag=7fdf13c, index=0, offset=1947
Test: L1, ffffffffafde8b7c
tag=fafde8, index=5b, offset=1c
Test: L2, dfa469607012252e
tag=3809, index=129, offset=e
Test: DTLB, 8ebb9ec1568a6d73
tag=60ab453, index=0, offset=d73
Test: L1, 62017234583fc29f
tag=4583fc, index=14, offset=1f
Test: L2, ffffffffc3189881
tag=7e18c, index=4c4, offset=1
Test: DTLB, 6bc7e4a6698ee4ba
tag=5334c77, index=0, offset=4ba
Test: L1, ffffffffe9a5ec8c
tag=fe9a5e, index=64, offset=c
Test: L2, ffffffffe7c1ce39
tag=7f3e0, index=e71, offset=19
Test: DTLB, ffffffffba8d66e8
tag=7fdd46b, index=0, offset=6e8
Test: L1, cbd9d163036d2cfa
tag=3036d2, index=67, offset=1a
Test: L2, b573ec673e6a7913
tag=39f35, index=3c8, offset=13
Test: DTLB, ffffffffa3a24958
tag=7fd1d12, index=0, offset=958
Test: L1, bbafeee62af47977
tag=62af47, index=4b, offset=17
Test: L2, 333980700d267754
tag=693, index=3ba, offset=14
Test: DTLB, ffffffffe2b6abb9
tag=7ff15b5, index=0, offset=bb9
Test: L1, d849df8b2140c65c
tag=b2140c, index=32, offset=1c
Test: L2, 748355d26272563
tag=69313, index=92b, offset=3
Test: DTLB, ffffffffa90d4240
tag=7fd486a, index=0, offset=240
Test: L1, 59835894d386a9c
tag=94d386, index=54, offset=1c
Test: L2, 15d7d86705e812e7
tag=382f4, index=97, offset=7
Test: DTLB, ffffffffbee4d4ad
tag=7fdf726, index=0, offset=14ad
Test: L1, ffffffffe54b3a69
tag=fe54b3, index=53, offset=9
Test: L2, ffffffffd0c80f95
tag=7e864, index=7c, offset=15
Test: DTLB, 3f407cdc60c1aa17
tag=6e3060d, index=0, offset=a17
Test: L1, ffffffffa9731356
tag=fa9731, index=1a, offset=16
Test: L2, fffffffff515ed9b
tag=7fa8a, index=f6c, offset=1b
Test: DTLB, ffffffffb1a84aab
tag=7fd8d42, index=0, offset=aab
Test: L1, 5a3df0c261b5c96a
tag=261b5c, index=4b, offset=a
Test: L2, ffffffffd77d1486
tag=7ebbe, index=8a4, offset=6
Test: DTLB, ffffffffd2b4d481
tag=7fe95a6, index=0, offset=1481
Test: L1, ffffffffb51a8da8
tag=fb51a8, index=6d, offset=8
Test: L2, ffffffffd094c3fe
tag=7e84a, index=61f, offset=1e
Test: DTLB, 676df9c522def073
tag=62916f7, index=0, offset=1073
Test: L1, ffffffffbbdad8fe
tag=fbbdad, index=47, offset=1e
Test: L2, ffffffff8b6e75f3
tag=7c5b7, index=3af, offset=13
Test: DTLB, fffffffff3891ec6
tag=7ff9c48, index=0, offset=1ec6
Test: L1, fffffffff548a239
tag=ff548a, index=11, offset=19
Test: L2, ffffffff8269f162
tag=7c134, index=f8b, offset=2
Test: DTLB, ffffffffad188ebe
tag=7fd68c4, index=0, offset=ebe
Test: L1, e9c41a9e29699d94
tag=e29699, index=6c, offset=14
Test: L2, ffffffffea238c4e
tag=7f511, index=c62, offset=e
Test: DTLB, ce722493296a09d9
tag=4994b50, index=0, offset=9d9
Test: L1, 519bc8700ac2cd37
tag=ac2c, index=69, offset=17
Test: L2, c59047795a54929f
tag=4ad2a, index=494, offset=1f
Test: DTLB, fffffffffd778dc5
tag=7ffebbc, index=0, offset=dc5
Test: L1, f643a75d75f29547
tag=d75f29, index=2a, offset=7
Test: L2, ffffffff88a4540a
tag=7c452, index=2a0, offset=a
Test: DTLB, bd1be7301507f582
tag=180a83f, index=0, offset=1582
Test: L1, 5fc9852f0a74ec28
tag=f0a74e, index=61, offset=8
Test: L2, ffffffff9fea7933
tag=7cff5, index=3c9, offset=13
Test: DTLB, e2ee98e04c5831de
tag=70262c1, index=0, offset=11de
Test: L1, 488fb78548f8a3ee
tag=548f8a, index=1f, offset=e
Test: L2, ffffffffb047d6e6
tag=7d823, index=eb7, offset=6
Test: DTLB, fb49b7663a868d3a
tag=331d434, index=0, offset=d3a
Test: L1, c214071b4ca895bd
tag=b4ca89, index=2d, offset=1d
Test: L2, ac0e8af71dc1733f
tag=38ee0, index=b99, offset=1f
Test: DTLB, 77a8d8191841bf85
tag=c8c20d, index=0, offset=1f85
Test: L1, c59c18ce069dbc9e
tag=e069db, index=64, offset=1e
Test: L2, ffffffffb45fe508
tag=7da2f, index=f28, offset=8
Test: DTLB, ffffffffbdb5f3df
tag=7fdedaf, index=0, offset=13df
Test: L1, 2c3117b213291e65
tag=213291, index=73, offset=5
Test: L2, fffffffffc1ac5fb
tag=7fe0d, index=62f, offset=1b
Test: DTLB, ffffffffdaaa2637
tag=7fed551, index=0, offset=637
Test: L1, ffffffffa38d5e40
tag=fa38d5, index=72, offset=0
Test: L2, ffffffffbcc00d7b
tag=7de60, index=6b, offset=1b
Test: DTLB, fffffffff8a53ce1
tag=7ffc529, index=0, offset=1ce1
Test: L1, f57d84993c536b1f
tag=93c536, index=58, offset=1f
Test: L2, 9ce76c2f7bfa2a5b
tag=7bdfd, index=152, offset=1b
Test: DTLB, 7bccd4af2e919068
tag=579748c, index=0, offset=1068
Test: L1, dc0601134e618f26
tag=34e618, index=79, offset=6
Test: L2, fffffffff1caadf1
tag=7f8e5, index=56f, offset=11
Test: DTLB, ffffffffdc1a36aa
tag=7fee0d1, index=0, offset=16aa
Test: L1, a92491f70299d732
tag=70299d, index=39, offset=12
Test: L2, c31a862b421c3b04
tag=5a10e, index=1d8, offset=4
Test: DTLB, ffffffff928c0147
tag=7fc9460, index=0, offset=147
Test: L1, ffffffffeb42c59f
tag=feb42c, index=2c, offset=1f
Test: L2, a6cdcdfe370ef77d
tag=71b87, index=7bb, offset=1d
Test: DTLB, ffffffffdf0467c0
tag=7fef823, index=0, offset=7c0
Test: L1, 671fd6ff4d503a97
tag=f4d503, index=54, offset=17
Test: L2, fffffffff78c3460
tag=7fbc6, index=1a3, offset=0
Test: DTLB, a86a915024802d1
tag=a81240, index=0, offset=2d1
Test: L1, d69d94047c1c94f1
tag=47c1c9, index=27, offset=11
Test: L2, ffffffffbdc01ac0
tag=7dee0, index=d6, offset=0
Test: DTLB, ffffffff906e51f3
tag=7fc8372, index=0, offset=11f3
Test: L1, ffffffffca3ca388
tag=fca3ca, index=1c, offset=8
Test: L2, 4b7cd2702dfb7dd8
tag=16fd, index=bee, offset=18
Test: DTLB, 55f5cf9c43066258
tag=4e21833, index=0, offset=258
Test: L1, f57e06973755b149
tag=73755b, index=a, offset=9
Test: L2, 11fc42076d959479
tag=3b6ca, index=ca3, offset=19
Test: DTLB, ffffffffa600c633
tag=7fd3006, index=0, offset=633
Test: L1, ffffffffebda93ea
tag=febda9, index=1f, offset=a
Test: L2, 59ce102d10f555e1
tag=6887a, index=aaf, offset=1
Test: DTLB, ffffffffd16f25b4
tag=7fe8b79, index=0, offset=5b4
Test: L1, 1bfbe9e561130f9a
tag=561130, index=7c, offset=1a
Test: L2, ffffffffd0a331bb
tag=7e851, index=98d, offset=1b
Test: DTLB, ffffffffdd7d7b32
tag=7feebeb, index=0, offset=1b32
Test: L1, ffffffff8e0ba2b6
[...]
Test: L2, ffffffffd6911566
tag=7eb48, index=8ab, offset=6
Test: DTLB, fffffffffd3e62c4
tag=7ffe9f3, index=0, offset=2c4
Test: L1, da6629e25f686383
tag=25f686, index=1c, offset=3
Test: L2, ffffffffdebea6a3
tag=7ef5f, index=535, offset=3
Test: DTLB, d7e85d8253b141de
tag=4129d8a, index=0, offset=1de
Test: L1, ffffffff952234d8
tag=f95223, index=26, offset=18
Test: L2, 77e83ba14062e136
tag=a031, index=709, offset=16
Test: DTLB, ffffffffa8a3118d
tag=7fd4518, index=0, offset=118d
Test: L1, f396ead3087600c8
tag=308760, index=6, offset=8
Test: L2, fffffffff711f4bf
tag=7fb88, index=fa5, offset=1f
Test: DTLB, a7d19cdb28658e02
tag=6d9432c, index=0, offset=e02
Test: L1, 70f225b40fd1e6cd
tag=40fd1e, index=36, offset=d
Test: L2, ffffffffb05fd9d6
tag=7d82f, index=ece, offset=16
Test: DTLB, 8813867d06531285
tag=3e83298, index=0, offset=1285
Test: L1, ffffffffa0e3984d
tag=fa0e39, index=42, offset=d
Test: L2, 7c9080a2303783ce
tag=1181b, index=c1e, offset=e
Test: DTLB, 2f2ea665051fe2fa
tag=32828ff, index=0, offset=2fa
Test: L1, cca790eb147ac36b
tag=b147ac, index=1b, offset=b
Test: L2, 3ca38a04794d04c7
tag=23ca6, index=826, offset=7
Test: DTLB, ffffffffe9870c8f
tag=7ff4c38, index=0, offset=c8f
Test: L1, ffffffffb55ec0ef
tag=fb55ec, index=7, offset=f
Test: L2, ffffffffabdc36c8
tag=7d5ee, index=1b6, offset=8
Test: DTLB, ffffffffe076ab3a
tag=7ff03b5, index=0, offset=b3a
Test: L1, e5fb2fff37d6f551
tag=f37d6f, index=2a, offset=11
Test: L2, 9c1efc6c0dbc3295
tag=606de, index=194, offset=15
Test: DTLB, 71b675e0705bd458
tag=70382de, index=0, offset=1458
Test: L1, 96c4850e5bf9baa8
tag=e5bf9b, index=55, offset=8
Test: L2, ffffffff92475ffc
tag=7c923, index=aff, offset=1c
Test: DTLB, ffffffffa08cdca8
tag=7fd0466, index=0, offset=1ca8
Test: L1, ffffffffc7e0e949
tag=fc7e0e, index=4a, offset=9
Test: L2, 5d37bf8744ef28fe
tag=3a277, index=947, offset=1e
Test: DTLB, 4d29ec4b162dc009
tag=258b16e, index=0, offset=9
Test: L1, 14bd237005d50e15
tag=5d50, index=70, offset=15
Test: L2, fcf1fe4b13edf368
tag=589f6, index=f9b, offset=8
Test: DTLB, 770e415a1cc7bd59
tag=2d0e63d, index=0, offset=1d59
Test: L1, 9cb8154c3b3ff760
tag=c3b3ff, index=3b, offset=0
Test: L2, ffffffffd9bc1882
tag=7ecde, index=c4, offset=2
Test: DTLB, 694161171865c933
tag=b8c32e, index=0, offset=933
Test: L1, 6b2e09041afee04c
tag=41afee, index=2, offset=c
Test: L2, ae2e524908c8a0b2
tag=48464, index=505, offset=12
Test: DTLB, 7ae2a6d178a8e70d
tag=68bc547, index=0, offset=70d
Test: L1, ffffffffe0fa5f01
tag=fe0fa5, index=78, offset=1
Test: L2, d5b216c303e19804
tag=181f0, index=cc0, offset=4
Test: DTLB, 6ee5ec343978b9ba
tag=1a1cbc5, index=0, offset=19ba
Test: L1, ffffffffc63d9d70
tag=fc63d9, index=6b, offset=10
Test: L2, 207cd9e15f01afe4
tag=af80, index=d7f, offset=4
Test: DTLB, ffffffffb41b06f1
tag=7fda0d8, index=0, offset=6f1
Test: L1, ffffffff9434f212
tag=f9434f, index=10, offset=12
Test: L2, ffffffffb0dd1511
tag=7d86e, index=8a8, offset=11
Test: DTLB, 282b7be70c53a8f
tag=5f38629, index=0, offset=1a8f
Test: L1, fffffffffae08a0f
tag=ffae08, index=50, offset=f
Test: L2, ffffffff84c1d43e
tag=7c260, index=ea1, offset=1e
Test: DTLB, 2f0d6d7d787a7e95
tag=3ebc3d3, index=0, offset=1e95
Test: L1, dde118e32d22501f
tag=32d225, index=0, offset=1f
Test: L2, ffffffffa5006818
tag=7d280, index=340, offset=18
Test: DTLB, 2b2072b00d0d1a24
tag=5806868, index=0, offset=1a24
Test: L1, 9108955235a6bfaa
tag=235a6b, index=7d, offset=a
Test: L2, fffffffffdc9c03f
tag=7fee4, index=e01, offset=1f
Test: DTLB, ffffffffd731120f
tag=7feb988, index=0, offset=120f
Test: L1, 655a8d461f89f26
tag=461f89, index=79, offset=6
Test: L2, ffffffff85d41adb
tag=7c2ea, index=d6, offset=1b
Test: DTLB, ffffffffebcb6dcd
tag=7ff5e5b, index=0, offset=dcd
Test: L1, 80ff71a65db8853f
tag=65db88, index=29, offset=1f
Test: L2, 3d460e4909f9b89d
tag=484fc, index=dc4, offset=1d
Test: DTLB, ffffffffd3d5ffbf
tag=7fe9eaf, index=0, offset=1fbf
Test: L1, ffffffff9ecbdb07
tag=f9ecbd, index=58, offset=7
Test: L2, ffffffffc5129e60
tag=7e289, index=4f3, offset=0
Test: DTLB, ffffffff8ca55575
tag=7fc652a, index=0, offset=1575
Test: L1, ffffffff9bd00501
tag=f9bd00, index=28, offset=1
Test: L2, ffffffffdb49d6aa
tag=7eda4, index=eb5, offset=a
Test: DTLB, ffffffffc6b6a613
tag=7fe35b5, index=0, offset=613
Test: L1, cda20e517e1556d4
tag=17e155, index=36, offset=14
Test: L2, 96d340866417201c
tag=3320b, index=900, offset=1c
Test: DTLB, 3c2cf2625a2ca852
tag=312d165, index=0, offset=852
Test: L1, ffffffffaeb4ad19
tag=faeb4a, index=68, offset=19
Test: L2, ffffffffb83103e3
tag=7dc18, index=81f, offset=3
Test: DTLB, 646c774c2ea8b7f1
tag=2617545, index=0, offset=17f1
Test: L1, ffffffffeaf0dbf0
tag=feaf0d, index=5f, offset=10
Test: L2, 59b79a620c963109
tag=1064b, index=188, offset=9
Test: DTLB, 22a9c6075166e206
tag=3a8b37, index=0, offset=206
Test: L1, fffffffff5b11d64
tag=ff5b11, index=6b, offset=4
Test: L2, ffffffff901c6351
tag=7c80e, index=31a, offset=11
Test: DTLB, 780e665e126914c7
tag=2f09348, index=0, offset=14c7
Test: L1, ffffffffa37cc92e
tag=fa37cc, index=49, offset=e
Test: L2, ffffffff96e5804a
tag=7cb72, index=c02, offset=a
Test: DTLB, ffffffffbdc10d54
tag=7fdee08, index=0, offset=d54
Test: L1, 621746de51191cc5
tag=e51191, index=66, offset=5
Test: L2, ffffffffa44ed32e
tag=7d227, index=699, offset=e
Test: DTLB, ffffffffa8ce502f
tag=7fd4672, index=0, offset=102f
Test: L1, 5e0834ae6bf80992
tag=e6bf80, index=4c, offset=12
Test: L2, ffffffffaaa863d6
tag=7d554, index=31e, offset=16
Test: DTLB, 7a1312a4620498bd
tag=5231024, index=0, offset=18bd
Test: L1, a0baac0e36338db6
tag=e36338, index=6d, offset=16
Test: L2, ffffffffe30bfb78
tag=7f185, index=fdb, offset=18
Test: DTLB, 730b11ae149166c0
tag=570a48b, index=0, offset=6c0
Test: L1, 431a533a3d9cf924
tag=a3d9cf, index=49, offset=4
Test: L2, fadf021550482d60
tag=2a824, index=16b, offset=0
Test: DTLB, fffffffff046f716
tag=7ff8237, index=0, offset=1716
Test: L1, 659e2f2d3bf90d36
tag=d3bf90, index=69, offset=16
Test: L2, d0f43195f9977a4
tag=4afcc, index=bbd, offset=4
Test: DTLB, ffffffffc5130e89
tag=7fe2898, index=0, offset=e89
Test: L1, ffffffff87da7e4d
tag=f87da7, index=72, offset=d
Test: L2, fffffffffe0ec78c
tag=7ff07, index=63c, offset=c
Test: DTLB, fffffffffe580190
tag=7fff2c0, index=0, offset=190
Test: L1, 7d65e52b73bd050b
tag=b73bd0, index=28, offset=b
Test: L2, b272e96c19cb50ea
tag=60ce5, index=a87, offset=a
Test: DTLB, ffffffffffc76cc7
tag=7fffe3b, index=0, offset=cc7
Test: L1, ffffffff8421aac2
tag=f8421a, index=56, offset=2
Test: L2, 74d823d16bd4bab2
tag=b5ea, index=5d5, offset=12
Test: DTLB, 6b29bcbb79f75160
tag=5dbcfba, index=0, offset=1160
Test: L1, ffffffffff2a1cf7
tag=fff2a1, index=67, offset=17
Test: L2, 2a0b0e0e3f9e7388
tag=71fcf, index=39c, offset=8
Test: DTLB, 13761220257974da
tag=1012bcb, index=0, offset=14da
Test: L1, 3f6ae8a822759502
tag=822759, index=28, offset=2
Test: L2, ffffffffab243b59
tag=7d592, index=1da, offset=19
Test: DTLB, ffffffffda9872b3
tag=7fed4c3, index=0, offset=12b3
Test: L1, ffffffff987311bd
tag=f98731, index=d, offset=1d
Test: L2, 277a620e05451b16
tag=702a2, index=8d8, offset=16
Test: DTLB, e723cc447b32731b
tag=223d993, index=0, offset=131b
Test: L1, bd988a806cfc06c8
tag=6cfc0, index=36, offset=8
Test: L2, ffffffff929b1942
tag=7c94d, index=8ca, offset=2
Test: DTLB, fffffffffcc2c049
tag=7ffe616, index=0, offset=49
Test: L1, ffffffffb3d06834
tag=fb3d06, index=41, offset=14
Test: L2, ffffffffbabf10bd
tag=7dd5f, index=885, offset=1d
Test: DTLB, ffffffffd5af3db0
tag=7fead79, index=0, offset=1db0
Test: L1, ffffffff8a196a7b
tag=f8a196, index=53, offset=1b
Test: L2, b20d9014123a87f1
tag=2091d, index=43f, offset=11
Test: DTLB, 6da2fb345f604c59
tag=1a2fb02, index=0, offset=c59
Test: L1, d56fb6a358d88f81
tag=358d88, index=7c, offset=1
Test: L2, ffffffffff63e5c4
tag=7ffb1, index=f2e, offset=4
Test: DTLB, d71af6d02cd0c292
tag=6816686, index=0, offset=292
Test: L1, ffffffffef71ad66
tag=fef71a, index=6b, offset=6
Test: L2, c21a496250773ee
tag=31283, index=b9f, offset=e
Test: DTLB, ffffffff96575f4c
tag=7fcb2ba, index=0, offset=1f4c
Test: L1, ffffffff859df997
tag=f859df, index=4c, offset=17
Test: L2, ffffffff8fa334de
tag=7c7d1, index=9a6, offset=1e
Test: DTLB, beecdf664757aee
tag=7b323ab, index=0, offset=1aee
Test: L1, ffffffffd828dfee
tag=fd828d, index=7f, offset=e
Test: L2, ffffffffac2e742b
tag=7d617, index=3a1, offset=b
Test: DTLB, ffffffffbaebca69
tag=7fdd75e, index=0, offset=a69
Test: L1, ffffffff9f471c38
tag=f9f471, index=61, offset=18
Test: L2, fa96dec97fe760e6
tag=4bff3, index=b07, offset=6
Test: DTLB, ffffffff9efd9907
tag=7fcf7ec, index=0, offset=1907
Test: L1, ffffffffb0a90808
tag=fb0a90, index=40, offset=8
Test: L2, ffffffffc250ee1c
tag=7e128, index=770, offset=1c
Test: DTLB, 9faff09e71382e80
tag=4f389c1, index=0, offset=e80
Test: L1, ffffffffbb7d5517
tag=fbb7d5, index=28, offset=17
Test: L2, ffffffffd333accd
tag=7e999, index=d66, offset=d
Test: DTLB, ffffffffeab73f54
tag=7ff55b9, index=0, offset=1f54
Test: L1, ffffffffd6d9ad49
tag=fd6d9a, index=6a, offset=9
Test: L2, ffffffffbe70d701
tag=7df38, index=6b8, offset=1
Test: DTLB, ffffffffc8fc3c39
tag=7fe47e1, index=0, offset=1c39
Test: L1, ffffffff9299e94a
tag=f9299e, index=4a, offset=a
Test: L2, ffffffffbb11906d
tag=7dd88, index=c83, offset=d
Test: DTLB, 6e3ac20a2cbe65cb
tag=5165f3, index=0, offset=5cb
Test: L1, ffffffff8eb58e76
tag=f8eb58, index=73, offset=16
Test: L2, f49a30ec3ccfea5e
tag=61e67, index=f52, offset=1e
Test: DTLB, ffffffff861f1050
tag=7fc30f8, index=0, offset=1050
Test: L1, ffffffffe37bf406
tag=fe37bf, index=20, offset=6
Test: L2, fffffffff15141a7
tag=7f8a8, index=a0d, offset=7
Test: DTLB, ffffffff89315e6c
tag=7fc498a, index=0, offset=1e6c
Test: L1, 5a7b431e45c2edc3
tag=e45c2e, index=6e, offset=3
Test: L2, 8a026a8154e45cf8
tag=aa72, index=2e7, offset=18
Test: DTLB, 903e958a30eaa83b
tag=4518755, index=0, offset=83b
Test: L1, 5e4f1e18238553
tag=e18238, index=2a, offset=13
Test: L2, ffffffff847c14bb
tag=7c23e, index=a5, offset=1b
Test: DTLB, fffffffff482c91e
tag=7ffa416, index=0, offset=91e
Test: L1, ffffffff8eceb83e
tag=f8eceb, index=41, offset=1e
Test: L2, d269d44436268b8f
tag=21b13, index=45c, offset=f
Test: DTLB, fffffffffa2654c8
tag=7ffd132, index=0, offset=14c8
Test: L1, 47ec8bfe1912d344
tag=e1912d, index=1a, offset=4
Test: L2, 421e96795ddcccbe
tag=4aeee, index=665, offset=1e
Test: DTLB, 5997d7f00a50956d
tag=7805284, index=0, offset=156d
Test: L1, ffffffffbdfae6e0
tag=fbdfae, index=37, offset=0
Test: L2, a10ae7b8436df087
tag=421b6, index=f84, offset=7
Test: DTLB, ffffffffc9be45d6
tag=7fe4df2, index=0, offset=5d6
Test: L1, ffffffffd91fa3a9
tag=fd91fa, index=1d, offset=9
Test: L2, 60bfa7cd148feebd
tag=68a47, index=f75, offset=1d
Test: DTLB, ffffffffcdb5c16a
tag=7fe6dae, index=0, offset=16a
Test: L1, ffffffffe8b0c82e
tag=fe8b0c, index=41, offset=e
Test: L2, 4793d78946762176
tag=4a33b, index=10b, offset=16
Test: DTLB, ffffffff8beb72b6
tag=7fc5f5b, index=0, offset=12b6
Test: L1, a04e6990163e4d4b
tag=163e4, index=6a, offset=b
Test: L2, ffffffff80f23b31
tag=7c079, index=1d9, offset=11
Test: DTLB, 564781666b105fb6
tag=3335882, index=0, offset=1fb6
Test: L1, ffffffffb6c66e9f
tag=fb6c66, index=74, offset=1f
Test: L2, ffffffffd197ea08
tag=7e8cb, index=f50, offset=8
Test: DTLB, ffffffff9c7bce7a
tag=7fce3de, index=0, offset=e7a
Test: L1, ffffffffbd5b7e4a
tag=fbd5b7, index=72, offset=a
Test: L2, e4a8b91c1abc7826
tag=60d5e, index=3c1, offset=6
Test: DTLB, 56f96b96dfaf6a4
tag=5cb6fd7, index=0, offset=16a4
Test: L1, 57ac1b028ea116f
tag=28ea1, index=b, offset=f
Test: L2, 54f7aea470d318ee
tag=23869, index=8c7, offset=e
Test: DTLB, 43b5101776f22476
tag=bbb791, index=0, offset=476
Test: L1, ffffffff888fe18f
tag=f888fe, index=c, offset=f
Test: L2, 4b47c935526f1915
tag=2a937, index=8c8, offset=15
Test: DTLB, ffffffff8bbdc5a9
tag=7fc5dee, index=0, offset=5a9
Test: L1, ffffffffcee65adc
tag=fcee65, index=56, offset=1c
Test: L2, 18abe8fe7278ab81
tag=7393c, index=55c, offset=1
Test: DTLB, 266b44de421bf54a
tag=6f210df, index=0, offset=154a
Test: L1, e6c96b0e5dd200b7
tag=e5dd20, index=5, offset=17
Test: L2, ffffffffd7b66386
tag=7ebdb, index=31c, offset=6
Test: DTLB, fffffffff6f709e2
tag=7ffb7b8, index=0, offset=9e2
Test: L1, ffffffff820d031d
tag=f820d0, index=18, offset=1d
Test: L2, fffffffff7d8bebf
tag=7fbec, index=5f5, offset=1f
Test: DTLB, ffffffffc348fdbf
tag=7fe1a47, index=0, offset=1dbf
Test: L1, ffffffffed59c9cc
tag=fed59c, index=4e, offset=c
Test: L2, 515293661aba658e
tag=30d5d, index=32c, offset=e
Test: DTLB, ffffffffc7c4c164
tag=7fe3e26, index=0, offset=164
Test: L1, ffffffffd258e0ac
tag=fd258e, index=5, offset=c
Test: L2, ffffffffb61fa553
tag=7db0f, index=d2a, offset=13
Test: DTLB, 3f4f62ef13d3b6e0
tag=7789e9d, index=0, offset=16e0
Test: L1, ffffffff80107f3c
tag=f80107, index=79, offset=1c
Test: L2, 1f95a97655262f1f
tag=32a93, index=178, offset=1f
Test: DTLB, ffffffff8187818a
tag=7fc0c3c, index=0, offset=18a
Test: L1, ffffffffe3f55912
tag=fe3f55, index=48, offset=12
Test: L2, ffffffffdd607b5b
tag=7eeb0, index=3da, offset=1b
Test: DTLB, 665626424a1ca6e4
tag=21250e5, index=0, offset=6e4
Test: L1, ffffffffd6a08a4c
tag=fd6a08, index=52, offset=c
Test: L2, b94ce0f53f2acb29
tag=29f95, index=659, offset=9
Test: DTLB, ffffffffba094f2b
tag=7fdd04a, index=0, offset=f2b
Test: L1, ffffffffa2285026
tag=fa2285, index=1, offset=6
Test: L2, 78c353583af71264
tag=41d7b, index=893, offset=4
Test: DTLB, ffffffff9cac9775
tag=7fce564, index=0, offset=1775
Test: L1, ffffffffa514ea74
tag=fa514e, index=53, offset=14
Test: L2, 506d30564cc9011d
tag=32664, index=808, offset=1d
Test: DTLB, ffffffffa9ea4c64
tag=7fd4f52, index=0, offset=c64
Test: L1, ffffffffc2f6e62c
tag=fc2f6e, index=31, offset=c
Test: L2, 1fb6f80944bd5afa
tag=4a25e, index=ad7, offset=1a
Test: DTLB, afec3cc315a4587c
tag=618ad22, index=0, offset=187c
Test: L1, 36e66b2d0088b679
tag=d0088b, index=33, offset=19
Test: L2, ffffffffbf72d725
tag=7dfb9, index=6b9, offset=5
Test: DTLB, ffffffffc6dfcdfa
tag=7fe36fe, index=0, offset=dfa
Test: L1, ffffffffdee7c18a
tag=fdee7c, index=c, offset=a
Test: L2, ffffffffa465811e
tag=7d232, index=c08, offset=1e
Test: DTLB, ffffffffbab5e61b
tag=7fdd5af, index=0, offset=61b
Test: L1, ffffffffca6394d6
tag=fca639, index=26, offset=16
Test: L2, 3d8690aa52fef469
tag=5297f, index=7a3, offset=9
Test: DTLB, 888cbfa871633e77
tag=5438b19, index=0, offset=1e77
Test: L1, ffffffff8691d3f8
tag=f8691d, index=1f, offset=18
Test: L2, bbed7cd542d7b06b
tag=2a16b, index=d83, offset=b
Test: DTLB, f93a6dfa6e691d84
tag=7d37348, index=0, offset=1d84
Test: L1, 8b5f19a773ca3018
tag=773ca3, index=0, offset=18
Test: L2, ffffffffe2bf796b
tag=7f15f, index=bcb, offset=b
Test: DTLB, ffffffffe006a478
tag=7ff0035, index=0, offset=478
Test: L1, ffffffff9cd7a132
tag=f9cd7a, index=9, offset=12
Test: L2, ffffffffc5262f13
tag=7e293, index=178, offset=13
Test: DTLB, ffffffffeed04d4f
tag=7ff7682, index=0, offset=d4f
Test: L1, ffffffffc81df3ca
tag=fc81df, index=1e, offset=a
Test: L2, ffffffffdfbb04c1
tag=7efdd, index=826, offset=1
Test: DTLB, 8d459ac318830b5f
tag=618c418, index=0, offset=b5f
Test: L1, 40f2296640f504ec
tag=640f50, index=27, offset=c
Test: L2, ffffffff966460c1
tag=7cb32, index=306, offset=1
Test: DTLB, 848fefdf3c7e422d
tag=6f9e3f2, index=0, offset=22d
Test: L1, f5436d5f6f1702a1
tag=f6f170, index=15, offset=1
Test: L2, ffffffff9af661a4
tag=7cd7b, index=30d, offset=4
Test: DTLB, 4e8adb2b3ea5989f
tag=159f52c, index=0, offset=189f
Test: L1, ffffffff998e081f
tag=f998e0, index=40, offset=1f
Test: L2, ffffffffd4f543cc
tag=7ea7a, index=a1e, offset=c
Test: DTLB, ecfdac875355997a
tag=43a9aac, index=0, offset=197a
Test: L1, 5a6f9a111794dd49
tag=11794d, index=6a, offset=9
Test: L2, ffffffff8fc5bce4
tag=7c7e2, index=de7, offset=4
Test: DTLB, 233816c1091f1804
tag=60848f8, index=0, offset=1804
Test: L1, ffffffffdee89f4d
tag=fdee89, index=7a, offset=d
Test: L2, 38a53aab1b5bf196
tag=58dad, index=f8c, offset=16
Test: DTLB, d10ef3b04f0e4284
tag=5827872, index=0, offset=284
Test: L1, ffffffffbf5fa32a
tag=fbf5fa, index=19, offset=a
Test: L2, 5e030ea14f4f679
tag=50a7a, index=7b3, offset=19
Test: DTLB, ffffffffbaf84a51
tag=7fdd7c2, index=0, offset=a51
Test: L1, f4dab88b022f1396
tag=b022f1, index=1c, offset=16
Test: L2, fffffffff0d82257
tag=7f86c, index=112, offset=17
Test: DTLB, c3beb72a52751b93
tag=15293a8, index=0, offset=1b93
Test: L1, ffffffffacc56594
tag=facc56, index=2c, offset=14
Test: L2, ffffffff94dec73b
tag=7ca6f, index=639, offset=1b
Test: DTLB, ffffffffba6dc2fa
tag=7fdd36e, index=0, offset=2fa
Test: L1, f0c853eb7a5ee640
tag=b7a5ee, index=32, offset=0
Test: L2, 30a63cf16eefb22e
tag=b777, index=d91, offset=e
Test: DTLB, ffffffffd8c9af4f
tag=7fec64d, index=0, offset=f4f
Test: L1, ffffffffc042cddb
tag=fc042c, index=6e, offset=1b
Test: L2, cccef5fa0efc10a1
tag=5077e, index=85, offset=1
Test: DTLB, 89ada847030b5d7b
tag=238185a, index=0, offset=1d7b
Test: L1, ffffffffb51aa135
tag=fb51aa, index=9, offset=15
Test: L2, c16389c0092abc4a
tag=495, index=5e2, offset=a
Test: DTLB, 74a5b9ca0bcd77ae
tag=6505e6b, index=0, offset=17ae
Test: L1, 94cc8ee3346ce2bb
tag=3346ce, index=15, offset=1b
Test: L2, acec5ace2600e1e3
tag=71300, index=70f, offset=3
Test: DTLB, ffffffff8b6fee6d
tag=7fc5b7f, index=0, offset=e6d
Test: L1, 466bc98410cc94b1
tag=410cc9, index=25, offset=11
Test: L2, ffffffffa42b770b
tag=7d215, index=bb8, offset=b
Test: DTLB, b587cfd428d1b718
tag=6a1468d, index=0, offset=1718
Test: L1, a063a26c184ff79f
tag=c184ff, index=3c, offset=1f
Test: L2, 8fff914f4f0919f8
tag=7a784, index=8cf, offset=18
Test: DTLB, ffffffffd20048ab
tag=7fe9002, index=0, offset=8ab
Test: L1, 42caa91c3919760b
tag=c39197, index=30, offset=b
Test: L2, fffffffffc0775a4
tag=7fe03, index=bad, offset=4
Test: DTLB, 41b033af078abb74
tag=5783c55, index=0, offset=1b74
Test: L1, 9e4db90288e4a26
tag=288e4, index=51, offset=6
Test: L2, ffffffff8a2d589e
tag=7c516, index=ac4, offset=1e
Test: DTLB, 46a5e84a46a9173b
tag=2523548, index=0, offset=173b
Test: L1, ffffffffb6c5d769
tag=fb6c5d, index=3b, offset=9
Test: L2, ffffffffbe0f56d2
tag=7df07, index=ab6, offset=12
Test: DTLB, d8a6b48b4c7dec47
tag=45a63ef, index=0, offset=c47
Test: L1, d609dc0a188163ca
tag=a18816, index=1e, offset=a
Test: L2, c85e73f2596dd4f8
tag=12cb6, index=ea7, offset=18
Test: DTLB, 399c7e0f40d3c7
tag=3f07a06, index=0, offset=13c7
Test: L1, ffffffffa0a644bb
tag=fa0a64, index=25, offset=1b
Test: L2, ffffffffc0b18f26
tag=7e058, index=c79, offset=6
Test: DTLB, 4e3c5d1c313c6d93
tag=e189e3, index=0, offset=d93
Test: L1, ffffffff93b3dbf2
tag=f93b3d, index=5f, offset=12
Test: L2, ffffffffcb5176c1
tag=7e5a8, index=bb6, offset=1
Test: DTLB, 48f4cc341dcad96d
tag=1a0ee56, index=0, offset=196d
Test: L1, 181bc5d929885778
tag=929885, index=3b, offset=18
Test: L2, ffffffffcf938be8
tag=7e7c9, index=c5f, offset=8
Test: DTLB, ffffffffecc8aa7a
tag=7ff6645, index=0, offset=a7a
Test: L1, ffffffffb96d3942
tag=fb96d3, index=4a, offset=2
Test: L2, ffffffff8d303c12
tag=7c698, index=1e0, offset=12
Test: DTLB, 6470c491594503ff
tag=48aca28, index=0, offset=3ff
Test: L1, 72461eca01c5aed3
tag=a01c5a, index=76, offset=13
Test: L2, ffffffffbec5f9b4
tag=7df62, index=fcd, offset=14
Test: DTLB, ffffffffae0b59fb
tag=7fd705a, index=0, offset=19fb
Test: L1, 3eacdad530152299
tag=530152, index=14, offset=19
Test: L2, c27e242209049216
tag=10482, index=490, offset=16
Test: DTLB, fffffffffbab959f
tag=7ffdd5c, index=0, offset=159f
Test: L1, ffffffffde1c3be8
tag=fde1c3, index=5f, offset=8
Test: L2, ffffffffe5d5740f
tag=7f2ea, index=ba0, offset=f
Test: DTLB, ffffffffa3acd390
tag=7fd1d66, index=0, offset=1390
Test: L1, 90caf5d5537fab71
tag=5537fa, index=5b, offset=11
Test: L2, ffffffffcccdf813
tag=7e666, index=fc0, offset=13
Test: DTLB, 361a7be3337d72aa
tag=7199beb, index=0, offset=12aa
Test: L1, 1ab48f7d4f43c359
tag=d4f43c, index=1a, offset=19
Test: L2, ffffffff8a188e42
tag=7c50c, index=472, offset=2
Test: DTLB, ffffffffee31c575
tag=7ff718e, index=0, offset=575
Test: L1, c973bc3c7ea3d0f4
tag=c7ea3d, index=7, offset=14
Test: L2, ffffffff9b79fd5a
tag=7cdbc, index=fea, offset=1a
]]></system-out>
  <system-err><![CDATA[]]></system-err>
</testsuite>
