<?xml version="1.0" encoding="UTF-8" ?>
<testsuite errors="0" failures="0" hostname="kamkin" name="ru.ispras.microtesk.translator.mmu.spec.MmuCalculatorTestCase" skipped="0" tests="1" time="0.017" timestamp="2015-06-22T11:35:57">
  <properties>
[...]
</properties>
  <testcase classname="ru.ispras.microtesk.translator.mmu.spec.MmuCalculatorTestCase" name="runTest" time="0.016" />
  <system-out><![CDATA[Test: width=1234, count=0
Expr: 0
Value: 90dd10383a1cdbdb
Test: width=1, count=64
Expr: {VAR[0], VAR[1], VAR[2], VAR[3], VAR[4], VAR[5], VAR[6], VAR[7], VAR[8], VAR[9], VAR[10], VAR[11], VAR[12], VAR[13], VAR[14], VAR[15], VAR[16], VAR[17], VAR[18], VAR[19], VAR[20], VAR[21], VAR[22], VAR[23], VAR[24], VAR[25], VAR[26], VAR[27], VAR[28], VAR[29], VAR[30], VAR[31], VAR[32], VAR[33], VAR[34], VAR[35], VAR[36], VAR[37], VAR[38], VAR[39], VAR[40], VAR[41], VAR[42], VAR[43], VAR[44], VAR[45], VAR[46], VAR[47], VAR[48], VAR[49], VAR[50], VAR[51], VAR[52], VAR[53], VAR[54], VAR[55], VAR[56], VAR[57], VAR[58], VAR[59], VAR[60], VAR[61], VAR[62], VAR[63]}
Value: ffffffffbf755566
Test: width=2, count=32
Expr: {VAR[0:1], VAR[1:2], VAR[2:3], VAR[3:4], VAR[4:5], VAR[5:6], VAR[6:7], VAR[7:8], VAR[8:9], VAR[9:10], VAR[10:11], VAR[11:12], VAR[12:13], VAR[13:14], VAR[14:15], VAR[15:16], VAR[16:17], VAR[17:18], VAR[18:19], VAR[19:20], VAR[20:21], VAR[21:22], VAR[22:23], VAR[23:24], VAR[24:25], VAR[25:26], VAR[26:27], VAR[27:28], VAR[28:29], VAR[29:30], VAR[30:31], VAR[31:32]}
Value: ffffffffb28b4590
Test: width=3, count=21
Expr: {VAR[0:2], VAR[1:3], VAR[2:4], VAR[3:5], VAR[4:6], VAR[5:7], VAR[6:8], VAR[7:9], VAR[8:10], VAR[9:11], VAR[10:12], VAR[11:13], VAR[12:14], VAR[13:15], VAR[14:16], VAR[15:17], VAR[16:18], VAR[17:19], VAR[18:20], VAR[19:21], VAR[20:22]}
Value: ffffffffa0ffae42
Test: width=4, count=16
Expr: {VAR[0:3], VAR[1:4], VAR[2:5], VAR[3:6], VAR[4:7], VAR[5:8], VAR[6:9], VAR[7:10], VAR[8:11], VAR[9:12], VAR[10:13], VAR[11:14], VAR[12:15], VAR[13:16], VAR[14:17], VAR[15:18]}
Value: ffffffffaf875517
Test: width=5, count=12
Expr: {VAR[0:4], VAR[1:5], VAR[2:6], VAR[3:7], VAR[4:8], VAR[5:9], VAR[6:10], VAR[7:11], VAR[8:12], VAR[9:13], VAR[10:14], VAR[11:15]}
Value: 991bcd0554e69338
Test: width=6, count=10
Expr: {VAR[0:5], VAR[1:6], VAR[2:7], VAR[3:8], VAR[4:9], VAR[5:10], VAR[6:11], VAR[7:12], VAR[8:13], VAR[9:14]}
Value: 4ab57b9c6eba503f
Test: width=7, count=9
Expr: {VAR[0:6], VAR[1:7], VAR[2:8], VAR[3:9], VAR[4:10], VAR[5:11], VAR[6:12], VAR[7:13], VAR[8:14]}
Value: 757f42565e39bf69
Test: width=8, count=8
Expr: {VAR[0:7], VAR[1:8], VAR[2:9], VAR[3:10], VAR[4:11], VAR[5:12], VAR[6:13], VAR[7:14]}
Value: eec886cf56d10b9c
Test: width=9, count=7
Expr: {VAR[0:8], VAR[1:9], VAR[2:10], VAR[3:11], VAR[4:12], VAR[5:13], VAR[6:14]}
Value: ffffffff81e71ddb
Test: width=10, count=6
Expr: {VAR[0:9], VAR[1:10], VAR[2:11], VAR[3:12], VAR[4:13], VAR[5:14]}
Value: 8567b9a75d98adab
Test: width=11, count=5
Expr: {VAR[0:10], VAR[1:11], VAR[2:12], VAR[3:13], VAR[4:14]}
Value: e291bb6f341ece12
Test: width=12, count=5
Expr: {VAR[0:11], VAR[1:12], VAR[2:13], VAR[3:14], VAR[4:15]}
Value: 906e0c1600b012a7
Test: width=13, count=4
Expr: {VAR[0:12], VAR[1:13], VAR[2:14], VAR[3:15]}
Value: d9d604c859e550c5
Test: width=14, count=4
Expr: {VAR[0:13], VAR[1:14], VAR[2:15], VAR[3:16]}
Value: ffffffff88ac3ff6
Test: width=15, count=4
Expr: {VAR[0:14], VAR[1:15], VAR[2:16], VAR[3:17]}
Value: ab84b5877dd09d84
Test: width=16, count=4
Expr: {VAR[0:15], VAR[1:16], VAR[2:17], VAR[3:18]}
Value: 43fc101b25e2ec88
Test: width=17, count=3
Expr: {VAR[0:16], VAR[1:17], VAR[2:18]}
Value: ffffffffe9ca25e0
Test: width=18, count=3
Expr: {VAR[0:17], VAR[1:18], VAR[2:19]}
Value: ffffffff866beb31
Test: width=19, count=3
Expr: {VAR[0:18], VAR[1:19], VAR[2:20]}
Value: d812196c4bdb9cc7
Test: width=20, count=3
Expr: {VAR[0:19], VAR[1:20], VAR[2:21]}
Value: ffffffffe94510ae
Test: width=21, count=3
Expr: {VAR[0:20], VAR[1:21], VAR[2:22]}
Value: ffffffffb07eb8a8
Test: width=22, count=2
Expr: {VAR[0:21], VAR[1:22]}
Value: ffffffff88e1eb22
Test: width=23, count=2
Expr: {VAR[0:22], VAR[1:23]}
Value: 126f36f2577bfdaf
Test: width=24, count=2
Expr: {VAR[0:23], VAR[1:24]}
Value: d0d8f8f7d218e7f
Test: width=25, count=2
Expr: {VAR[0:24], VAR[1:25]}
Value: ffffffffdfaa5513
Test: width=26, count=2
Expr: {VAR[0:25], VAR[1:26]}
Value: ffffffffad1fb7ef
Test: width=27, count=2
Expr: {VAR[0:26], VAR[1:27]}
Value: ffffffffac83b5ff
Test: width=28, count=2
Expr: {VAR[0:27], VAR[1:28]}
Value: ffffffffe7927a5d
Test: width=29, count=2
Expr: {VAR[0:28], VAR[1:29]}
Value: ffffffff9d4285a3
Test: width=30, count=2
Expr: {VAR[0:29], VAR[1:30]}
Value: cd0ba8b7443a01be
Test: width=31, count=2
Expr: {VAR[0:30], VAR[1:31]}
Value: 680c94fa08377344
Test: width=32, count=2
Expr: {VAR[0:31], VAR[1:32]}
Value: ffffffffb3c4bcea
Test: width=33, count=1
Expr: VAR[0:32]
Value: ffffffffea322024
Test: width=34, count=1
Expr: VAR[0:33]
Value: b75ea8a31d697578
Test: width=35, count=1
Expr: VAR[0:34]
Value: ffffffffb842269e
Test: width=36, count=1
Expr: VAR[0:35]
Value: c5e3936b4cbcd87f
Test: width=37, count=1
Expr: VAR[0:36]
Value: ffffffffaa19a45a
Test: width=38, count=1
Expr: VAR[0:37]
Value: ffffffff93797259
Test: width=39, count=1
Expr: VAR[0:38]
Value: 9f6500c11c62f791
Test: width=40, count=1
Expr: VAR[0:39]
Value: 7f43373551c5de2d
Test: width=41, count=1
Expr: VAR[0:40]
Value: 9aed867a6b4db6d4
Test: width=42, count=1
Expr: VAR[0:41]
Value: ffffffffe46f9715
Test: width=43, count=1
Expr: VAR[0:42]
Value: 657330aa5a3701f3
Test: width=44, count=1
Expr: VAR[0:43]
Value: fffffffff0264c61
Test: width=45, count=1
Expr: VAR[0:44]
Value: ffffffffd180d36f
Test: width=46, count=1
Expr: VAR[0:45]
Value: ffffffffc5f8ebe4
Test: width=47, count=1
Expr: VAR[0:46]
Value: ffffffffd8c5d24b
Test: width=48, count=1
Expr: VAR[0:47]
Value: ffffffff9b277bb9
Test: width=49, count=1
Expr: VAR[0:48]
Value: ffffffff803eff49
Test: width=50, count=1
Expr: VAR[0:49]
Value: ffffffff8ee4385b
Test: width=51, count=1
Expr: VAR[0:50]
Value: f7d9a6e469563008
Test: width=52, count=1
Expr: VAR[0:51]
Value: ffffffffeab59b00
Test: width=53, count=1
Expr: VAR[0:52]
Value: ffffffff96a50b98
Test: width=54, count=1
Expr: VAR[0:53]
Value: ffffffffb8f4cd7c
Test: width=55, count=1
Expr: VAR[0:54]
Value: ffffffffde087b60
Test: width=56, count=1
Expr: VAR[0:55]
Value: ffffffffe21e32c5
Test: width=57, count=1
Expr: VAR[0:56]
Value: 6981d0fb1a949721
Test: width=58, count=1
Expr: VAR[0:57]
Value: ffffffffa56ffed2
Test: width=59, count=1
Expr: VAR[0:58]
Value: 37407601387909ef
Test: width=60, count=1
Expr: VAR[0:59]
Value: ffffffffb2d38082
Test: width=61, count=1
Expr: VAR[0:60]
Value: 90036c9533592eb4
Test: width=62, count=1
Expr: VAR[0:61]
Value: ffffffffdd5bbac5
Test: width=63, count=1
Expr: VAR[0:62]
Value: 3e6acdd51cb8a312
Test: width=64, count=1
Expr: VAR
Value: ffffffffa001f7c9
]]></system-out>
  <system-err><![CDATA[]]></system-err>
</testsuite>
